04 08, 2023 09:42:32 上午 cn.how2j.diytomcat.catalina.Context <init>
INFO : Deploying web application directory D:\project\diytomcat\webapps\a
04 08, 2023 09:42:32 上午 cn.how2j.diytomcat.catalina.Context <init>
INFO : Deployment of web application directory D:\project\diytomcat\webapps\a has finished in 122 ms
04 08, 2023 09:42:32 上午 cn.how2j.diytomcat.catalina.Context <init>
INFO : Deploying web application directory D:\project\diytomcat\webapps\j2ee
04 08, 2023 09:42:32 上午 cn.how2j.diytomcat.catalina.Context <init>
INFO : Deployment of web application directory D:\project\diytomcat\webapps\j2ee has finished in 5 ms
04 08, 2023 09:42:32 上午 cn.how2j.diytomcat.catalina.Context <init>
INFO : Deploying web application directory D:\project\diytomcat\webapps\ROOT
04 08, 2023 09:42:32 上午 cn.how2j.diytomcat.catalina.Context <init>
INFO : Deployment of web application directory D:\project\diytomcat\webapps\ROOT has finished in 2 ms
04 08, 2023 09:42:32 上午 cn.how2j.diytomcat.catalina.Context <init>
INFO : Deploying web application directory d:/project/diytomcat/b
04 08, 2023 09:42:32 上午 cn.how2j.diytomcat.catalina.Context <init>
INFO : Deployment of web application directory d:/project/diytomcat/b has finished in 1 ms
04 08, 2023 09:42:32 上午 cn.how2j.diytomcat.catalina.Context <init>
INFO : Deploying web application directory d:/project/javaweb/web
04 08, 2023 09:42:32 上午 cn.how2j.diytomcat.catalina.Context <init>
INFO : Deployment of web application directory d:/project/javaweb/web has finished in 12 ms
04 08, 2023 09:42:32 上午 cn.how2j.diytomcat.catalina.Server logJVM
INFO : Server version:		How2J DiyTomcat/1.0.1
04 08, 2023 09:42:32 上午 cn.how2j.diytomcat.catalina.Server logJVM
INFO : Server built:		2020-04-08 10:20:22
04 08, 2023 09:42:32 上午 cn.how2j.diytomcat.catalina.Server logJVM
INFO : Server number:		1.0.1
04 08, 2023 09:42:32 上午 cn.how2j.diytomcat.catalina.Server logJVM
INFO : OS Name	:		Windows 10
04 08, 2023 09:42:32 上午 cn.how2j.diytomcat.catalina.Server logJVM
INFO : OS Version:		10.0
04 08, 2023 09:42:32 上午 cn.how2j.diytomcat.catalina.Server logJVM
INFO : Architecture:		x86
04 08, 2023 09:42:32 上午 cn.how2j.diytomcat.catalina.Server logJVM
INFO : Java Home:		D:\soft\Java\jdk-8\jre
04 08, 2023 09:42:32 上午 cn.how2j.diytomcat.catalina.Server logJVM
INFO : JVM Version:		1.8.0_65-b17
04 08, 2023 09:42:32 上午 cn.how2j.diytomcat.catalina.Server logJVM
INFO : JVM Vendor:		Oracle Corporation
04 08, 2023 09:42:32 上午 cn.how2j.diytomcat.catalina.Connector init
INFO : Initializing ProtocolHandler [http-bio-18080]
04 08, 2023 09:42:32 上午 cn.how2j.diytomcat.catalina.Connector init
INFO : Initializing ProtocolHandler [http-bio-18081]
04 08, 2023 09:42:32 上午 cn.how2j.diytomcat.catalina.Connector init
INFO : Initializing ProtocolHandler [http-bio-18082]
04 08, 2023 09:42:32 上午 cn.how2j.diytomcat.catalina.Service init
INFO : Initialization processed in 0 ms
04 08, 2023 09:42:32 上午 cn.how2j.diytomcat.catalina.Connector start
INFO : Starting ProtocolHandler [http-bio-18080]
04 08, 2023 09:42:32 上午 cn.how2j.diytomcat.catalina.Connector start
INFO : Starting ProtocolHandler [http-bio-18081]
04 08, 2023 09:42:32 上午 cn.how2j.diytomcat.catalina.Connector start
INFO : Starting ProtocolHandler [http-bio-18082]
04 08, 2023 09:42:32 上午 cn.how2j.diytomcat.catalina.Server start
INFO : Server startup in 3 ms
04 08, 2023 09:47:17 上午 cn.how2j.diytomcat.watcher.ContextFileChangeWatcher$1 dealWith
INFO : cn.how2j.diytomcat.watcher.ContextFileChangeWatcher@137a045 检测到了Web应用下的重要文件变化 web.xml~ 
04 08, 2023 09:47:17 上午 cn.how2j.diytomcat.catalina.Host reload
INFO : Reloading Context with name [/javaweb] has started
04 08, 2023 09:47:17 上午 cn.how2j.diytomcat.catalina.Context <init>
INFO : Deploying web application directory d:/project/javaweb/web
04 08, 2023 09:47:17 上午 cn.how2j.diytomcat.catalina.Context <init>
INFO : Deployment of web application directory d:/project/javaweb/web has finished in 14 ms
04 08, 2023 09:47:17 上午 cn.how2j.diytomcat.catalina.Host reload
INFO : Reloading Context with name [/javaweb] has completed
04 08, 2023 09:58:33 上午 cn.how2j.diytomcat.catalina.Context <init>
INFO : Deploying web application directory D:\project\diytomcat\webapps\a
04 08, 2023 09:58:33 上午 cn.how2j.diytomcat.catalina.Context <init>
INFO : Deployment of web application directory D:\project\diytomcat\webapps\a has finished in 74 ms
04 08, 2023 09:58:33 上午 cn.how2j.diytomcat.catalina.Context <init>
INFO : Deploying web application directory D:\project\diytomcat\webapps\j2ee
04 08, 2023 09:58:33 上午 cn.how2j.diytomcat.catalina.Context <init>
INFO : Deployment of web application directory D:\project\diytomcat\webapps\j2ee has finished in 4 ms
04 08, 2023 09:58:33 上午 cn.how2j.diytomcat.catalina.Context <init>
INFO : Deploying web application directory D:\project\diytomcat\webapps\ROOT
04 08, 2023 09:58:33 上午 cn.how2j.diytomcat.catalina.Context <init>
INFO : Deployment of web application directory D:\project\diytomcat\webapps\ROOT has finished in 1 ms
04 08, 2023 09:58:33 上午 cn.how2j.diytomcat.catalina.Context <init>
INFO : Deploying web application directory d:/project/diytomcat/b
04 08, 2023 09:58:33 上午 cn.how2j.diytomcat.catalina.Context <init>
INFO : Deployment of web application directory d:/project/diytomcat/b has finished in 1 ms
04 08, 2023 09:58:33 上午 cn.how2j.diytomcat.catalina.Context <init>
INFO : Deploying web application directory d:/project/javaweb/web
04 08, 2023 09:58:33 上午 cn.how2j.diytomcat.catalina.Context <init>
INFO : Deployment of web application directory d:/project/javaweb/web has finished in 10 ms
04 08, 2023 09:58:33 上午 cn.how2j.diytomcat.catalina.Server logJVM
INFO : Server version:		How2J DiyTomcat/1.0.1
04 08, 2023 09:58:33 上午 cn.how2j.diytomcat.catalina.Server logJVM
INFO : Server built:		2020-04-08 10:20:22
04 08, 2023 09:58:33 上午 cn.how2j.diytomcat.catalina.Server logJVM
INFO : Server number:		1.0.1
04 08, 2023 09:58:33 上午 cn.how2j.diytomcat.catalina.Server logJVM
INFO : OS Name	:		Windows 10
04 08, 2023 09:58:33 上午 cn.how2j.diytomcat.catalina.Server logJVM
INFO : OS Version:		10.0
04 08, 2023 09:58:33 上午 cn.how2j.diytomcat.catalina.Server logJVM
INFO : Architecture:		x86
04 08, 2023 09:58:33 上午 cn.how2j.diytomcat.catalina.Server logJVM
INFO : Java Home:		D:\soft\Java\jdk-8\jre
04 08, 2023 09:58:33 上午 cn.how2j.diytomcat.catalina.Server logJVM
INFO : JVM Version:		1.8.0_65-b17
04 08, 2023 09:58:33 上午 cn.how2j.diytomcat.catalina.Server logJVM
INFO : JVM Vendor:		Oracle Corporation
04 08, 2023 09:58:33 上午 cn.how2j.diytomcat.catalina.Connector init
INFO : Initializing ProtocolHandler [http-bio-18080]
04 08, 2023 09:58:33 上午 cn.how2j.diytomcat.catalina.Connector init
INFO : Initializing ProtocolHandler [http-bio-18081]
04 08, 2023 09:58:33 上午 cn.how2j.diytomcat.catalina.Connector init
INFO : Initializing ProtocolHandler [http-bio-18082]
04 08, 2023 09:58:33 上午 cn.how2j.diytomcat.catalina.Service init
INFO : Initialization processed in 0 ms
04 08, 2023 09:58:33 上午 cn.how2j.diytomcat.catalina.Connector start
INFO : Starting ProtocolHandler [http-bio-18080]
04 08, 2023 09:58:33 上午 cn.how2j.diytomcat.catalina.Connector start
INFO : Starting ProtocolHandler [http-bio-18081]
04 08, 2023 09:58:33 上午 cn.how2j.diytomcat.catalina.Connector start
INFO : Starting ProtocolHandler [http-bio-18082]
04 08, 2023 09:58:33 上午 cn.how2j.diytomcat.catalina.Server start
INFO : Server startup in 3 ms
04 08, 2023 09:58:36 上午 cn.how2j.diytomcat.catalina.HttpProcessor error
ERROR: java.lang.ClassNotFoundException: cn.how2j.javaweb.SetCookieServlet
java.lang.RuntimeException: java.lang.ClassNotFoundException: cn.how2j.javaweb.SetCookieServlet
	at cn.how2j.diytomcat.servlets.InvokerServlet.service(InvokerServlet.java:41)
	at cn.how2j.diytomcat.catalina.HttpProcessor.execute(HttpProcessor.java:34)
	at cn.how2j.diytomcat.catalina.Connector.lambda$run$0(Connector.java:40)
	at java.util.concurrent.ThreadPoolExecutor.runWorker(ThreadPoolExecutor.java:1142)
	at java.util.concurrent.ThreadPoolExecutor$Worker.run(ThreadPoolExecutor.java:617)
	at java.lang.Thread.run(Thread.java:745)
Caused by: java.lang.ClassNotFoundException: cn.how2j.javaweb.SetCookieServlet
	at java.net.URLClassLoader.findClass(URLClassLoader.java:381)
	at java.lang.ClassLoader.loadClass(ClassLoader.java:424)
	at java.lang.ClassLoader.loadClass(ClassLoader.java:357)
	at cn.how2j.diytomcat.servlets.InvokerServlet.service(InvokerServlet.java:35)
	... 5 more
04 08, 2023 09:58:48 上午 cn.how2j.diytomcat.catalina.HttpProcessor error
ERROR: java.lang.ClassNotFoundException: cn.how2j.javaweb.SetCookieServlet
java.lang.RuntimeException: java.lang.ClassNotFoundException: cn.how2j.javaweb.SetCookieServlet
	at cn.how2j.diytomcat.servlets.InvokerServlet.service(InvokerServlet.java:41)
	at cn.how2j.diytomcat.catalina.HttpProcessor.execute(HttpProcessor.java:34)
	at cn.how2j.diytomcat.catalina.Connector.lambda$run$0(Connector.java:40)
	at java.util.concurrent.ThreadPoolExecutor.runWorker(ThreadPoolExecutor.java:1142)
	at java.util.concurrent.ThreadPoolExecutor$Worker.run(ThreadPoolExecutor.java:617)
	at java.lang.Thread.run(Thread.java:745)
Caused by: java.lang.ClassNotFoundException: cn.how2j.javaweb.SetCookieServlet
	at java.net.URLClassLoader.findClass(URLClassLoader.java:381)
	at java.lang.ClassLoader.loadClass(ClassLoader.java:424)
	at java.lang.ClassLoader.loadClass(ClassLoader.java:357)
	at cn.how2j.diytomcat.servlets.InvokerServlet.service(InvokerServlet.java:35)
	... 5 more
04 08, 2023 09:58:48 上午 cn.how2j.diytomcat.catalina.HttpProcessor error
ERROR: this is a deliberately created exception
java.lang.RuntimeException: this is a deliberately created exception
	at cn.how2j.diytomcat.servlets.DefaultServlet.service(DefaultServlet.java:40)
	at cn.how2j.diytomcat.catalina.HttpProcessor.execute(HttpProcessor.java:36)
	at cn.how2j.diytomcat.catalina.Connector.lambda$run$0(Connector.java:40)
	at java.util.concurrent.ThreadPoolExecutor.runWorker(ThreadPoolExecutor.java:1142)
	at java.util.concurrent.ThreadPoolExecutor$Worker.run(ThreadPoolExecutor.java:617)
	at java.lang.Thread.run(Thread.java:745)
04 08, 2023 09:59:46 上午 cn.how2j.diytomcat.watcher.ContextFileChangeWatcher$1 dealWith
INFO : cn.how2j.diytomcat.watcher.ContextFileChangeWatcher@137a045 检测到了Web应用下的重要文件变化 ParamServlet.class 
04 08, 2023 09:59:46 上午 cn.how2j.diytomcat.catalina.Host reload
INFO : Reloading Context with name [/javaweb] has started
04 08, 2023 09:59:46 上午 cn.how2j.diytomcat.catalina.Context <init>
INFO : Deploying web application directory d:/project/javaweb/web
04 08, 2023 09:59:46 上午 cn.how2j.diytomcat.catalina.Context <init>
INFO : Deployment of web application directory d:/project/javaweb/web has finished in 4 ms
04 08, 2023 09:59:46 上午 cn.how2j.diytomcat.catalina.Host reload
INFO : Reloading Context with name [/javaweb] has completed
04 08, 2023 09:59:47 上午 cn.how2j.diytomcat.watcher.ContextFileChangeWatcher$1 dealWith
INFO : cn.how2j.diytomcat.watcher.ContextFileChangeWatcher@1b7a7f3 检测到了Web应用下的重要文件变化 ParamServlet.class 
04 08, 2023 09:59:47 上午 cn.how2j.diytomcat.catalina.Host reload
INFO : Reloading Context with name [/javaweb] has started
04 08, 2023 09:59:47 上午 cn.how2j.diytomcat.catalina.Context <init>
INFO : Deploying web application directory d:/project/javaweb/web
04 08, 2023 09:59:47 上午 cn.how2j.diytomcat.catalina.Context <init>
INFO : Deployment of web application directory d:/project/javaweb/web has finished in 5 ms
04 08, 2023 09:59:47 上午 cn.how2j.diytomcat.catalina.Host reload
INFO : Reloading Context with name [/javaweb] has completed
04 08, 2023 10:02:21 上午 cn.how2j.diytomcat.catalina.Context <init>
INFO : Deploying web application directory D:\project\diytomcat\webapps\a
04 08, 2023 10:02:21 上午 cn.how2j.diytomcat.catalina.Context <init>
INFO : Deployment of web application directory D:\project\diytomcat\webapps\a has finished in 91 ms
04 08, 2023 10:02:21 上午 cn.how2j.diytomcat.catalina.Context <init>
INFO : Deploying web application directory D:\project\diytomcat\webapps\j2ee
04 08, 2023 10:02:21 上午 cn.how2j.diytomcat.catalina.Context <init>
INFO : Deployment of web application directory D:\project\diytomcat\webapps\j2ee has finished in 4 ms
04 08, 2023 10:02:21 上午 cn.how2j.diytomcat.catalina.Context <init>
INFO : Deploying web application directory D:\project\diytomcat\webapps\ROOT
04 08, 2023 10:02:21 上午 cn.how2j.diytomcat.catalina.Context <init>
INFO : Deployment of web application directory D:\project\diytomcat\webapps\ROOT has finished in 1 ms
04 08, 2023 10:02:21 上午 cn.how2j.diytomcat.catalina.Context <init>
INFO : Deploying web application directory d:/project/diytomcat/b
04 08, 2023 10:02:21 上午 cn.how2j.diytomcat.catalina.Context <init>
INFO : Deployment of web application directory d:/project/diytomcat/b has finished in 0 ms
04 08, 2023 10:02:21 上午 cn.how2j.diytomcat.catalina.Context <init>
INFO : Deploying web application directory d:/project/javaweb/web
04 08, 2023 10:02:21 上午 cn.how2j.diytomcat.catalina.Context <init>
INFO : Deployment of web application directory d:/project/javaweb/web has finished in 10 ms
04 08, 2023 10:02:21 上午 cn.how2j.diytomcat.catalina.Server logJVM
INFO : Server version:		How2J DiyTomcat/1.0.1
04 08, 2023 10:02:21 上午 cn.how2j.diytomcat.catalina.Server logJVM
INFO : Server built:		2020-04-08 10:20:22
04 08, 2023 10:02:21 上午 cn.how2j.diytomcat.catalina.Server logJVM
INFO : Server number:		1.0.1
04 08, 2023 10:02:21 上午 cn.how2j.diytomcat.catalina.Server logJVM
INFO : OS Name	:		Windows 10
04 08, 2023 10:02:21 上午 cn.how2j.diytomcat.catalina.Server logJVM
INFO : OS Version:		10.0
04 08, 2023 10:02:21 上午 cn.how2j.diytomcat.catalina.Server logJVM
INFO : Architecture:		x86
04 08, 2023 10:02:21 上午 cn.how2j.diytomcat.catalina.Server logJVM
INFO : Java Home:		D:\soft\Java\jdk-8\jre
04 08, 2023 10:02:21 上午 cn.how2j.diytomcat.catalina.Server logJVM
INFO : JVM Version:		1.8.0_65-b17
04 08, 2023 10:02:21 上午 cn.how2j.diytomcat.catalina.Server logJVM
INFO : JVM Vendor:		Oracle Corporation
04 08, 2023 10:02:21 上午 cn.how2j.diytomcat.catalina.Connector init
INFO : Initializing ProtocolHandler [http-bio-18080]
04 08, 2023 10:02:21 上午 cn.how2j.diytomcat.catalina.Connector init
INFO : Initializing ProtocolHandler [http-bio-18081]
04 08, 2023 10:02:21 上午 cn.how2j.diytomcat.catalina.Connector init
INFO : Initializing ProtocolHandler [http-bio-18082]
04 08, 2023 10:02:21 上午 cn.how2j.diytomcat.catalina.Service init
INFO : Initialization processed in 0 ms
04 08, 2023 10:02:21 上午 cn.how2j.diytomcat.catalina.Connector start
INFO : Starting ProtocolHandler [http-bio-18080]
04 08, 2023 10:02:21 上午 cn.how2j.diytomcat.catalina.Connector start
INFO : Starting ProtocolHandler [http-bio-18081]
04 08, 2023 10:02:21 上午 cn.how2j.diytomcat.catalina.Connector start
INFO : Starting ProtocolHandler [http-bio-18082]
04 08, 2023 10:02:21 上午 cn.how2j.diytomcat.catalina.Server start
INFO : Server startup in 5 ms
04 08, 2023 10:24:48 上午 cn.how2j.diytomcat.watcher.ContextFileChangeWatcher$1 dealWith
INFO : cn.how2j.diytomcat.watcher.ContextFileChangeWatcher@cd5356 检测到了Web应用下的重要文件变化 web.xml~ 
04 08, 2023 10:24:48 上午 cn.how2j.diytomcat.catalina.Host reload
INFO : Reloading Context with name [/javaweb] has started
04 08, 2023 10:24:48 上午 cn.how2j.diytomcat.catalina.Context <init>
INFO : Deploying web application directory d:/project/javaweb/web
04 08, 2023 10:24:48 上午 cn.how2j.diytomcat.catalina.Context <init>
INFO : Deployment of web application directory d:/project/javaweb/web has finished in 23 ms
04 08, 2023 10:24:48 上午 cn.how2j.diytomcat.catalina.Host reload
INFO : Reloading Context with name [/javaweb] has completed
04 08, 2023 10:26:25 上午 cn.how2j.diytomcat.catalina.Context <init>
INFO : Deploying web application directory D:\project\diytomcat\webapps\a
04 08, 2023 10:26:25 上午 cn.how2j.diytomcat.catalina.Context <init>
INFO : Deployment of web application directory D:\project\diytomcat\webapps\a has finished in 99 ms
04 08, 2023 10:26:25 上午 cn.how2j.diytomcat.catalina.Context <init>
INFO : Deploying web application directory D:\project\diytomcat\webapps\j2ee
04 08, 2023 10:26:25 上午 cn.how2j.diytomcat.catalina.Context <init>
INFO : Deployment of web application directory D:\project\diytomcat\webapps\j2ee has finished in 6 ms
04 08, 2023 10:26:25 上午 cn.how2j.diytomcat.catalina.Context <init>
INFO : Deploying web application directory D:\project\diytomcat\webapps\ROOT
04 08, 2023 10:26:25 上午 cn.how2j.diytomcat.catalina.Context <init>
INFO : Deployment of web application directory D:\project\diytomcat\webapps\ROOT has finished in 2 ms
04 08, 2023 10:26:25 上午 cn.how2j.diytomcat.catalina.Context <init>
INFO : Deploying web application directory d:/project/diytomcat/b
04 08, 2023 10:26:25 上午 cn.how2j.diytomcat.catalina.Context <init>
INFO : Deployment of web application directory d:/project/diytomcat/b has finished in 2 ms
04 08, 2023 10:26:25 上午 cn.how2j.diytomcat.catalina.Context <init>
INFO : Deploying web application directory d:/project/javaweb/web
04 08, 2023 10:26:25 上午 cn.how2j.diytomcat.catalina.Context <init>
INFO : Deployment of web application directory d:/project/javaweb/web has finished in 15 ms
04 08, 2023 10:26:25 上午 cn.how2j.diytomcat.catalina.Server logJVM
INFO : Server version:		How2J DiyTomcat/1.0.1
04 08, 2023 10:26:25 上午 cn.how2j.diytomcat.catalina.Server logJVM
INFO : Server built:		2020-04-08 10:20:22
04 08, 2023 10:26:25 上午 cn.how2j.diytomcat.catalina.Server logJVM
INFO : Server number:		1.0.1
04 08, 2023 10:26:25 上午 cn.how2j.diytomcat.catalina.Server logJVM
INFO : OS Name	:		Windows 10
04 08, 2023 10:26:25 上午 cn.how2j.diytomcat.catalina.Server logJVM
INFO : OS Version:		10.0
04 08, 2023 10:26:25 上午 cn.how2j.diytomcat.catalina.Server logJVM
INFO : Architecture:		x86
04 08, 2023 10:26:25 上午 cn.how2j.diytomcat.catalina.Server logJVM
INFO : Java Home:		D:\soft\Java\jdk-8\jre
04 08, 2023 10:26:25 上午 cn.how2j.diytomcat.catalina.Server logJVM
INFO : JVM Version:		1.8.0_65-b17
04 08, 2023 10:26:25 上午 cn.how2j.diytomcat.catalina.Server logJVM
INFO : JVM Vendor:		Oracle Corporation
04 08, 2023 10:26:25 上午 cn.how2j.diytomcat.catalina.Connector init
INFO : Initializing ProtocolHandler [http-bio-18080]
04 08, 2023 10:26:25 上午 cn.how2j.diytomcat.catalina.Connector init
INFO : Initializing ProtocolHandler [http-bio-18081]
04 08, 2023 10:26:25 上午 cn.how2j.diytomcat.catalina.Connector init
INFO : Initializing ProtocolHandler [http-bio-18082]
04 08, 2023 10:26:25 上午 cn.how2j.diytomcat.catalina.Service init
INFO : Initialization processed in 0 ms
04 08, 2023 10:26:25 上午 cn.how2j.diytomcat.catalina.Connector start
INFO : Starting ProtocolHandler [http-bio-18080]
04 08, 2023 10:26:25 上午 cn.how2j.diytomcat.catalina.Connector start
INFO : Starting ProtocolHandler [http-bio-18081]
04 08, 2023 10:26:25 上午 cn.how2j.diytomcat.catalina.Connector start
INFO : Starting ProtocolHandler [http-bio-18082]
04 08, 2023 10:26:25 上午 cn.how2j.diytomcat.catalina.Server start
INFO : Server startup in 4 ms
04 08, 2023 10:26:59 上午 cn.how2j.diytomcat.watcher.ContextFileChangeWatcher$1 dealWith
INFO : cn.how2j.diytomcat.watcher.ContextFileChangeWatcher@137a045 检测到了Web应用下的重要文件变化 SetCookieServlet.class 
04 08, 2023 10:26:59 上午 cn.how2j.diytomcat.catalina.Host reload
INFO : Reloading Context with name [/javaweb] has started
04 08, 2023 10:26:59 上午 cn.how2j.diytomcat.catalina.Context <init>
INFO : Deploying web application directory d:/project/javaweb/web
04 08, 2023 10:26:59 上午 cn.how2j.diytomcat.catalina.Context <init>
INFO : Deployment of web application directory d:/project/javaweb/web has finished in 6 ms
04 08, 2023 10:26:59 上午 cn.how2j.diytomcat.catalina.Host reload
INFO : Reloading Context with name [/javaweb] has completed
04 08, 2023 10:27:01 上午 cn.how2j.diytomcat.watcher.ContextFileChangeWatcher$1 dealWith
INFO : cn.how2j.diytomcat.watcher.ContextFileChangeWatcher@1acecd2 检测到了Web应用下的重要文件变化 GetCookieServlet.class 
04 08, 2023 10:27:01 上午 cn.how2j.diytomcat.catalina.Host reload
INFO : Reloading Context with name [/javaweb] has started
04 08, 2023 10:27:01 上午 cn.how2j.diytomcat.catalina.Context <init>
INFO : Deploying web application directory d:/project/javaweb/web
04 08, 2023 10:27:01 上午 cn.how2j.diytomcat.catalina.Context <init>
INFO : Deployment of web application directory d:/project/javaweb/web has finished in 5 ms
04 08, 2023 10:27:01 上午 cn.how2j.diytomcat.catalina.Host reload
INFO : Reloading Context with name [/javaweb] has completed
04 08, 2023 10:28:53 上午 cn.how2j.diytomcat.catalina.Context <init>
INFO : Deploying web application directory D:\project\diytomcat\webapps\a
04 08, 2023 10:28:53 上午 cn.how2j.diytomcat.catalina.Context <init>
INFO : Deployment of web application directory D:\project\diytomcat\webapps\a has finished in 105 ms
04 08, 2023 10:28:53 上午 cn.how2j.diytomcat.catalina.Context <init>
INFO : Deploying web application directory D:\project\diytomcat\webapps\j2ee
04 08, 2023 10:28:53 上午 cn.how2j.diytomcat.catalina.Context <init>
INFO : Deployment of web application directory D:\project\diytomcat\webapps\j2ee has finished in 4 ms
04 08, 2023 10:28:53 上午 cn.how2j.diytomcat.catalina.Context <init>
INFO : Deploying web application directory D:\project\diytomcat\webapps\ROOT
04 08, 2023 10:28:53 上午 cn.how2j.diytomcat.catalina.Context <init>
INFO : Deployment of web application directory D:\project\diytomcat\webapps\ROOT has finished in 1 ms
04 08, 2023 10:28:53 上午 cn.how2j.diytomcat.catalina.Context <init>
INFO : Deploying web application directory d:/project/diytomcat/b
04 08, 2023 10:28:53 上午 cn.how2j.diytomcat.catalina.Context <init>
INFO : Deployment of web application directory d:/project/diytomcat/b has finished in 1 ms
04 08, 2023 10:28:53 上午 cn.how2j.diytomcat.catalina.Context <init>
INFO : Deploying web application directory d:/project/javaweb/web
04 08, 2023 10:28:53 上午 cn.how2j.diytomcat.catalina.Context <init>
INFO : Deployment of web application directory d:/project/javaweb/web has finished in 14 ms
04 08, 2023 10:28:53 上午 cn.how2j.diytomcat.catalina.Server logJVM
INFO : Server version:		How2J DiyTomcat/1.0.1
04 08, 2023 10:28:53 上午 cn.how2j.diytomcat.catalina.Server logJVM
INFO : Server built:		2020-04-08 10:20:22
04 08, 2023 10:28:53 上午 cn.how2j.diytomcat.catalina.Server logJVM
INFO : Server number:		1.0.1
04 08, 2023 10:28:53 上午 cn.how2j.diytomcat.catalina.Server logJVM
INFO : OS Name	:		Windows 10
04 08, 2023 10:28:53 上午 cn.how2j.diytomcat.catalina.Server logJVM
INFO : OS Version:		10.0
04 08, 2023 10:28:53 上午 cn.how2j.diytomcat.catalina.Server logJVM
INFO : Architecture:		x86
04 08, 2023 10:28:53 上午 cn.how2j.diytomcat.catalina.Server logJVM
INFO : Java Home:		D:\soft\Java\jdk-8\jre
04 08, 2023 10:28:53 上午 cn.how2j.diytomcat.catalina.Server logJVM
INFO : JVM Version:		1.8.0_65-b17
04 08, 2023 10:28:53 上午 cn.how2j.diytomcat.catalina.Server logJVM
INFO : JVM Vendor:		Oracle Corporation
04 08, 2023 10:28:53 上午 cn.how2j.diytomcat.catalina.Connector init
INFO : Initializing ProtocolHandler [http-bio-18080]
04 08, 2023 10:28:53 上午 cn.how2j.diytomcat.catalina.Connector init
INFO : Initializing ProtocolHandler [http-bio-18081]
04 08, 2023 10:28:53 上午 cn.how2j.diytomcat.catalina.Connector init
INFO : Initializing ProtocolHandler [http-bio-18082]
04 08, 2023 10:28:53 上午 cn.how2j.diytomcat.catalina.Service init
INFO : Initialization processed in 0 ms
04 08, 2023 10:28:53 上午 cn.how2j.diytomcat.catalina.Connector start
INFO : Starting ProtocolHandler [http-bio-18080]
04 08, 2023 10:28:53 上午 cn.how2j.diytomcat.catalina.Connector start
INFO : Starting ProtocolHandler [http-bio-18081]
04 08, 2023 10:28:53 上午 cn.how2j.diytomcat.catalina.Connector start
INFO : Starting ProtocolHandler [http-bio-18082]
04 08, 2023 10:28:53 上午 cn.how2j.diytomcat.catalina.Server start
INFO : Server startup in 4 ms
04 08, 2023 10:28:56 上午 cn.how2j.diytomcat.catalina.Context <init>
INFO : Deploying web application directory D:\project\diytomcat\webapps\a
04 08, 2023 10:28:56 上午 cn.how2j.diytomcat.catalina.Context <init>
INFO : Deployment of web application directory D:\project\diytomcat\webapps\a has finished in 176 ms
04 08, 2023 10:28:56 上午 cn.how2j.diytomcat.catalina.Context <init>
INFO : Deploying web application directory D:\project\diytomcat\webapps\j2ee
04 08, 2023 10:28:56 上午 cn.how2j.diytomcat.catalina.Context <init>
INFO : Deployment of web application directory D:\project\diytomcat\webapps\j2ee has finished in 9 ms
04 08, 2023 10:28:56 上午 cn.how2j.diytomcat.catalina.Context <init>
INFO : Deploying web application directory D:\project\diytomcat\webapps\ROOT
04 08, 2023 10:28:56 上午 cn.how2j.diytomcat.catalina.Context <init>
INFO : Deployment of web application directory D:\project\diytomcat\webapps\ROOT has finished in 3 ms
04 08, 2023 10:28:56 上午 cn.how2j.diytomcat.catalina.Context <init>
INFO : Deploying web application directory d:/project/diytomcat/b
04 08, 2023 10:28:56 上午 cn.how2j.diytomcat.catalina.Context <init>
INFO : Deployment of web application directory d:/project/diytomcat/b has finished in 1 ms
04 08, 2023 10:28:56 上午 cn.how2j.diytomcat.catalina.Context <init>
INFO : Deploying web application directory d:/project/javaweb/web
04 08, 2023 10:28:56 上午 cn.how2j.diytomcat.catalina.Context <init>
INFO : Deployment of web application directory d:/project/javaweb/web has finished in 20 ms
04 08, 2023 10:28:56 上午 cn.how2j.diytomcat.catalina.Server logJVM
INFO : Server version:		How2J DiyTomcat/1.0.1
04 08, 2023 10:28:56 上午 cn.how2j.diytomcat.catalina.Server logJVM
INFO : Server built:		2020-04-08 10:20:22
04 08, 2023 10:28:56 上午 cn.how2j.diytomcat.catalina.Server logJVM
INFO : Server number:		1.0.1
04 08, 2023 10:28:56 上午 cn.how2j.diytomcat.catalina.Server logJVM
INFO : OS Name	:		Windows 10
04 08, 2023 10:28:56 上午 cn.how2j.diytomcat.catalina.Server logJVM
INFO : OS Version:		10.0
04 08, 2023 10:28:56 上午 cn.how2j.diytomcat.catalina.Server logJVM
INFO : Architecture:		x86
04 08, 2023 10:28:56 上午 cn.how2j.diytomcat.catalina.Server logJVM
INFO : Java Home:		D:\soft\Java\jdk-8\jre
04 08, 2023 10:28:56 上午 cn.how2j.diytomcat.catalina.Server logJVM
INFO : JVM Version:		1.8.0_65-b17
04 08, 2023 10:28:56 上午 cn.how2j.diytomcat.catalina.Server logJVM
INFO : JVM Vendor:		Oracle Corporation
04 08, 2023 10:28:56 上午 cn.how2j.diytomcat.catalina.Connector init
INFO : Initializing ProtocolHandler [http-bio-18080]
04 08, 2023 10:28:56 上午 cn.how2j.diytomcat.catalina.Connector init
INFO : Initializing ProtocolHandler [http-bio-18081]
04 08, 2023 10:28:56 上午 cn.how2j.diytomcat.catalina.Connector init
INFO : Initializing ProtocolHandler [http-bio-18082]
04 08, 2023 10:28:56 上午 cn.how2j.diytomcat.catalina.Service init
INFO : Initialization processed in 1 ms
04 08, 2023 10:28:56 上午 cn.how2j.diytomcat.catalina.Connector start
INFO : Starting ProtocolHandler [http-bio-18080]
04 08, 2023 10:28:56 上午 cn.how2j.diytomcat.catalina.Connector start
INFO : Starting ProtocolHandler [http-bio-18081]
04 08, 2023 10:28:56 上午 cn.how2j.diytomcat.catalina.Connector start
INFO : Starting ProtocolHandler [http-bio-18082]
04 08, 2023 10:28:56 上午 cn.how2j.diytomcat.catalina.Server start
INFO : Server startup in 7 ms
04 08, 2023 10:47:39 上午 cn.how2j.diytomcat.catalina.Context <init>
INFO : Deploying web application directory D:\project\diytomcat\webapps\a
04 08, 2023 10:47:39 上午 cn.how2j.diytomcat.catalina.Context <init>
INFO : Deployment of web application directory D:\project\diytomcat\webapps\a has finished in 148 ms
04 08, 2023 10:47:39 上午 cn.how2j.diytomcat.catalina.Context <init>
INFO : Deploying web application directory D:\project\diytomcat\webapps\j2ee
04 08, 2023 10:47:39 上午 cn.how2j.diytomcat.catalina.Context <init>
INFO : Deployment of web application directory D:\project\diytomcat\webapps\j2ee has finished in 10 ms
04 08, 2023 10:47:39 上午 cn.how2j.diytomcat.catalina.Context <init>
INFO : Deploying web application directory D:\project\diytomcat\webapps\ROOT
04 08, 2023 10:47:39 上午 cn.how2j.diytomcat.catalina.Context <init>
INFO : Deployment of web application directory D:\project\diytomcat\webapps\ROOT has finished in 2 ms
04 08, 2023 10:47:39 上午 cn.how2j.diytomcat.catalina.Context <init>
INFO : Deploying web application directory d:/project/diytomcat/b
04 08, 2023 10:47:39 上午 cn.how2j.diytomcat.catalina.Context <init>
INFO : Deployment of web application directory d:/project/diytomcat/b has finished in 1 ms
04 08, 2023 10:47:39 上午 cn.how2j.diytomcat.catalina.Context <init>
INFO : Deploying web application directory d:/project/javaweb/web
04 08, 2023 10:47:39 上午 cn.how2j.diytomcat.catalina.Context <init>
INFO : Deployment of web application directory d:/project/javaweb/web has finished in 26 ms
04 08, 2023 10:47:39 上午 cn.how2j.diytomcat.catalina.Server logJVM
INFO : Server version:		How2J DiyTomcat/1.0.1
04 08, 2023 10:47:39 上午 cn.how2j.diytomcat.catalina.Server logJVM
INFO : Server built:		2020-04-08 10:20:22
04 08, 2023 10:47:39 上午 cn.how2j.diytomcat.catalina.Server logJVM
INFO : Server number:		1.0.1
04 08, 2023 10:47:39 上午 cn.how2j.diytomcat.catalina.Server logJVM
INFO : OS Name	:		Windows 10
04 08, 2023 10:47:39 上午 cn.how2j.diytomcat.catalina.Server logJVM
INFO : OS Version:		10.0
04 08, 2023 10:47:39 上午 cn.how2j.diytomcat.catalina.Server logJVM
INFO : Architecture:		x86
04 08, 2023 10:47:39 上午 cn.how2j.diytomcat.catalina.Server logJVM
INFO : Java Home:		D:\soft\Java\jdk-8\jre
04 08, 2023 10:47:39 上午 cn.how2j.diytomcat.catalina.Server logJVM
INFO : JVM Version:		1.8.0_65-b17
04 08, 2023 10:47:39 上午 cn.how2j.diytomcat.catalina.Server logJVM
INFO : JVM Vendor:		Oracle Corporation
04 08, 2023 10:47:39 上午 cn.how2j.diytomcat.catalina.Connector init
INFO : Initializing ProtocolHandler [http-bio-18080]
04 08, 2023 10:47:39 上午 cn.how2j.diytomcat.catalina.Connector init
INFO : Initializing ProtocolHandler [http-bio-18081]
04 08, 2023 10:47:39 上午 cn.how2j.diytomcat.catalina.Connector init
INFO : Initializing ProtocolHandler [http-bio-18082]
04 08, 2023 10:47:39 上午 cn.how2j.diytomcat.catalina.Service init
INFO : Initialization processed in 0 ms
04 08, 2023 10:47:39 上午 cn.how2j.diytomcat.catalina.Connector start
INFO : Starting ProtocolHandler [http-bio-18080]
04 08, 2023 10:47:39 上午 cn.how2j.diytomcat.catalina.Connector start
INFO : Starting ProtocolHandler [http-bio-18081]
04 08, 2023 10:47:39 上午 cn.how2j.diytomcat.catalina.Connector start
INFO : Starting ProtocolHandler [http-bio-18082]
04 08, 2023 10:47:39 上午 cn.how2j.diytomcat.catalina.Server start
INFO : Server startup in 4 ms
04 08, 2023 12:45:33 下午 cn.how2j.diytomcat.watcher.ContextFileChangeWatcher$1 dealWith
INFO : cn.how2j.diytomcat.watcher.ContextFileChangeWatcher@b488c2 检测到了Web应用下的重要文件变化 web.xml~ 
04 08, 2023 12:45:33 下午 cn.how2j.diytomcat.catalina.Host reload
INFO : Reloading Context with name [/javaweb] has started
04 08, 2023 12:45:33 下午 cn.how2j.diytomcat.catalina.Context <init>
INFO : Deploying web application directory d:/project/javaweb/web
04 08, 2023 12:45:33 下午 cn.how2j.diytomcat.catalina.Context <init>
INFO : Deployment of web application directory d:/project/javaweb/web has finished in 22 ms
04 08, 2023 12:45:33 下午 cn.how2j.diytomcat.catalina.Host reload
INFO : Reloading Context with name [/javaweb] has completed
04 08, 2023 12:46:38 下午 cn.how2j.diytomcat.watcher.ContextFileChangeWatcher$1 dealWith
INFO : cn.how2j.diytomcat.watcher.ContextFileChangeWatcher@1ef4676 检测到了Web应用下的重要文件变化 SetSessionServlet.class 
04 08, 2023 12:46:38 下午 cn.how2j.diytomcat.catalina.Host reload
INFO : Reloading Context with name [/javaweb] has started
04 08, 2023 12:46:38 下午 cn.how2j.diytomcat.catalina.Context <init>
INFO : Deploying web application directory d:/project/javaweb/web
04 08, 2023 12:46:38 下午 cn.how2j.diytomcat.catalina.Context <init>
INFO : Deployment of web application directory d:/project/javaweb/web has finished in 9 ms
04 08, 2023 12:46:38 下午 cn.how2j.diytomcat.catalina.Host reload
INFO : Reloading Context with name [/javaweb] has completed
04 08, 2023 12:46:38 下午 cn.how2j.diytomcat.watcher.ContextFileChangeWatcher$1 dealWith
INFO : cn.how2j.diytomcat.watcher.ContextFileChangeWatcher@156eb35 检测到了Web应用下的重要文件变化 GetSessionServlet.class 
04 08, 2023 12:46:38 下午 cn.how2j.diytomcat.catalina.Host reload
INFO : Reloading Context with name [/javaweb] has started
04 08, 2023 12:46:38 下午 cn.how2j.diytomcat.catalina.Context <init>
INFO : Deploying web application directory d:/project/javaweb/web
04 08, 2023 12:46:38 下午 cn.how2j.diytomcat.catalina.Context <init>
INFO : Deployment of web application directory d:/project/javaweb/web has finished in 8 ms
04 08, 2023 12:46:38 下午 cn.how2j.diytomcat.catalina.Host reload
INFO : Reloading Context with name [/javaweb] has completed
04 08, 2023 12:46:55 下午 cn.how2j.diytomcat.catalina.Context <init>
INFO : Deploying web application directory D:\project\diytomcat\webapps\a
04 08, 2023 12:46:55 下午 cn.how2j.diytomcat.catalina.Context <init>
INFO : Deployment of web application directory D:\project\diytomcat\webapps\a has finished in 162 ms
04 08, 2023 12:46:55 下午 cn.how2j.diytomcat.catalina.Context <init>
INFO : Deploying web application directory D:\project\diytomcat\webapps\j2ee
04 08, 2023 12:46:55 下午 cn.how2j.diytomcat.catalina.Context <init>
INFO : Deployment of web application directory D:\project\diytomcat\webapps\j2ee has finished in 6 ms
04 08, 2023 12:46:55 下午 cn.how2j.diytomcat.catalina.Context <init>
INFO : Deploying web application directory D:\project\diytomcat\webapps\ROOT
04 08, 2023 12:46:55 下午 cn.how2j.diytomcat.catalina.Context <init>
INFO : Deployment of web application directory D:\project\diytomcat\webapps\ROOT has finished in 1 ms
04 08, 2023 12:46:55 下午 cn.how2j.diytomcat.catalina.Context <init>
INFO : Deploying web application directory d:/project/diytomcat/b
04 08, 2023 12:46:55 下午 cn.how2j.diytomcat.catalina.Context <init>
INFO : Deployment of web application directory d:/project/diytomcat/b has finished in 1 ms
04 08, 2023 12:46:55 下午 cn.how2j.diytomcat.catalina.Context <init>
INFO : Deploying web application directory d:/project/javaweb/web
04 08, 2023 12:46:55 下午 cn.how2j.diytomcat.catalina.Context <init>
INFO : Deployment of web application directory d:/project/javaweb/web has finished in 16 ms
04 08, 2023 12:46:55 下午 cn.how2j.diytomcat.catalina.Server logJVM
INFO : Server version:		How2J DiyTomcat/1.0.1
04 08, 2023 12:46:55 下午 cn.how2j.diytomcat.catalina.Server logJVM
INFO : Server built:		2020-04-08 10:20:22
04 08, 2023 12:46:55 下午 cn.how2j.diytomcat.catalina.Server logJVM
INFO : Server number:		1.0.1
04 08, 2023 12:46:55 下午 cn.how2j.diytomcat.catalina.Server logJVM
INFO : OS Name	:		Windows 10
04 08, 2023 12:46:55 下午 cn.how2j.diytomcat.catalina.Server logJVM
INFO : OS Version:		10.0
04 08, 2023 12:46:55 下午 cn.how2j.diytomcat.catalina.Server logJVM
INFO : Architecture:		x86
04 08, 2023 12:46:55 下午 cn.how2j.diytomcat.catalina.Server logJVM
INFO : Java Home:		D:\soft\Java\jdk-8\jre
04 08, 2023 12:46:55 下午 cn.how2j.diytomcat.catalina.Server logJVM
INFO : JVM Version:		1.8.0_65-b17
04 08, 2023 12:46:55 下午 cn.how2j.diytomcat.catalina.Server logJVM
INFO : JVM Vendor:		Oracle Corporation
04 08, 2023 12:46:55 下午 cn.how2j.diytomcat.catalina.Connector init
INFO : Initializing ProtocolHandler [http-bio-18080]
04 08, 2023 12:46:55 下午 cn.how2j.diytomcat.catalina.Connector init
INFO : Initializing ProtocolHandler [http-bio-18081]
04 08, 2023 12:46:55 下午 cn.how2j.diytomcat.catalina.Connector init
INFO : Initializing ProtocolHandler [http-bio-18082]
04 08, 2023 12:46:55 下午 cn.how2j.diytomcat.catalina.Service init
INFO : Initialization processed in 0 ms
04 08, 2023 12:46:55 下午 cn.how2j.diytomcat.catalina.Connector start
INFO : Starting ProtocolHandler [http-bio-18080]
04 08, 2023 12:46:55 下午 cn.how2j.diytomcat.catalina.Connector start
INFO : Starting ProtocolHandler [http-bio-18081]
04 08, 2023 12:46:55 下午 cn.how2j.diytomcat.catalina.Connector start
INFO : Starting ProtocolHandler [http-bio-18082]
04 08, 2023 12:46:55 下午 cn.how2j.diytomcat.catalina.Server start
INFO : Server startup in 4 ms
04 08, 2023 12:50:00 下午 cn.how2j.diytomcat.catalina.Context <init>
INFO : Deploying web application directory D:\project\diytomcat\webapps\a
04 08, 2023 12:50:00 下午 cn.how2j.diytomcat.catalina.Context <init>
INFO : Deployment of web application directory D:\project\diytomcat\webapps\a has finished in 94 ms
04 08, 2023 12:50:00 下午 cn.how2j.diytomcat.catalina.Context <init>
INFO : Deploying web application directory D:\project\diytomcat\webapps\j2ee
04 08, 2023 12:50:00 下午 cn.how2j.diytomcat.catalina.Context <init>
INFO : Deployment of web application directory D:\project\diytomcat\webapps\j2ee has finished in 4 ms
04 08, 2023 12:50:00 下午 cn.how2j.diytomcat.catalina.Context <init>
INFO : Deploying web application directory D:\project\diytomcat\webapps\ROOT
04 08, 2023 12:50:00 下午 cn.how2j.diytomcat.catalina.Context <init>
INFO : Deployment of web application directory D:\project\diytomcat\webapps\ROOT has finished in 1 ms
04 08, 2023 12:50:00 下午 cn.how2j.diytomcat.catalina.Context <init>
INFO : Deploying web application directory d:/project/diytomcat/b
04 08, 2023 12:50:00 下午 cn.how2j.diytomcat.catalina.Context <init>
INFO : Deployment of web application directory d:/project/diytomcat/b has finished in 2 ms
04 08, 2023 12:50:00 下午 cn.how2j.diytomcat.catalina.Context <init>
INFO : Deploying web application directory d:/project/javaweb/web
04 08, 2023 12:50:00 下午 cn.how2j.diytomcat.catalina.Context <init>
INFO : Deployment of web application directory d:/project/javaweb/web has finished in 15 ms
04 08, 2023 12:50:00 下午 cn.how2j.diytomcat.catalina.Server logJVM
INFO : Server version:		How2J DiyTomcat/1.0.1
04 08, 2023 12:50:00 下午 cn.how2j.diytomcat.catalina.Server logJVM
INFO : Server built:		2020-04-08 10:20:22
04 08, 2023 12:50:00 下午 cn.how2j.diytomcat.catalina.Server logJVM
INFO : Server number:		1.0.1
04 08, 2023 12:50:00 下午 cn.how2j.diytomcat.catalina.Server logJVM
INFO : OS Name	:		Windows 10
04 08, 2023 12:50:00 下午 cn.how2j.diytomcat.catalina.Server logJVM
INFO : OS Version:		10.0
04 08, 2023 12:50:00 下午 cn.how2j.diytomcat.catalina.Server logJVM
INFO : Architecture:		x86
04 08, 2023 12:50:00 下午 cn.how2j.diytomcat.catalina.Server logJVM
INFO : Java Home:		D:\soft\Java\jdk-8\jre
04 08, 2023 12:50:00 下午 cn.how2j.diytomcat.catalina.Server logJVM
INFO : JVM Version:		1.8.0_65-b17
04 08, 2023 12:50:00 下午 cn.how2j.diytomcat.catalina.Server logJVM
INFO : JVM Vendor:		Oracle Corporation
04 08, 2023 12:50:00 下午 cn.how2j.diytomcat.catalina.Connector init
INFO : Initializing ProtocolHandler [http-bio-18080]
04 08, 2023 12:50:00 下午 cn.how2j.diytomcat.catalina.Connector init
INFO : Initializing ProtocolHandler [http-bio-18081]
04 08, 2023 12:50:00 下午 cn.how2j.diytomcat.catalina.Connector init
INFO : Initializing ProtocolHandler [http-bio-18082]
04 08, 2023 12:50:00 下午 cn.how2j.diytomcat.catalina.Service init
INFO : Initialization processed in 0 ms
04 08, 2023 12:50:00 下午 cn.how2j.diytomcat.catalina.Connector start
INFO : Starting ProtocolHandler [http-bio-18080]
04 08, 2023 12:50:00 下午 cn.how2j.diytomcat.catalina.Connector start
INFO : Starting ProtocolHandler [http-bio-18081]
04 08, 2023 12:50:00 下午 cn.how2j.diytomcat.catalina.Connector start
INFO : Starting ProtocolHandler [http-bio-18082]
04 08, 2023 12:50:00 下午 cn.how2j.diytomcat.catalina.Server start
INFO : Server startup in 6 ms
04 08, 2023 12:50:56 下午 cn.how2j.diytomcat.catalina.Context <init>
INFO : Deploying web application directory D:\project\diytomcat\webapps\a
04 08, 2023 12:50:56 下午 cn.how2j.diytomcat.catalina.Context <init>
INFO : Deployment of web application directory D:\project\diytomcat\webapps\a has finished in 99 ms
04 08, 2023 12:50:56 下午 cn.how2j.diytomcat.catalina.Context <init>
INFO : Deploying web application directory D:\project\diytomcat\webapps\j2ee
04 08, 2023 12:50:56 下午 cn.how2j.diytomcat.catalina.Context <init>
INFO : Deployment of web application directory D:\project\diytomcat\webapps\j2ee has finished in 5 ms
04 08, 2023 12:50:56 下午 cn.how2j.diytomcat.catalina.Context <init>
INFO : Deploying web application directory D:\project\diytomcat\webapps\ROOT
04 08, 2023 12:50:56 下午 cn.how2j.diytomcat.catalina.Context <init>
INFO : Deployment of web application directory D:\project\diytomcat\webapps\ROOT has finished in 2 ms
04 08, 2023 12:50:56 下午 cn.how2j.diytomcat.catalina.Context <init>
INFO : Deploying web application directory d:/project/diytomcat/b
04 08, 2023 12:50:56 下午 cn.how2j.diytomcat.catalina.Context <init>
INFO : Deployment of web application directory d:/project/diytomcat/b has finished in 1 ms
04 08, 2023 12:50:56 下午 cn.how2j.diytomcat.catalina.Context <init>
INFO : Deploying web application directory d:/project/javaweb/web
04 08, 2023 12:50:56 下午 cn.how2j.diytomcat.catalina.Context <init>
INFO : Deployment of web application directory d:/project/javaweb/web has finished in 16 ms
04 08, 2023 12:50:56 下午 cn.how2j.diytomcat.catalina.Server logJVM
INFO : Server version:		How2J DiyTomcat/1.0.1
04 08, 2023 12:50:56 下午 cn.how2j.diytomcat.catalina.Server logJVM
INFO : Server built:		2020-04-08 10:20:22
04 08, 2023 12:50:56 下午 cn.how2j.diytomcat.catalina.Server logJVM
INFO : Server number:		1.0.1
04 08, 2023 12:50:56 下午 cn.how2j.diytomcat.catalina.Server logJVM
INFO : OS Name	:		Windows 10
04 08, 2023 12:50:56 下午 cn.how2j.diytomcat.catalina.Server logJVM
INFO : OS Version:		10.0
04 08, 2023 12:50:56 下午 cn.how2j.diytomcat.catalina.Server logJVM
INFO : Architecture:		x86
04 08, 2023 12:50:56 下午 cn.how2j.diytomcat.catalina.Server logJVM
INFO : Java Home:		D:\soft\Java\jdk-8\jre
04 08, 2023 12:50:56 下午 cn.how2j.diytomcat.catalina.Server logJVM
INFO : JVM Version:		1.8.0_65-b17
04 08, 2023 12:50:56 下午 cn.how2j.diytomcat.catalina.Server logJVM
INFO : JVM Vendor:		Oracle Corporation
04 08, 2023 12:50:56 下午 cn.how2j.diytomcat.catalina.Connector init
INFO : Initializing ProtocolHandler [http-bio-18080]
04 08, 2023 12:50:56 下午 cn.how2j.diytomcat.catalina.Connector init
INFO : Initializing ProtocolHandler [http-bio-18081]
04 08, 2023 12:50:56 下午 cn.how2j.diytomcat.catalina.Connector init
INFO : Initializing ProtocolHandler [http-bio-18082]
04 08, 2023 12:50:56 下午 cn.how2j.diytomcat.catalina.Service init
INFO : Initialization processed in 1 ms
04 08, 2023 12:50:56 下午 cn.how2j.diytomcat.catalina.Connector start
INFO : Starting ProtocolHandler [http-bio-18080]
04 08, 2023 12:50:56 下午 cn.how2j.diytomcat.catalina.Connector start
INFO : Starting ProtocolHandler [http-bio-18081]
04 08, 2023 12:50:56 下午 cn.how2j.diytomcat.catalina.Connector start
INFO : Starting ProtocolHandler [http-bio-18082]
04 08, 2023 12:50:56 下午 cn.how2j.diytomcat.catalina.Server start
INFO : Server startup in 5 ms
04 08, 2023 12:50:58 下午 cn.how2j.diytomcat.catalina.Context <init>
INFO : Deploying web application directory D:\project\diytomcat\webapps\a
04 08, 2023 12:50:58 下午 cn.how2j.diytomcat.catalina.Context <init>
INFO : Deployment of web application directory D:\project\diytomcat\webapps\a has finished in 133 ms
04 08, 2023 12:50:58 下午 cn.how2j.diytomcat.catalina.Context <init>
INFO : Deploying web application directory D:\project\diytomcat\webapps\j2ee
04 08, 2023 12:50:58 下午 cn.how2j.diytomcat.catalina.Context <init>
INFO : Deployment of web application directory D:\project\diytomcat\webapps\j2ee has finished in 8 ms
04 08, 2023 12:50:58 下午 cn.how2j.diytomcat.catalina.Context <init>
INFO : Deploying web application directory D:\project\diytomcat\webapps\ROOT
04 08, 2023 12:50:58 下午 cn.how2j.diytomcat.catalina.Context <init>
INFO : Deployment of web application directory D:\project\diytomcat\webapps\ROOT has finished in 2 ms
04 08, 2023 12:50:58 下午 cn.how2j.diytomcat.catalina.Context <init>
INFO : Deploying web application directory d:/project/diytomcat/b
04 08, 2023 12:50:58 下午 cn.how2j.diytomcat.catalina.Context <init>
INFO : Deployment of web application directory d:/project/diytomcat/b has finished in 1 ms
04 08, 2023 12:50:58 下午 cn.how2j.diytomcat.catalina.Context <init>
INFO : Deploying web application directory d:/project/javaweb/web
04 08, 2023 12:50:58 下午 cn.how2j.diytomcat.catalina.Context <init>
INFO : Deployment of web application directory d:/project/javaweb/web has finished in 17 ms
04 08, 2023 12:50:58 下午 cn.how2j.diytomcat.catalina.Server logJVM
INFO : Server version:		How2J DiyTomcat/1.0.1
04 08, 2023 12:50:58 下午 cn.how2j.diytomcat.catalina.Server logJVM
INFO : Server built:		2020-04-08 10:20:22
04 08, 2023 12:50:58 下午 cn.how2j.diytomcat.catalina.Server logJVM
INFO : Server number:		1.0.1
04 08, 2023 12:50:58 下午 cn.how2j.diytomcat.catalina.Server logJVM
INFO : OS Name	:		Windows 10
04 08, 2023 12:50:58 下午 cn.how2j.diytomcat.catalina.Server logJVM
INFO : OS Version:		10.0
04 08, 2023 12:50:58 下午 cn.how2j.diytomcat.catalina.Server logJVM
INFO : Architecture:		x86
04 08, 2023 12:50:58 下午 cn.how2j.diytomcat.catalina.Server logJVM
INFO : Java Home:		D:\soft\Java\jdk-8\jre
04 08, 2023 12:50:58 下午 cn.how2j.diytomcat.catalina.Server logJVM
INFO : JVM Version:		1.8.0_65-b17
04 08, 2023 12:50:58 下午 cn.how2j.diytomcat.catalina.Server logJVM
INFO : JVM Vendor:		Oracle Corporation
04 08, 2023 12:50:58 下午 cn.how2j.diytomcat.catalina.Connector init
INFO : Initializing ProtocolHandler [http-bio-18080]
04 08, 2023 12:50:58 下午 cn.how2j.diytomcat.catalina.Connector init
INFO : Initializing ProtocolHandler [http-bio-18081]
04 08, 2023 12:50:58 下午 cn.how2j.diytomcat.catalina.Connector init
INFO : Initializing ProtocolHandler [http-bio-18082]
04 08, 2023 12:50:58 下午 cn.how2j.diytomcat.catalina.Service init
INFO : Initialization processed in 0 ms
04 08, 2023 12:50:58 下午 cn.how2j.diytomcat.catalina.Connector start
INFO : Starting ProtocolHandler [http-bio-18080]
04 08, 2023 12:50:58 下午 cn.how2j.diytomcat.catalina.Connector start
INFO : Starting ProtocolHandler [http-bio-18081]
04 08, 2023 12:50:58 下午 cn.how2j.diytomcat.catalina.Connector start
INFO : Starting ProtocolHandler [http-bio-18082]
04 08, 2023 12:50:58 下午 cn.how2j.diytomcat.catalina.Server start
INFO : Server startup in 5 ms
04 08, 2023 12:50:58 下午 cn.how2j.diytomcat.catalina.Connector error
ERROR: Address already in use: JVM_Bind
java.net.BindException: Address already in use: JVM_Bind
	at java.net.DualStackPlainSocketImpl.bind0(Native Method)
	at java.net.DualStackPlainSocketImpl.socketBind(DualStackPlainSocketImpl.java:106)
	at java.net.AbstractPlainSocketImpl.bind(AbstractPlainSocketImpl.java:387)
	at java.net.PlainSocketImpl.bind(PlainSocketImpl.java:190)
	at java.net.ServerSocket.bind(ServerSocket.java:375)
	at java.net.ServerSocket.<init>(ServerSocket.java:237)
	at java.net.ServerSocket.<init>(ServerSocket.java:128)
	at cn.how2j.diytomcat.catalina.Connector.run(Connector.java:31)
	at java.lang.Thread.run(Thread.java:745)
04 08, 2023 12:50:58 下午 cn.how2j.diytomcat.catalina.Connector error
ERROR: Address already in use: JVM_Bind
java.net.BindException: Address already in use: JVM_Bind
	at java.net.DualStackPlainSocketImpl.bind0(Native Method)
	at java.net.DualStackPlainSocketImpl.socketBind(DualStackPlainSocketImpl.java:106)
	at java.net.AbstractPlainSocketImpl.bind(AbstractPlainSocketImpl.java:387)
	at java.net.PlainSocketImpl.bind(PlainSocketImpl.java:190)
	at java.net.ServerSocket.bind(ServerSocket.java:375)
	at java.net.ServerSocket.<init>(ServerSocket.java:237)
	at java.net.ServerSocket.<init>(ServerSocket.java:128)
	at cn.how2j.diytomcat.catalina.Connector.run(Connector.java:31)
	at java.lang.Thread.run(Thread.java:745)
04 08, 2023 12:50:58 下午 cn.how2j.diytomcat.catalina.Connector error
ERROR: Address already in use: JVM_Bind
java.net.BindException: Address already in use: JVM_Bind
	at java.net.DualStackPlainSocketImpl.bind0(Native Method)
	at java.net.DualStackPlainSocketImpl.socketBind(DualStackPlainSocketImpl.java:106)
	at java.net.AbstractPlainSocketImpl.bind(AbstractPlainSocketImpl.java:387)
	at java.net.PlainSocketImpl.bind(PlainSocketImpl.java:190)
	at java.net.ServerSocket.bind(ServerSocket.java:375)
	at java.net.ServerSocket.<init>(ServerSocket.java:237)
	at java.net.ServerSocket.<init>(ServerSocket.java:128)
	at cn.how2j.diytomcat.catalina.Connector.run(Connector.java:31)
	at java.lang.Thread.run(Thread.java:745)
04 08, 2023 12:51:28 下午 cn.how2j.diytomcat.catalina.Context <init>
INFO : Deploying web application directory D:\project\diytomcat\webapps\a
04 08, 2023 12:51:28 下午 cn.how2j.diytomcat.catalina.Context <init>
INFO : Deployment of web application directory D:\project\diytomcat\webapps\a has finished in 124 ms
04 08, 2023 12:51:28 下午 cn.how2j.diytomcat.catalina.Context <init>
INFO : Deploying web application directory D:\project\diytomcat\webapps\j2ee
04 08, 2023 12:51:28 下午 cn.how2j.diytomcat.catalina.Context <init>
INFO : Deployment of web application directory D:\project\diytomcat\webapps\j2ee has finished in 7 ms
04 08, 2023 12:51:28 下午 cn.how2j.diytomcat.catalina.Context <init>
INFO : Deploying web application directory D:\project\diytomcat\webapps\ROOT
04 08, 2023 12:51:28 下午 cn.how2j.diytomcat.catalina.Context <init>
INFO : Deployment of web application directory D:\project\diytomcat\webapps\ROOT has finished in 1 ms
04 08, 2023 12:51:28 下午 cn.how2j.diytomcat.catalina.Context <init>
INFO : Deploying web application directory d:/project/diytomcat/b
04 08, 2023 12:51:28 下午 cn.how2j.diytomcat.catalina.Context <init>
INFO : Deployment of web application directory d:/project/diytomcat/b has finished in 1 ms
04 08, 2023 12:51:28 下午 cn.how2j.diytomcat.catalina.Context <init>
INFO : Deploying web application directory d:/project/javaweb/web
04 08, 2023 12:51:28 下午 cn.how2j.diytomcat.catalina.Context <init>
INFO : Deployment of web application directory d:/project/javaweb/web has finished in 15 ms
04 08, 2023 12:51:28 下午 cn.how2j.diytomcat.catalina.Server logJVM
INFO : Server version:		How2J DiyTomcat/1.0.1
04 08, 2023 12:51:28 下午 cn.how2j.diytomcat.catalina.Server logJVM
INFO : Server built:		2020-04-08 10:20:22
04 08, 2023 12:51:28 下午 cn.how2j.diytomcat.catalina.Server logJVM
INFO : Server number:		1.0.1
04 08, 2023 12:51:28 下午 cn.how2j.diytomcat.catalina.Server logJVM
INFO : OS Name	:		Windows 10
04 08, 2023 12:51:28 下午 cn.how2j.diytomcat.catalina.Server logJVM
INFO : OS Version:		10.0
04 08, 2023 12:51:28 下午 cn.how2j.diytomcat.catalina.Server logJVM
INFO : Architecture:		x86
04 08, 2023 12:51:28 下午 cn.how2j.diytomcat.catalina.Server logJVM
INFO : Java Home:		D:\soft\Java\jdk-8\jre
04 08, 2023 12:51:28 下午 cn.how2j.diytomcat.catalina.Server logJVM
INFO : JVM Version:		1.8.0_65-b17
04 08, 2023 12:51:28 下午 cn.how2j.diytomcat.catalina.Server logJVM
INFO : JVM Vendor:		Oracle Corporation
04 08, 2023 12:51:28 下午 cn.how2j.diytomcat.catalina.Connector init
INFO : Initializing ProtocolHandler [http-bio-18080]
04 08, 2023 12:51:28 下午 cn.how2j.diytomcat.catalina.Connector init
INFO : Initializing ProtocolHandler [http-bio-18081]
04 08, 2023 12:51:28 下午 cn.how2j.diytomcat.catalina.Connector init
INFO : Initializing ProtocolHandler [http-bio-18082]
04 08, 2023 12:51:28 下午 cn.how2j.diytomcat.catalina.Service init
INFO : Initialization processed in 0 ms
04 08, 2023 12:51:28 下午 cn.how2j.diytomcat.catalina.Connector start
INFO : Starting ProtocolHandler [http-bio-18080]
04 08, 2023 12:51:28 下午 cn.how2j.diytomcat.catalina.Connector start
INFO : Starting ProtocolHandler [http-bio-18081]
04 08, 2023 12:51:28 下午 cn.how2j.diytomcat.catalina.Connector start
INFO : Starting ProtocolHandler [http-bio-18082]
04 08, 2023 12:51:28 下午 cn.how2j.diytomcat.catalina.Server start
INFO : Server startup in 4 ms
04 08, 2023 13:03:33 下午 cn.how2j.diytomcat.catalina.Context <init>
INFO : Deploying web application directory D:\project\diytomcat\webapps\a
04 08, 2023 13:03:33 下午 cn.how2j.diytomcat.catalina.Context <init>
INFO : Deployment of web application directory D:\project\diytomcat\webapps\a has finished in 99 ms
04 08, 2023 13:03:33 下午 cn.how2j.diytomcat.catalina.Context <init>
INFO : Deploying web application directory D:\project\diytomcat\webapps\j2ee
04 08, 2023 13:03:33 下午 cn.how2j.diytomcat.catalina.Context <init>
INFO : Deployment of web application directory D:\project\diytomcat\webapps\j2ee has finished in 6 ms
04 08, 2023 13:03:33 下午 cn.how2j.diytomcat.catalina.Context <init>
INFO : Deploying web application directory D:\project\diytomcat\webapps\ROOT
04 08, 2023 13:03:33 下午 cn.how2j.diytomcat.catalina.Context <init>
INFO : Deployment of web application directory D:\project\diytomcat\webapps\ROOT has finished in 3 ms
04 08, 2023 13:03:33 下午 cn.how2j.diytomcat.catalina.Context <init>
INFO : Deploying web application directory d:/project/diytomcat/b
04 08, 2023 13:03:33 下午 cn.how2j.diytomcat.catalina.Context <init>
INFO : Deployment of web application directory d:/project/diytomcat/b has finished in 2 ms
04 08, 2023 13:03:33 下午 cn.how2j.diytomcat.catalina.Context <init>
INFO : Deploying web application directory d:/project/javaweb/web
04 08, 2023 13:03:33 下午 cn.how2j.diytomcat.catalina.Context <init>
INFO : Deployment of web application directory d:/project/javaweb/web has finished in 19 ms
04 08, 2023 13:03:33 下午 cn.how2j.diytomcat.catalina.Server logJVM
INFO : Server version:		How2J DiyTomcat/1.0.1
04 08, 2023 13:03:33 下午 cn.how2j.diytomcat.catalina.Server logJVM
INFO : Server built:		2020-04-08 10:20:22
04 08, 2023 13:03:33 下午 cn.how2j.diytomcat.catalina.Server logJVM
INFO : Server number:		1.0.1
04 08, 2023 13:03:33 下午 cn.how2j.diytomcat.catalina.Server logJVM
INFO : OS Name	:		Windows 10
04 08, 2023 13:03:33 下午 cn.how2j.diytomcat.catalina.Server logJVM
INFO : OS Version:		10.0
04 08, 2023 13:03:33 下午 cn.how2j.diytomcat.catalina.Server logJVM
INFO : Architecture:		x86
04 08, 2023 13:03:33 下午 cn.how2j.diytomcat.catalina.Server logJVM
INFO : Java Home:		D:\soft\Java\jdk-8\jre
04 08, 2023 13:03:33 下午 cn.how2j.diytomcat.catalina.Server logJVM
INFO : JVM Version:		1.8.0_65-b17
04 08, 2023 13:03:33 下午 cn.how2j.diytomcat.catalina.Server logJVM
INFO : JVM Vendor:		Oracle Corporation
04 08, 2023 13:03:33 下午 cn.how2j.diytomcat.catalina.Connector init
INFO : Initializing ProtocolHandler [http-bio-18080]
04 08, 2023 13:03:33 下午 cn.how2j.diytomcat.catalina.Connector init
INFO : Initializing ProtocolHandler [http-bio-18081]
04 08, 2023 13:03:33 下午 cn.how2j.diytomcat.catalina.Connector init
INFO : Initializing ProtocolHandler [http-bio-18082]
04 08, 2023 13:03:33 下午 cn.how2j.diytomcat.catalina.Service init
INFO : Initialization processed in 0 ms
04 08, 2023 13:03:33 下午 cn.how2j.diytomcat.catalina.Connector start
INFO : Starting ProtocolHandler [http-bio-18080]
04 08, 2023 13:03:33 下午 cn.how2j.diytomcat.catalina.Connector start
INFO : Starting ProtocolHandler [http-bio-18081]
04 08, 2023 13:03:33 下午 cn.how2j.diytomcat.catalina.Connector start
INFO : Starting ProtocolHandler [http-bio-18082]
04 08, 2023 13:03:33 下午 cn.how2j.diytomcat.catalina.Server start
INFO : Server startup in 6 ms
04 08, 2023 13:03:35 下午 cn.how2j.diytomcat.catalina.Context <init>
INFO : Deploying web application directory D:\project\diytomcat\webapps\a
04 08, 2023 13:03:35 下午 cn.how2j.diytomcat.catalina.Context <init>
INFO : Deployment of web application directory D:\project\diytomcat\webapps\a has finished in 122 ms
04 08, 2023 13:03:35 下午 cn.how2j.diytomcat.catalina.Context <init>
INFO : Deploying web application directory D:\project\diytomcat\webapps\j2ee
04 08, 2023 13:03:35 下午 cn.how2j.diytomcat.catalina.Context <init>
INFO : Deployment of web application directory D:\project\diytomcat\webapps\j2ee has finished in 6 ms
04 08, 2023 13:03:35 下午 cn.how2j.diytomcat.catalina.Context <init>
INFO : Deploying web application directory D:\project\diytomcat\webapps\ROOT
04 08, 2023 13:03:35 下午 cn.how2j.diytomcat.catalina.Context <init>
INFO : Deployment of web application directory D:\project\diytomcat\webapps\ROOT has finished in 2 ms
04 08, 2023 13:03:35 下午 cn.how2j.diytomcat.catalina.Context <init>
INFO : Deploying web application directory d:/project/diytomcat/b
04 08, 2023 13:03:35 下午 cn.how2j.diytomcat.catalina.Context <init>
INFO : Deployment of web application directory d:/project/diytomcat/b has finished in 1 ms
04 08, 2023 13:03:35 下午 cn.how2j.diytomcat.catalina.Context <init>
INFO : Deploying web application directory d:/project/javaweb/web
04 08, 2023 13:03:35 下午 cn.how2j.diytomcat.catalina.Context <init>
INFO : Deployment of web application directory d:/project/javaweb/web has finished in 14 ms
04 08, 2023 13:03:35 下午 cn.how2j.diytomcat.catalina.Server logJVM
INFO : Server version:		How2J DiyTomcat/1.0.1
04 08, 2023 13:03:35 下午 cn.how2j.diytomcat.catalina.Server logJVM
INFO : Server built:		2020-04-08 10:20:22
04 08, 2023 13:03:35 下午 cn.how2j.diytomcat.catalina.Server logJVM
INFO : Server number:		1.0.1
04 08, 2023 13:03:35 下午 cn.how2j.diytomcat.catalina.Server logJVM
INFO : OS Name	:		Windows 10
04 08, 2023 13:03:35 下午 cn.how2j.diytomcat.catalina.Server logJVM
INFO : OS Version:		10.0
04 08, 2023 13:03:35 下午 cn.how2j.diytomcat.catalina.Server logJVM
INFO : Architecture:		x86
04 08, 2023 13:03:35 下午 cn.how2j.diytomcat.catalina.Server logJVM
INFO : Java Home:		D:\soft\Java\jdk-8\jre
04 08, 2023 13:03:35 下午 cn.how2j.diytomcat.catalina.Server logJVM
INFO : JVM Version:		1.8.0_65-b17
04 08, 2023 13:03:35 下午 cn.how2j.diytomcat.catalina.Server logJVM
INFO : JVM Vendor:		Oracle Corporation
04 08, 2023 13:03:35 下午 cn.how2j.diytomcat.catalina.Connector init
INFO : Initializing ProtocolHandler [http-bio-18080]
04 08, 2023 13:03:35 下午 cn.how2j.diytomcat.catalina.Connector init
INFO : Initializing ProtocolHandler [http-bio-18081]
04 08, 2023 13:03:35 下午 cn.how2j.diytomcat.catalina.Connector init
INFO : Initializing ProtocolHandler [http-bio-18082]
04 08, 2023 13:03:35 下午 cn.how2j.diytomcat.catalina.Service init
INFO : Initialization processed in 0 ms
04 08, 2023 13:03:35 下午 cn.how2j.diytomcat.catalina.Connector start
INFO : Starting ProtocolHandler [http-bio-18080]
04 08, 2023 13:03:35 下午 cn.how2j.diytomcat.catalina.Connector start
INFO : Starting ProtocolHandler [http-bio-18081]
04 08, 2023 13:03:35 下午 cn.how2j.diytomcat.catalina.Connector start
INFO : Starting ProtocolHandler [http-bio-18082]
04 08, 2023 13:03:35 下午 cn.how2j.diytomcat.catalina.Server start
INFO : Server startup in 4 ms
04 08, 2023 13:03:35 下午 cn.how2j.diytomcat.catalina.Connector error
ERROR: Address already in use: JVM_Bind
java.net.BindException: Address already in use: JVM_Bind
	at java.net.DualStackPlainSocketImpl.bind0(Native Method)
	at java.net.DualStackPlainSocketImpl.socketBind(DualStackPlainSocketImpl.java:106)
	at java.net.AbstractPlainSocketImpl.bind(AbstractPlainSocketImpl.java:387)
	at java.net.PlainSocketImpl.bind(PlainSocketImpl.java:190)
	at java.net.ServerSocket.bind(ServerSocket.java:375)
	at java.net.ServerSocket.<init>(ServerSocket.java:237)
	at java.net.ServerSocket.<init>(ServerSocket.java:128)
	at cn.how2j.diytomcat.catalina.Connector.run(Connector.java:31)
	at java.lang.Thread.run(Thread.java:745)
04 08, 2023 13:03:35 下午 cn.how2j.diytomcat.catalina.Connector error
ERROR: Address already in use: JVM_Bind
java.net.BindException: Address already in use: JVM_Bind
	at java.net.DualStackPlainSocketImpl.bind0(Native Method)
	at java.net.DualStackPlainSocketImpl.socketBind(DualStackPlainSocketImpl.java:106)
	at java.net.AbstractPlainSocketImpl.bind(AbstractPlainSocketImpl.java:387)
	at java.net.PlainSocketImpl.bind(PlainSocketImpl.java:190)
	at java.net.ServerSocket.bind(ServerSocket.java:375)
	at java.net.ServerSocket.<init>(ServerSocket.java:237)
	at java.net.ServerSocket.<init>(ServerSocket.java:128)
	at cn.how2j.diytomcat.catalina.Connector.run(Connector.java:31)
	at java.lang.Thread.run(Thread.java:745)
04 08, 2023 13:03:35 下午 cn.how2j.diytomcat.catalina.Connector error
ERROR: Address already in use: JVM_Bind
java.net.BindException: Address already in use: JVM_Bind
	at java.net.DualStackPlainSocketImpl.bind0(Native Method)
	at java.net.DualStackPlainSocketImpl.socketBind(DualStackPlainSocketImpl.java:106)
	at java.net.AbstractPlainSocketImpl.bind(AbstractPlainSocketImpl.java:387)
	at java.net.PlainSocketImpl.bind(PlainSocketImpl.java:190)
	at java.net.ServerSocket.bind(ServerSocket.java:375)
	at java.net.ServerSocket.<init>(ServerSocket.java:237)
	at java.net.ServerSocket.<init>(ServerSocket.java:128)
	at cn.how2j.diytomcat.catalina.Connector.run(Connector.java:31)
	at java.lang.Thread.run(Thread.java:745)
04 08, 2023 13:03:39 下午 cn.how2j.diytomcat.catalina.Context <init>
INFO : Deploying web application directory D:\project\diytomcat\webapps\a
04 08, 2023 13:03:39 下午 cn.how2j.diytomcat.catalina.Context <init>
INFO : Deployment of web application directory D:\project\diytomcat\webapps\a has finished in 129 ms
04 08, 2023 13:03:39 下午 cn.how2j.diytomcat.catalina.Context <init>
INFO : Deploying web application directory D:\project\diytomcat\webapps\j2ee
04 08, 2023 13:03:39 下午 cn.how2j.diytomcat.catalina.Context <init>
INFO : Deployment of web application directory D:\project\diytomcat\webapps\j2ee has finished in 5 ms
04 08, 2023 13:03:39 下午 cn.how2j.diytomcat.catalina.Context <init>
INFO : Deploying web application directory D:\project\diytomcat\webapps\ROOT
04 08, 2023 13:03:39 下午 cn.how2j.diytomcat.catalina.Context <init>
INFO : Deployment of web application directory D:\project\diytomcat\webapps\ROOT has finished in 2 ms
04 08, 2023 13:03:39 下午 cn.how2j.diytomcat.catalina.Context <init>
INFO : Deploying web application directory d:/project/diytomcat/b
04 08, 2023 13:03:39 下午 cn.how2j.diytomcat.catalina.Context <init>
INFO : Deployment of web application directory d:/project/diytomcat/b has finished in 1 ms
04 08, 2023 13:03:39 下午 cn.how2j.diytomcat.catalina.Context <init>
INFO : Deploying web application directory d:/project/javaweb/web
04 08, 2023 13:03:39 下午 cn.how2j.diytomcat.catalina.Context <init>
INFO : Deployment of web application directory d:/project/javaweb/web has finished in 14 ms
04 08, 2023 13:03:39 下午 cn.how2j.diytomcat.catalina.Server logJVM
INFO : Server version:		How2J DiyTomcat/1.0.1
04 08, 2023 13:03:39 下午 cn.how2j.diytomcat.catalina.Server logJVM
INFO : Server built:		2020-04-08 10:20:22
04 08, 2023 13:03:39 下午 cn.how2j.diytomcat.catalina.Server logJVM
INFO : Server number:		1.0.1
04 08, 2023 13:03:39 下午 cn.how2j.diytomcat.catalina.Server logJVM
INFO : OS Name	:		Windows 10
04 08, 2023 13:03:39 下午 cn.how2j.diytomcat.catalina.Server logJVM
INFO : OS Version:		10.0
04 08, 2023 13:03:39 下午 cn.how2j.diytomcat.catalina.Server logJVM
INFO : Architecture:		x86
04 08, 2023 13:03:39 下午 cn.how2j.diytomcat.catalina.Server logJVM
INFO : Java Home:		D:\soft\Java\jdk-8\jre
04 08, 2023 13:03:39 下午 cn.how2j.diytomcat.catalina.Server logJVM
INFO : JVM Version:		1.8.0_65-b17
04 08, 2023 13:03:39 下午 cn.how2j.diytomcat.catalina.Server logJVM
INFO : JVM Vendor:		Oracle Corporation
04 08, 2023 13:03:39 下午 cn.how2j.diytomcat.catalina.Connector init
INFO : Initializing ProtocolHandler [http-bio-18080]
04 08, 2023 13:03:39 下午 cn.how2j.diytomcat.catalina.Connector init
INFO : Initializing ProtocolHandler [http-bio-18081]
04 08, 2023 13:03:39 下午 cn.how2j.diytomcat.catalina.Connector init
INFO : Initializing ProtocolHandler [http-bio-18082]
04 08, 2023 13:03:39 下午 cn.how2j.diytomcat.catalina.Service init
INFO : Initialization processed in 1 ms
04 08, 2023 13:03:39 下午 cn.how2j.diytomcat.catalina.Connector start
INFO : Starting ProtocolHandler [http-bio-18080]
04 08, 2023 13:03:39 下午 cn.how2j.diytomcat.catalina.Connector start
INFO : Starting ProtocolHandler [http-bio-18081]
04 08, 2023 13:03:39 下午 cn.how2j.diytomcat.catalina.Connector start
INFO : Starting ProtocolHandler [http-bio-18082]
04 08, 2023 13:03:39 下午 cn.how2j.diytomcat.catalina.Server start
INFO : Server startup in 4 ms
04 08, 2023 14:05:55 下午 cn.how2j.diytomcat.catalina.Context <init>
INFO : Deploying web application directory D:\project\diytomcat\webapps\a
04 08, 2023 14:05:55 下午 cn.how2j.diytomcat.catalina.Context <init>
INFO : Deployment of web application directory D:\project\diytomcat\webapps\a has finished in 95 ms
04 08, 2023 14:05:55 下午 cn.how2j.diytomcat.catalina.Context <init>
INFO : Deploying web application directory D:\project\diytomcat\webapps\j2ee
04 08, 2023 14:05:55 下午 cn.how2j.diytomcat.catalina.Context <init>
INFO : Deployment of web application directory D:\project\diytomcat\webapps\j2ee has finished in 5 ms
04 08, 2023 14:05:55 下午 cn.how2j.diytomcat.catalina.Context <init>
INFO : Deploying web application directory D:\project\diytomcat\webapps\ROOT
04 08, 2023 14:05:55 下午 cn.how2j.diytomcat.catalina.Context <init>
INFO : Deployment of web application directory D:\project\diytomcat\webapps\ROOT has finished in 1 ms
04 08, 2023 14:05:55 下午 cn.how2j.diytomcat.catalina.Context <init>
INFO : Deploying web application directory d:/project/diytomcat/b
04 08, 2023 14:05:55 下午 cn.how2j.diytomcat.catalina.Context <init>
INFO : Deployment of web application directory d:/project/diytomcat/b has finished in 1 ms
04 08, 2023 14:05:55 下午 cn.how2j.diytomcat.catalina.Context <init>
INFO : Deploying web application directory d:/project/javaweb/web
04 08, 2023 14:05:55 下午 cn.how2j.diytomcat.catalina.Context <init>
INFO : Deployment of web application directory d:/project/javaweb/web has finished in 15 ms
04 08, 2023 14:05:55 下午 cn.how2j.diytomcat.catalina.Server logJVM
INFO : Server version:		How2J DiyTomcat/1.0.1
04 08, 2023 14:05:55 下午 cn.how2j.diytomcat.catalina.Server logJVM
INFO : Server built:		2020-04-08 10:20:22
04 08, 2023 14:05:55 下午 cn.how2j.diytomcat.catalina.Server logJVM
INFO : Server number:		1.0.1
04 08, 2023 14:05:55 下午 cn.how2j.diytomcat.catalina.Server logJVM
INFO : OS Name	:		Windows 10
04 08, 2023 14:05:55 下午 cn.how2j.diytomcat.catalina.Server logJVM
INFO : OS Version:		10.0
04 08, 2023 14:05:55 下午 cn.how2j.diytomcat.catalina.Server logJVM
INFO : Architecture:		x86
04 08, 2023 14:05:55 下午 cn.how2j.diytomcat.catalina.Server logJVM
INFO : Java Home:		D:\soft\Java\jdk-8\jre
04 08, 2023 14:05:55 下午 cn.how2j.diytomcat.catalina.Server logJVM
INFO : JVM Version:		1.8.0_65-b17
04 08, 2023 14:05:55 下午 cn.how2j.diytomcat.catalina.Server logJVM
INFO : JVM Vendor:		Oracle Corporation
04 08, 2023 14:05:55 下午 cn.how2j.diytomcat.catalina.Connector init
INFO : Initializing ProtocolHandler [http-bio-18080]
04 08, 2023 14:05:55 下午 cn.how2j.diytomcat.catalina.Connector init
INFO : Initializing ProtocolHandler [http-bio-18081]
04 08, 2023 14:05:55 下午 cn.how2j.diytomcat.catalina.Connector init
INFO : Initializing ProtocolHandler [http-bio-18082]
04 08, 2023 14:05:55 下午 cn.how2j.diytomcat.catalina.Service init
INFO : Initialization processed in 0 ms
04 08, 2023 14:05:55 下午 cn.how2j.diytomcat.catalina.Connector start
INFO : Starting ProtocolHandler [http-bio-18080]
04 08, 2023 14:05:55 下午 cn.how2j.diytomcat.catalina.Connector start
INFO : Starting ProtocolHandler [http-bio-18081]
04 08, 2023 14:05:55 下午 cn.how2j.diytomcat.catalina.Connector start
INFO : Starting ProtocolHandler [http-bio-18082]
04 08, 2023 14:05:55 下午 cn.how2j.diytomcat.catalina.Server start
INFO : Server startup in 4 ms
04 08, 2023 15:39:40 下午 cn.how2j.diytomcat.catalina.Context <init>
INFO : Deploying web application directory D:\project\diytomcat\webapps\a
04 08, 2023 15:39:40 下午 cn.how2j.diytomcat.catalina.Context <init>
INFO : Deployment of web application directory D:\project\diytomcat\webapps\a has finished in 97 ms
04 08, 2023 15:39:40 下午 cn.how2j.diytomcat.catalina.Context <init>
INFO : Deploying web application directory D:\project\diytomcat\webapps\j2ee
04 08, 2023 15:39:40 下午 cn.how2j.diytomcat.catalina.Context <init>
INFO : Deployment of web application directory D:\project\diytomcat\webapps\j2ee has finished in 5 ms
04 08, 2023 15:39:40 下午 cn.how2j.diytomcat.catalina.Context <init>
INFO : Deploying web application directory D:\project\diytomcat\webapps\ROOT
04 08, 2023 15:39:40 下午 cn.how2j.diytomcat.catalina.Context <init>
INFO : Deployment of web application directory D:\project\diytomcat\webapps\ROOT has finished in 1 ms
04 08, 2023 15:39:40 下午 cn.how2j.diytomcat.catalina.Context <init>
INFO : Deploying web application directory d:/project/diytomcat/b
04 08, 2023 15:39:40 下午 cn.how2j.diytomcat.catalina.Context <init>
INFO : Deployment of web application directory d:/project/diytomcat/b has finished in 2 ms
04 08, 2023 15:39:40 下午 cn.how2j.diytomcat.catalina.Context <init>
INFO : Deploying web application directory d:/project/javaweb/web
04 08, 2023 15:39:40 下午 cn.how2j.diytomcat.catalina.Context <init>
INFO : Deployment of web application directory d:/project/javaweb/web has finished in 16 ms
04 08, 2023 15:39:40 下午 cn.how2j.diytomcat.catalina.Server logJVM
INFO : Server version:		How2J DiyTomcat/1.0.1
04 08, 2023 15:39:40 下午 cn.how2j.diytomcat.catalina.Server logJVM
INFO : Server built:		2020-04-08 10:20:22
04 08, 2023 15:39:40 下午 cn.how2j.diytomcat.catalina.Server logJVM
INFO : Server number:		1.0.1
04 08, 2023 15:39:40 下午 cn.how2j.diytomcat.catalina.Server logJVM
INFO : OS Name	:		Windows 10
04 08, 2023 15:39:40 下午 cn.how2j.diytomcat.catalina.Server logJVM
INFO : OS Version:		10.0
04 08, 2023 15:39:40 下午 cn.how2j.diytomcat.catalina.Server logJVM
INFO : Architecture:		x86
04 08, 2023 15:39:40 下午 cn.how2j.diytomcat.catalina.Server logJVM
INFO : Java Home:		D:\soft\Java\jdk-8\jre
04 08, 2023 15:39:40 下午 cn.how2j.diytomcat.catalina.Server logJVM
INFO : JVM Version:		1.8.0_65-b17
04 08, 2023 15:39:40 下午 cn.how2j.diytomcat.catalina.Server logJVM
INFO : JVM Vendor:		Oracle Corporation
04 08, 2023 15:39:40 下午 cn.how2j.diytomcat.catalina.Connector init
INFO : Initializing ProtocolHandler [http-bio-18080]
04 08, 2023 15:39:40 下午 cn.how2j.diytomcat.catalina.Connector init
INFO : Initializing ProtocolHandler [http-bio-18081]
04 08, 2023 15:39:40 下午 cn.how2j.diytomcat.catalina.Connector init
INFO : Initializing ProtocolHandler [http-bio-18082]
04 08, 2023 15:39:40 下午 cn.how2j.diytomcat.catalina.Service init
INFO : Initialization processed in 1 ms
04 08, 2023 15:39:40 下午 cn.how2j.diytomcat.catalina.Connector start
INFO : Starting ProtocolHandler [http-bio-18080]
04 08, 2023 15:39:40 下午 cn.how2j.diytomcat.catalina.Connector start
INFO : Starting ProtocolHandler [http-bio-18081]
04 08, 2023 15:39:40 下午 cn.how2j.diytomcat.catalina.Connector start
INFO : Starting ProtocolHandler [http-bio-18082]
04 08, 2023 15:39:40 下午 cn.how2j.diytomcat.catalina.Server start
INFO : Server startup in 4 ms
04 08, 2023 15:44:32 下午 cn.how2j.diytomcat.catalina.Context <init>
INFO : Deploying web application directory D:\project\diytomcat\webapps\a
04 08, 2023 15:44:32 下午 cn.how2j.diytomcat.catalina.Context <init>
INFO : Deployment of web application directory D:\project\diytomcat\webapps\a has finished in 91 ms
04 08, 2023 15:44:32 下午 cn.how2j.diytomcat.catalina.Context <init>
INFO : Deploying web application directory D:\project\diytomcat\webapps\j2ee
04 08, 2023 15:44:32 下午 cn.how2j.diytomcat.catalina.Context <init>
INFO : Deployment of web application directory D:\project\diytomcat\webapps\j2ee has finished in 5 ms
04 08, 2023 15:44:32 下午 cn.how2j.diytomcat.catalina.Context <init>
INFO : Deploying web application directory D:\project\diytomcat\webapps\ROOT
04 08, 2023 15:44:32 下午 cn.how2j.diytomcat.catalina.Context <init>
INFO : Deployment of web application directory D:\project\diytomcat\webapps\ROOT has finished in 2 ms
04 08, 2023 15:44:32 下午 cn.how2j.diytomcat.catalina.Context <init>
INFO : Deploying web application directory d:/project/diytomcat/b
04 08, 2023 15:44:32 下午 cn.how2j.diytomcat.catalina.Context <init>
INFO : Deployment of web application directory d:/project/diytomcat/b has finished in 1 ms
04 08, 2023 15:44:32 下午 cn.how2j.diytomcat.catalina.Context <init>
INFO : Deploying web application directory d:/project/javaweb/web
04 08, 2023 15:44:32 下午 cn.how2j.diytomcat.catalina.Context <init>
INFO : Deployment of web application directory d:/project/javaweb/web has finished in 14 ms
04 08, 2023 15:44:32 下午 cn.how2j.diytomcat.catalina.Server logJVM
INFO : Server version:		How2J DiyTomcat/1.0.1
04 08, 2023 15:44:32 下午 cn.how2j.diytomcat.catalina.Server logJVM
INFO : Server built:		2020-04-08 10:20:22
04 08, 2023 15:44:32 下午 cn.how2j.diytomcat.catalina.Server logJVM
INFO : Server number:		1.0.1
04 08, 2023 15:44:32 下午 cn.how2j.diytomcat.catalina.Server logJVM
INFO : OS Name	:		Windows 10
04 08, 2023 15:44:32 下午 cn.how2j.diytomcat.catalina.Server logJVM
INFO : OS Version:		10.0
04 08, 2023 15:44:32 下午 cn.how2j.diytomcat.catalina.Server logJVM
INFO : Architecture:		x86
04 08, 2023 15:44:32 下午 cn.how2j.diytomcat.catalina.Server logJVM
INFO : Java Home:		D:\soft\Java\jdk-8\jre
04 08, 2023 15:44:32 下午 cn.how2j.diytomcat.catalina.Server logJVM
INFO : JVM Version:		1.8.0_65-b17
04 08, 2023 15:44:32 下午 cn.how2j.diytomcat.catalina.Server logJVM
INFO : JVM Vendor:		Oracle Corporation
04 08, 2023 15:44:32 下午 cn.how2j.diytomcat.catalina.Connector init
INFO : Initializing ProtocolHandler [http-bio-18080]
04 08, 2023 15:44:32 下午 cn.how2j.diytomcat.catalina.Connector init
INFO : Initializing ProtocolHandler [http-bio-18081]
04 08, 2023 15:44:32 下午 cn.how2j.diytomcat.catalina.Connector init
INFO : Initializing ProtocolHandler [http-bio-18082]
04 08, 2023 15:44:32 下午 cn.how2j.diytomcat.catalina.Service init
INFO : Initialization processed in 1 ms
04 08, 2023 15:44:32 下午 cn.how2j.diytomcat.catalina.Connector start
INFO : Starting ProtocolHandler [http-bio-18080]
04 08, 2023 15:44:32 下午 cn.how2j.diytomcat.catalina.Connector start
INFO : Starting ProtocolHandler [http-bio-18081]
04 08, 2023 15:44:32 下午 cn.how2j.diytomcat.catalina.Connector start
INFO : Starting ProtocolHandler [http-bio-18082]
04 08, 2023 15:44:32 下午 cn.how2j.diytomcat.catalina.Server start
INFO : Server startup in 4 ms
04 08, 2023 15:52:42 下午 cn.how2j.diytomcat.catalina.Context <init>
INFO : Deploying web application directory D:\project\diytomcat\webapps\a
04 08, 2023 15:52:42 下午 cn.how2j.diytomcat.catalina.Context <init>
INFO : Deployment of web application directory D:\project\diytomcat\webapps\a has finished in 113 ms
04 08, 2023 15:52:42 下午 cn.how2j.diytomcat.catalina.Context <init>
INFO : Deploying web application directory D:\project\diytomcat\webapps\j2ee
04 08, 2023 15:52:42 下午 cn.how2j.diytomcat.catalina.Context <init>
INFO : Deployment of web application directory D:\project\diytomcat\webapps\j2ee has finished in 6 ms
04 08, 2023 15:52:42 下午 cn.how2j.diytomcat.catalina.Context <init>
INFO : Deploying web application directory D:\project\diytomcat\webapps\ROOT
04 08, 2023 15:52:42 下午 cn.how2j.diytomcat.catalina.Context <init>
INFO : Deployment of web application directory D:\project\diytomcat\webapps\ROOT has finished in 1 ms
04 08, 2023 15:52:42 下午 cn.how2j.diytomcat.catalina.Context <init>
INFO : Deploying web application directory d:/project/diytomcat/b
04 08, 2023 15:52:42 下午 cn.how2j.diytomcat.catalina.Context <init>
INFO : Deployment of web application directory d:/project/diytomcat/b has finished in 1 ms
04 08, 2023 15:52:42 下午 cn.how2j.diytomcat.catalina.Context <init>
INFO : Deploying web application directory d:/project/javaweb/web
04 08, 2023 15:52:42 下午 cn.how2j.diytomcat.catalina.Context <init>
INFO : Deployment of web application directory d:/project/javaweb/web has finished in 14 ms
04 08, 2023 15:52:42 下午 cn.how2j.diytomcat.catalina.Server logJVM
INFO : Server version:		How2J DiyTomcat/1.0.1
04 08, 2023 15:52:42 下午 cn.how2j.diytomcat.catalina.Server logJVM
INFO : Server built:		2020-04-08 10:20:22
04 08, 2023 15:52:42 下午 cn.how2j.diytomcat.catalina.Server logJVM
INFO : Server number:		1.0.1
04 08, 2023 15:52:42 下午 cn.how2j.diytomcat.catalina.Server logJVM
INFO : OS Name	:		Windows 10
04 08, 2023 15:52:42 下午 cn.how2j.diytomcat.catalina.Server logJVM
INFO : OS Version:		10.0
04 08, 2023 15:52:42 下午 cn.how2j.diytomcat.catalina.Server logJVM
INFO : Architecture:		x86
04 08, 2023 15:52:42 下午 cn.how2j.diytomcat.catalina.Server logJVM
INFO : Java Home:		D:\soft\Java\jdk-8\jre
04 08, 2023 15:52:42 下午 cn.how2j.diytomcat.catalina.Server logJVM
INFO : JVM Version:		1.8.0_65-b17
04 08, 2023 15:52:42 下午 cn.how2j.diytomcat.catalina.Server logJVM
INFO : JVM Vendor:		Oracle Corporation
04 08, 2023 15:52:42 下午 cn.how2j.diytomcat.catalina.Connector init
INFO : Initializing ProtocolHandler [http-bio-18080]
04 08, 2023 15:52:42 下午 cn.how2j.diytomcat.catalina.Connector init
INFO : Initializing ProtocolHandler [http-bio-18081]
04 08, 2023 15:52:42 下午 cn.how2j.diytomcat.catalina.Connector init
INFO : Initializing ProtocolHandler [http-bio-18082]
04 08, 2023 15:52:42 下午 cn.how2j.diytomcat.catalina.Service init
INFO : Initialization processed in 0 ms
04 08, 2023 15:52:42 下午 cn.how2j.diytomcat.catalina.Connector start
INFO : Starting ProtocolHandler [http-bio-18080]
04 08, 2023 15:52:42 下午 cn.how2j.diytomcat.catalina.Connector start
INFO : Starting ProtocolHandler [http-bio-18081]
04 08, 2023 15:52:42 下午 cn.how2j.diytomcat.catalina.Connector start
INFO : Starting ProtocolHandler [http-bio-18082]
04 08, 2023 15:52:42 下午 cn.how2j.diytomcat.catalina.Server start
INFO : Server startup in 5 ms
04 08, 2023 16:40:29 下午 cn.how2j.diytomcat.watcher.ContextFileChangeWatcher$1 dealWith
INFO : cn.how2j.diytomcat.watcher.ContextFileChangeWatcher@c326d5 检测到了Web应用下的重要文件变化 index.jsp 
04 08, 2023 16:40:29 下午 cn.how2j.diytomcat.catalina.Host reload
INFO : Reloading Context with name [/javaweb] has started
04 08, 2023 16:40:29 下午 cn.how2j.diytomcat.catalina.Context <init>
INFO : Deploying web application directory d:/project/javaweb/web
04 08, 2023 16:40:29 下午 cn.how2j.diytomcat.catalina.Context <init>
INFO : Deployment of web application directory d:/project/javaweb/web has finished in 6 ms
04 08, 2023 16:40:29 下午 cn.how2j.diytomcat.catalina.Host reload
INFO : Reloading Context with name [/javaweb] has completed
04 08, 2023 16:40:36 下午 cn.how2j.diytomcat.watcher.ContextFileChangeWatcher$1 dealWith
INFO : cn.how2j.diytomcat.watcher.ContextFileChangeWatcher@1e5081f 检测到了Web应用下的重要文件变化 index.jsp~ 
04 08, 2023 16:40:36 下午 cn.how2j.diytomcat.catalina.Host reload
INFO : Reloading Context with name [/javaweb] has started
04 08, 2023 16:40:36 下午 cn.how2j.diytomcat.catalina.Context <init>
INFO : Deploying web application directory d:/project/javaweb/web
04 08, 2023 16:40:36 下午 cn.how2j.diytomcat.catalina.Context <init>
INFO : Deployment of web application directory d:/project/javaweb/web has finished in 4 ms
04 08, 2023 16:40:36 下午 cn.how2j.diytomcat.catalina.Host reload
INFO : Reloading Context with name [/javaweb] has completed
