04 03, 2023 08:37:55 上午 cn.how2j.diytomcat.Bootstrap logJVM
INFO : Server version:		How2J DiyTomcat/1.0.1
04 03, 2023 08:37:55 上午 cn.how2j.diytomcat.Bootstrap logJVM
INFO : Server built:		2020-04-08 10:20:22
04 03, 2023 08:37:55 上午 cn.how2j.diytomcat.Bootstrap logJVM
INFO : Server number:		1.0.1
04 03, 2023 08:37:55 上午 cn.how2j.diytomcat.Bootstrap logJVM
INFO : OS Name	:		Windows 10
04 03, 2023 08:37:55 上午 cn.how2j.diytomcat.Bootstrap logJVM
INFO : OS Version:		10.0
04 03, 2023 08:37:55 上午 cn.how2j.diytomcat.Bootstrap logJVM
INFO : Architecture:		x86
04 03, 2023 08:37:55 上午 cn.how2j.diytomcat.Bootstrap logJVM
INFO : Java Home:		D:\soft\Java\jdk-8\jre
04 03, 2023 08:37:55 上午 cn.how2j.diytomcat.Bootstrap logJVM
INFO : JVM Version:		1.8.0_65-b17
04 03, 2023 08:37:55 上午 cn.how2j.diytomcat.Bootstrap logJVM
INFO : JVM Vendor:		Oracle Corporation
04 03, 2023 08:41:50 上午 cn.how2j.diytomcat.Bootstrap logJVM
INFO : Server version:		How2J DiyTomcat/1.0.1
04 03, 2023 08:41:50 上午 cn.how2j.diytomcat.Bootstrap logJVM
INFO : Server built:		2020-04-08 10:20:22
04 03, 2023 08:41:50 上午 cn.how2j.diytomcat.Bootstrap logJVM
INFO : Server number:		1.0.1
04 03, 2023 08:41:50 上午 cn.how2j.diytomcat.Bootstrap logJVM
INFO : OS Name	:		Windows 10
04 03, 2023 08:41:50 上午 cn.how2j.diytomcat.Bootstrap logJVM
INFO : OS Version:		10.0
04 03, 2023 08:41:50 上午 cn.how2j.diytomcat.Bootstrap logJVM
INFO : Architecture:		x86
04 03, 2023 08:41:50 上午 cn.how2j.diytomcat.Bootstrap logJVM
INFO : Java Home:		D:\soft\Java\jdk-8\jre
04 03, 2023 08:41:50 上午 cn.how2j.diytomcat.Bootstrap logJVM
INFO : JVM Version:		1.8.0_65-b17
04 03, 2023 08:41:50 上午 cn.how2j.diytomcat.Bootstrap logJVM
INFO : JVM Vendor:		Oracle Corporation
04 03, 2023 08:42:10 上午 cn.how2j.diytomcat.Bootstrap logJVM
INFO : Server version:		How2J DiyTomcat/1.0.1
04 03, 2023 08:42:10 上午 cn.how2j.diytomcat.Bootstrap logJVM
INFO : Server built:		2020-04-08 10:20:22
04 03, 2023 08:42:10 上午 cn.how2j.diytomcat.Bootstrap logJVM
INFO : Server number:		1.0.1
04 03, 2023 08:42:10 上午 cn.how2j.diytomcat.Bootstrap logJVM
INFO : OS Name	:		Windows 10
04 03, 2023 08:42:10 上午 cn.how2j.diytomcat.Bootstrap logJVM
INFO : OS Version:		10.0
04 03, 2023 08:42:10 上午 cn.how2j.diytomcat.Bootstrap logJVM
INFO : Architecture:		x86
04 03, 2023 08:42:10 上午 cn.how2j.diytomcat.Bootstrap logJVM
INFO : Java Home:		D:\soft\Java\jdk-8\jre
04 03, 2023 08:42:10 上午 cn.how2j.diytomcat.Bootstrap logJVM
INFO : JVM Version:		1.8.0_65-b17
04 03, 2023 08:42:10 上午 cn.how2j.diytomcat.Bootstrap logJVM
INFO : JVM Vendor:		Oracle Corporation
04 03, 2023 08:56:50 上午 cn.how2j.diytomcat.Bootstrap logJVM
INFO : Server version:		How2J DiyTomcat/1.0.1
04 03, 2023 08:56:50 上午 cn.how2j.diytomcat.Bootstrap logJVM
INFO : Server built:		2020-04-08 10:20:22
04 03, 2023 08:56:50 上午 cn.how2j.diytomcat.Bootstrap logJVM
INFO : Server number:		1.0.1
04 03, 2023 08:56:50 上午 cn.how2j.diytomcat.Bootstrap logJVM
INFO : OS Name	:		Windows 10
04 03, 2023 08:56:50 上午 cn.how2j.diytomcat.Bootstrap logJVM
INFO : OS Version:		10.0
04 03, 2023 08:56:50 上午 cn.how2j.diytomcat.Bootstrap logJVM
INFO : Architecture:		x86
04 03, 2023 08:56:50 上午 cn.how2j.diytomcat.Bootstrap logJVM
INFO : Java Home:		D:\soft\Java\jdk-8\jre
04 03, 2023 08:56:50 上午 cn.how2j.diytomcat.Bootstrap logJVM
INFO : JVM Version:		1.8.0_65-b17
04 03, 2023 08:56:50 上午 cn.how2j.diytomcat.Bootstrap logJVM
INFO : JVM Vendor:		Oracle Corporation
04 03, 2023 09:08:20 上午 cn.how2j.diytomcat.Bootstrap logJVM
INFO : Server version:		How2J DiyTomcat/1.0.1
04 03, 2023 09:08:20 上午 cn.how2j.diytomcat.Bootstrap logJVM
INFO : Server built:		2020-04-08 10:20:22
04 03, 2023 09:08:20 上午 cn.how2j.diytomcat.Bootstrap logJVM
INFO : Server number:		1.0.1
04 03, 2023 09:08:20 上午 cn.how2j.diytomcat.Bootstrap logJVM
INFO : OS Name	:		Windows 10
04 03, 2023 09:08:20 上午 cn.how2j.diytomcat.Bootstrap logJVM
INFO : OS Version:		10.0
04 03, 2023 09:08:20 上午 cn.how2j.diytomcat.Bootstrap logJVM
INFO : Architecture:		x86
04 03, 2023 09:08:20 上午 cn.how2j.diytomcat.Bootstrap logJVM
INFO : Java Home:		D:\soft\Java\jdk-8\jre
04 03, 2023 09:08:20 上午 cn.how2j.diytomcat.Bootstrap logJVM
INFO : JVM Version:		1.8.0_65-b17
04 03, 2023 09:08:20 上午 cn.how2j.diytomcat.Bootstrap logJVM
INFO : JVM Vendor:		Oracle Corporation
04 03, 2023 09:35:52 上午 cn.how2j.diytomcat.Bootstrap logJVM
INFO : Server version:		How2J DiyTomcat/1.0.1
04 03, 2023 09:35:52 上午 cn.how2j.diytomcat.Bootstrap logJVM
INFO : Server built:		2020-04-08 10:20:22
04 03, 2023 09:35:52 上午 cn.how2j.diytomcat.Bootstrap logJVM
INFO : Server number:		1.0.1
04 03, 2023 09:35:52 上午 cn.how2j.diytomcat.Bootstrap logJVM
INFO : OS Name	:		Windows 10
04 03, 2023 09:35:52 上午 cn.how2j.diytomcat.Bootstrap logJVM
INFO : OS Version:		10.0
04 03, 2023 09:35:52 上午 cn.how2j.diytomcat.Bootstrap logJVM
INFO : Architecture:		x86
04 03, 2023 09:35:52 上午 cn.how2j.diytomcat.Bootstrap logJVM
INFO : Java Home:		D:\soft\Java\jdk-8\jre
04 03, 2023 09:35:52 上午 cn.how2j.diytomcat.Bootstrap logJVM
INFO : JVM Version:		1.8.0_65-b17
04 03, 2023 09:35:52 上午 cn.how2j.diytomcat.Bootstrap logJVM
INFO : JVM Vendor:		Oracle Corporation
04 03, 2023 11:02:24 上午 cn.how2j.diytomcat.Bootstrap logJVM
INFO : Server version:		How2J DiyTomcat/1.0.1
04 03, 2023 11:02:24 上午 cn.how2j.diytomcat.Bootstrap logJVM
INFO : Server built:		2020-04-08 10:20:22
04 03, 2023 11:02:24 上午 cn.how2j.diytomcat.Bootstrap logJVM
INFO : Server number:		1.0.1
04 03, 2023 11:02:24 上午 cn.how2j.diytomcat.Bootstrap logJVM
INFO : OS Name	:		Windows 10
04 03, 2023 11:02:24 上午 cn.how2j.diytomcat.Bootstrap logJVM
INFO : OS Version:		10.0
04 03, 2023 11:02:24 上午 cn.how2j.diytomcat.Bootstrap logJVM
INFO : Architecture:		x86
04 03, 2023 11:02:24 上午 cn.how2j.diytomcat.Bootstrap logJVM
INFO : Java Home:		D:\soft\Java\jdk-8\jre
04 03, 2023 11:02:24 上午 cn.how2j.diytomcat.Bootstrap logJVM
INFO : JVM Version:		1.8.0_65-b17
04 03, 2023 11:02:24 上午 cn.how2j.diytomcat.Bootstrap logJVM
INFO : JVM Vendor:		Oracle Corporation
04 03, 2023 11:02:24 上午 cn.how2j.diytomcat.catalina.Context <init>
INFO : Deploying web application directory D:\project\diytomcat\webapps\a
04 03, 2023 11:02:24 上午 cn.how2j.diytomcat.catalina.Context <init>
INFO : Deployment of web application directory D:\project\diytomcat\webapps\a has finished in 0 ms
04 03, 2023 11:02:24 上午 cn.how2j.diytomcat.catalina.Context <init>
INFO : Deploying web application directory D:\project\diytomcat\webapps\ROOT
04 03, 2023 11:02:24 上午 cn.how2j.diytomcat.catalina.Context <init>
INFO : Deployment of web application directory D:\project\diytomcat\webapps\ROOT has finished in 0 ms
04 03, 2023 11:03:53 上午 cn.how2j.diytomcat.Bootstrap logJVM
INFO : Server version:		How2J DiyTomcat/1.0.1
04 03, 2023 11:03:53 上午 cn.how2j.diytomcat.Bootstrap logJVM
INFO : Server built:		2020-04-08 10:20:22
04 03, 2023 11:03:53 上午 cn.how2j.diytomcat.Bootstrap logJVM
INFO : Server number:		1.0.1
04 03, 2023 11:03:53 上午 cn.how2j.diytomcat.Bootstrap logJVM
INFO : OS Name	:		Windows 10
04 03, 2023 11:03:53 上午 cn.how2j.diytomcat.Bootstrap logJVM
INFO : OS Version:		10.0
04 03, 2023 11:03:53 上午 cn.how2j.diytomcat.Bootstrap logJVM
INFO : Architecture:		x86
04 03, 2023 11:03:53 上午 cn.how2j.diytomcat.Bootstrap logJVM
INFO : Java Home:		D:\soft\Java\jdk-8\jre
04 03, 2023 11:03:53 上午 cn.how2j.diytomcat.Bootstrap logJVM
INFO : JVM Version:		1.8.0_65-b17
04 03, 2023 11:03:53 上午 cn.how2j.diytomcat.Bootstrap logJVM
INFO : JVM Vendor:		Oracle Corporation
04 03, 2023 11:03:53 上午 cn.how2j.diytomcat.catalina.Context <init>
INFO : Deploying web application directory D:\project\diytomcat\webapps\a
04 03, 2023 11:03:53 上午 cn.how2j.diytomcat.catalina.Context <init>
INFO : Deployment of web application directory D:\project\diytomcat\webapps\a has finished in 0 ms
04 03, 2023 11:03:53 上午 cn.how2j.diytomcat.catalina.Context <init>
INFO : Deploying web application directory D:\project\diytomcat\webapps\ROOT
04 03, 2023 11:03:53 上午 cn.how2j.diytomcat.catalina.Context <init>
INFO : Deployment of web application directory D:\project\diytomcat\webapps\ROOT has finished in 0 ms
04 03, 2023 11:04:09 上午 cn.how2j.diytomcat.Bootstrap logJVM
INFO : Server version:		How2J DiyTomcat/1.0.1
04 03, 2023 11:04:09 上午 cn.how2j.diytomcat.Bootstrap logJVM
INFO : Server built:		2020-04-08 10:20:22
04 03, 2023 11:04:09 上午 cn.how2j.diytomcat.Bootstrap logJVM
INFO : Server number:		1.0.1
04 03, 2023 11:04:09 上午 cn.how2j.diytomcat.Bootstrap logJVM
INFO : OS Name	:		Windows 10
04 03, 2023 11:04:09 上午 cn.how2j.diytomcat.Bootstrap logJVM
INFO : OS Version:		10.0
04 03, 2023 11:04:09 上午 cn.how2j.diytomcat.Bootstrap logJVM
INFO : Architecture:		x86
04 03, 2023 11:04:09 上午 cn.how2j.diytomcat.Bootstrap logJVM
INFO : Java Home:		D:\soft\Java\jdk-8\jre
04 03, 2023 11:04:09 上午 cn.how2j.diytomcat.Bootstrap logJVM
INFO : JVM Version:		1.8.0_65-b17
04 03, 2023 11:04:09 上午 cn.how2j.diytomcat.Bootstrap logJVM
INFO : JVM Vendor:		Oracle Corporation
04 03, 2023 11:04:09 上午 cn.how2j.diytomcat.catalina.Context <init>
INFO : Deploying web application directory D:\project\diytomcat\webapps\a
04 03, 2023 11:04:09 上午 cn.how2j.diytomcat.catalina.Context <init>
INFO : Deployment of web application directory D:\project\diytomcat\webapps\a has finished in 0 ms
04 03, 2023 11:04:09 上午 cn.how2j.diytomcat.catalina.Context <init>
INFO : Deploying web application directory D:\project\diytomcat\webapps\ROOT
04 03, 2023 11:04:09 上午 cn.how2j.diytomcat.catalina.Context <init>
INFO : Deployment of web application directory D:\project\diytomcat\webapps\ROOT has finished in 1 ms
04 03, 2023 11:05:04 上午 cn.how2j.diytomcat.Bootstrap logJVM
INFO : Server version:		How2J DiyTomcat/1.0.1
04 03, 2023 11:05:04 上午 cn.how2j.diytomcat.Bootstrap logJVM
INFO : Server built:		2020-04-08 10:20:22
04 03, 2023 11:05:04 上午 cn.how2j.diytomcat.Bootstrap logJVM
INFO : Server number:		1.0.1
04 03, 2023 11:05:04 上午 cn.how2j.diytomcat.Bootstrap logJVM
INFO : OS Name	:		Windows 10
04 03, 2023 11:05:04 上午 cn.how2j.diytomcat.Bootstrap logJVM
INFO : OS Version:		10.0
04 03, 2023 11:05:04 上午 cn.how2j.diytomcat.Bootstrap logJVM
INFO : Architecture:		x86
04 03, 2023 11:05:04 上午 cn.how2j.diytomcat.Bootstrap logJVM
INFO : Java Home:		D:\soft\Java\jdk-8\jre
04 03, 2023 11:05:04 上午 cn.how2j.diytomcat.Bootstrap logJVM
INFO : JVM Version:		1.8.0_65-b17
04 03, 2023 11:05:04 上午 cn.how2j.diytomcat.Bootstrap logJVM
INFO : JVM Vendor:		Oracle Corporation
04 03, 2023 11:05:04 上午 cn.how2j.diytomcat.catalina.Context <init>
INFO : Deploying web application directory D:\project\diytomcat\webapps\a
04 03, 2023 11:05:04 上午 cn.how2j.diytomcat.catalina.Context <init>
INFO : Deployment of web application directory D:\project\diytomcat\webapps\a has finished in 0 ms
04 03, 2023 11:05:04 上午 cn.how2j.diytomcat.catalina.Context <init>
INFO : Deploying web application directory D:\project\diytomcat\webapps\ROOT
04 03, 2023 11:05:04 上午 cn.how2j.diytomcat.catalina.Context <init>
INFO : Deployment of web application directory D:\project\diytomcat\webapps\ROOT has finished in 0 ms
04 03, 2023 11:08:28 上午 cn.how2j.diytomcat.Bootstrap logJVM
INFO : Server version:		How2J DiyTomcat/1.0.1
04 03, 2023 11:08:28 上午 cn.how2j.diytomcat.Bootstrap logJVM
INFO : Server built:		2020-04-08 10:20:22
04 03, 2023 11:08:28 上午 cn.how2j.diytomcat.Bootstrap logJVM
INFO : Server number:		1.0.1
04 03, 2023 11:08:28 上午 cn.how2j.diytomcat.Bootstrap logJVM
INFO : OS Name	:		Windows 10
04 03, 2023 11:08:28 上午 cn.how2j.diytomcat.Bootstrap logJVM
INFO : OS Version:		10.0
04 03, 2023 11:08:28 上午 cn.how2j.diytomcat.Bootstrap logJVM
INFO : Architecture:		x86
04 03, 2023 11:08:28 上午 cn.how2j.diytomcat.Bootstrap logJVM
INFO : Java Home:		D:\soft\Java\jdk-8\jre
04 03, 2023 11:08:28 上午 cn.how2j.diytomcat.Bootstrap logJVM
INFO : JVM Version:		1.8.0_65-b17
04 03, 2023 11:08:28 上午 cn.how2j.diytomcat.Bootstrap logJVM
INFO : JVM Vendor:		Oracle Corporation
04 03, 2023 11:08:28 上午 cn.how2j.diytomcat.catalina.Context <init>
INFO : Deploying web application directory D:\project\diytomcat\webapps\a
04 03, 2023 11:08:28 上午 cn.how2j.diytomcat.catalina.Context <init>
INFO : Deployment of web application directory D:\project\diytomcat\webapps\a has finished in 1 ms
04 03, 2023 11:08:28 上午 cn.how2j.diytomcat.catalina.Context <init>
INFO : Deploying web application directory D:\project\diytomcat\webapps\ROOT
04 03, 2023 11:08:28 上午 cn.how2j.diytomcat.catalina.Context <init>
INFO : Deployment of web application directory D:\project\diytomcat\webapps\ROOT has finished in 0 ms
04 03, 2023 11:09:42 上午 cn.how2j.diytomcat.Bootstrap logJVM
INFO : Server version:		How2J DiyTomcat/1.0.1
04 03, 2023 11:09:42 上午 cn.how2j.diytomcat.Bootstrap logJVM
INFO : Server built:		2020-04-08 10:20:22
04 03, 2023 11:09:42 上午 cn.how2j.diytomcat.Bootstrap logJVM
INFO : Server number:		1.0.1
04 03, 2023 11:09:42 上午 cn.how2j.diytomcat.Bootstrap logJVM
INFO : OS Name	:		Windows 10
04 03, 2023 11:09:42 上午 cn.how2j.diytomcat.Bootstrap logJVM
INFO : OS Version:		10.0
04 03, 2023 11:09:42 上午 cn.how2j.diytomcat.Bootstrap logJVM
INFO : Architecture:		x86
04 03, 2023 11:09:42 上午 cn.how2j.diytomcat.Bootstrap logJVM
INFO : Java Home:		D:\soft\Java\jdk-8\jre
04 03, 2023 11:09:42 上午 cn.how2j.diytomcat.Bootstrap logJVM
INFO : JVM Version:		1.8.0_65-b17
04 03, 2023 11:09:42 上午 cn.how2j.diytomcat.Bootstrap logJVM
INFO : JVM Vendor:		Oracle Corporation
04 03, 2023 11:09:42 上午 cn.how2j.diytomcat.catalina.Context <init>
INFO : Deploying web application directory D:\project\diytomcat\webapps\a
04 03, 2023 11:09:42 上午 cn.how2j.diytomcat.catalina.Context <init>
INFO : Deployment of web application directory D:\project\diytomcat\webapps\a has finished in 0 ms
04 03, 2023 11:09:42 上午 cn.how2j.diytomcat.catalina.Context <init>
INFO : Deploying web application directory D:\project\diytomcat\webapps\ROOT
04 03, 2023 11:09:42 上午 cn.how2j.diytomcat.catalina.Context <init>
INFO : Deployment of web application directory D:\project\diytomcat\webapps\ROOT has finished in 0 ms
04 03, 2023 11:11:02 上午 cn.how2j.diytomcat.Bootstrap logJVM
INFO : Server version:		How2J DiyTomcat/1.0.1
04 03, 2023 11:11:02 上午 cn.how2j.diytomcat.Bootstrap logJVM
INFO : Server built:		2020-04-08 10:20:22
04 03, 2023 11:11:02 上午 cn.how2j.diytomcat.Bootstrap logJVM
INFO : Server number:		1.0.1
04 03, 2023 11:11:02 上午 cn.how2j.diytomcat.Bootstrap logJVM
INFO : OS Name	:		Windows 10
04 03, 2023 11:11:02 上午 cn.how2j.diytomcat.Bootstrap logJVM
INFO : OS Version:		10.0
04 03, 2023 11:11:02 上午 cn.how2j.diytomcat.Bootstrap logJVM
INFO : Architecture:		x86
04 03, 2023 11:11:02 上午 cn.how2j.diytomcat.Bootstrap logJVM
INFO : Java Home:		D:\soft\Java\jdk-8\jre
04 03, 2023 11:11:02 上午 cn.how2j.diytomcat.Bootstrap logJVM
INFO : JVM Version:		1.8.0_65-b17
04 03, 2023 11:11:02 上午 cn.how2j.diytomcat.Bootstrap logJVM
INFO : JVM Vendor:		Oracle Corporation
04 03, 2023 11:11:02 上午 cn.how2j.diytomcat.catalina.Context <init>
INFO : Deploying web application directory D:\project\diytomcat\webapps\a
04 03, 2023 11:11:02 上午 cn.how2j.diytomcat.catalina.Context <init>
INFO : Deployment of web application directory D:\project\diytomcat\webapps\a has finished in 1 ms
04 03, 2023 11:11:02 上午 cn.how2j.diytomcat.catalina.Context <init>
INFO : Deploying web application directory D:\project\diytomcat\webapps\ROOT
04 03, 2023 11:11:02 上午 cn.how2j.diytomcat.catalina.Context <init>
INFO : Deployment of web application directory D:\project\diytomcat\webapps\ROOT has finished in 0 ms
04 03, 2023 11:12:06 上午 cn.how2j.diytomcat.Bootstrap logJVM
INFO : Server version:		How2J DiyTomcat/1.0.1
04 03, 2023 11:12:06 上午 cn.how2j.diytomcat.Bootstrap logJVM
INFO : Server built:		2020-04-08 10:20:22
04 03, 2023 11:12:06 上午 cn.how2j.diytomcat.Bootstrap logJVM
INFO : Server number:		1.0.1
04 03, 2023 11:12:06 上午 cn.how2j.diytomcat.Bootstrap logJVM
INFO : OS Name	:		Windows 10
04 03, 2023 11:12:06 上午 cn.how2j.diytomcat.Bootstrap logJVM
INFO : OS Version:		10.0
04 03, 2023 11:12:06 上午 cn.how2j.diytomcat.Bootstrap logJVM
INFO : Architecture:		x86
04 03, 2023 11:12:06 上午 cn.how2j.diytomcat.Bootstrap logJVM
INFO : Java Home:		D:\soft\Java\jdk-8\jre
04 03, 2023 11:12:06 上午 cn.how2j.diytomcat.Bootstrap logJVM
INFO : JVM Version:		1.8.0_65-b17
04 03, 2023 11:12:06 上午 cn.how2j.diytomcat.Bootstrap logJVM
INFO : JVM Vendor:		Oracle Corporation
04 03, 2023 11:12:06 上午 cn.how2j.diytomcat.catalina.Context <init>
INFO : Deploying web application directory D:\project\diytomcat\webapps\a
04 03, 2023 11:12:06 上午 cn.how2j.diytomcat.catalina.Context <init>
INFO : Deployment of web application directory D:\project\diytomcat\webapps\a has finished in 1 ms
04 03, 2023 11:12:06 上午 cn.how2j.diytomcat.catalina.Context <init>
INFO : Deploying web application directory D:\project\diytomcat\webapps\ROOT
04 03, 2023 11:12:06 上午 cn.how2j.diytomcat.catalina.Context <init>
INFO : Deployment of web application directory D:\project\diytomcat\webapps\ROOT has finished in 1 ms
04 03, 2023 14:03:54 下午 cn.how2j.diytomcat.Bootstrap logJVM
INFO : Server version:		How2J DiyTomcat/1.0.1
04 03, 2023 14:03:54 下午 cn.how2j.diytomcat.Bootstrap logJVM
INFO : Server built:		2020-04-08 10:20:22
04 03, 2023 14:03:54 下午 cn.how2j.diytomcat.Bootstrap logJVM
INFO : Server number:		1.0.1
04 03, 2023 14:03:54 下午 cn.how2j.diytomcat.Bootstrap logJVM
INFO : OS Name	:		Windows 10
04 03, 2023 14:03:54 下午 cn.how2j.diytomcat.Bootstrap logJVM
INFO : OS Version:		10.0
04 03, 2023 14:03:54 下午 cn.how2j.diytomcat.Bootstrap logJVM
INFO : Architecture:		x86
04 03, 2023 14:03:54 下午 cn.how2j.diytomcat.Bootstrap logJVM
INFO : Java Home:		D:\soft\Java\jdk-8\jre
04 03, 2023 14:03:54 下午 cn.how2j.diytomcat.Bootstrap logJVM
INFO : JVM Version:		1.8.0_65-b17
04 03, 2023 14:03:54 下午 cn.how2j.diytomcat.Bootstrap logJVM
INFO : JVM Vendor:		Oracle Corporation
04 03, 2023 14:03:54 下午 cn.how2j.diytomcat.catalina.Context <init>
INFO : Deploying web application directory D:\project\diytomcat\webapps\a
04 03, 2023 14:03:54 下午 cn.how2j.diytomcat.catalina.Context <init>
INFO : Deployment of web application directory D:\project\diytomcat\webapps\a has finished in 1 ms
04 03, 2023 14:03:54 下午 cn.how2j.diytomcat.catalina.Context <init>
INFO : Deploying web application directory D:\project\diytomcat\webapps\ROOT
04 03, 2023 14:03:54 下午 cn.how2j.diytomcat.catalina.Context <init>
INFO : Deployment of web application directory D:\project\diytomcat\webapps\ROOT has finished in 1 ms
04 03, 2023 14:03:59 下午 cn.how2j.diytomcat.Bootstrap logJVM
INFO : Server version:		How2J DiyTomcat/1.0.1
04 03, 2023 14:03:59 下午 cn.how2j.diytomcat.Bootstrap logJVM
INFO : Server built:		2020-04-08 10:20:22
04 03, 2023 14:03:59 下午 cn.how2j.diytomcat.Bootstrap logJVM
INFO : Server number:		1.0.1
04 03, 2023 14:03:59 下午 cn.how2j.diytomcat.Bootstrap logJVM
INFO : OS Name	:		Windows 10
04 03, 2023 14:03:59 下午 cn.how2j.diytomcat.Bootstrap logJVM
INFO : OS Version:		10.0
04 03, 2023 14:03:59 下午 cn.how2j.diytomcat.Bootstrap logJVM
INFO : Architecture:		x86
04 03, 2023 14:03:59 下午 cn.how2j.diytomcat.Bootstrap logJVM
INFO : Java Home:		D:\soft\Java\jdk-8\jre
04 03, 2023 14:03:59 下午 cn.how2j.diytomcat.Bootstrap logJVM
INFO : JVM Version:		1.8.0_65-b17
04 03, 2023 14:03:59 下午 cn.how2j.diytomcat.Bootstrap logJVM
INFO : JVM Vendor:		Oracle Corporation
04 03, 2023 14:03:59 下午 cn.how2j.diytomcat.catalina.Context <init>
INFO : Deploying web application directory D:\project\diytomcat\webapps\a
04 03, 2023 14:03:59 下午 cn.how2j.diytomcat.catalina.Context <init>
INFO : Deployment of web application directory D:\project\diytomcat\webapps\a has finished in 0 ms
04 03, 2023 14:03:59 下午 cn.how2j.diytomcat.catalina.Context <init>
INFO : Deploying web application directory D:\project\diytomcat\webapps\ROOT
04 03, 2023 14:03:59 下午 cn.how2j.diytomcat.catalina.Context <init>
INFO : Deployment of web application directory D:\project\diytomcat\webapps\ROOT has finished in 0 ms
04 03, 2023 14:04:56 下午 cn.how2j.diytomcat.Bootstrap logJVM
INFO : Server version:		How2J DiyTomcat/1.0.1
04 03, 2023 14:04:56 下午 cn.how2j.diytomcat.Bootstrap logJVM
INFO : Server built:		2020-04-08 10:20:22
04 03, 2023 14:04:56 下午 cn.how2j.diytomcat.Bootstrap logJVM
INFO : Server number:		1.0.1
04 03, 2023 14:04:56 下午 cn.how2j.diytomcat.Bootstrap logJVM
INFO : OS Name	:		Windows 10
04 03, 2023 14:04:56 下午 cn.how2j.diytomcat.Bootstrap logJVM
INFO : OS Version:		10.0
04 03, 2023 14:04:56 下午 cn.how2j.diytomcat.Bootstrap logJVM
INFO : Architecture:		x86
04 03, 2023 14:04:56 下午 cn.how2j.diytomcat.Bootstrap logJVM
INFO : Java Home:		D:\soft\Java\jdk-8\jre
04 03, 2023 14:04:56 下午 cn.how2j.diytomcat.Bootstrap logJVM
INFO : JVM Version:		1.8.0_65-b17
04 03, 2023 14:04:56 下午 cn.how2j.diytomcat.Bootstrap logJVM
INFO : JVM Vendor:		Oracle Corporation
04 03, 2023 14:04:56 下午 cn.how2j.diytomcat.catalina.Context <init>
INFO : Deploying web application directory D:\project\diytomcat\webapps\a
04 03, 2023 14:04:56 下午 cn.how2j.diytomcat.catalina.Context <init>
INFO : Deployment of web application directory D:\project\diytomcat\webapps\a has finished in 0 ms
04 03, 2023 14:04:56 下午 cn.how2j.diytomcat.catalina.Context <init>
INFO : Deploying web application directory D:\project\diytomcat\webapps\ROOT
04 03, 2023 14:04:56 下午 cn.how2j.diytomcat.catalina.Context <init>
INFO : Deployment of web application directory D:\project\diytomcat\webapps\ROOT has finished in 0 ms
04 03, 2023 14:04:56 下午 cn.how2j.diytomcat.catalina.Context <init>
INFO : Deploying web application directory d:/project/diytomcat/b
04 03, 2023 14:04:56 下午 cn.how2j.diytomcat.catalina.Context <init>
INFO : Deployment of web application directory d:/project/diytomcat/b has finished in 0 ms
04 03, 2023 14:50:53 下午 cn.how2j.diytomcat.Bootstrap logJVM
INFO : Server version:		How2J DiyTomcat/1.0.1
04 03, 2023 14:50:53 下午 cn.how2j.diytomcat.Bootstrap logJVM
INFO : Server built:		2020-04-08 10:20:22
04 03, 2023 14:50:53 下午 cn.how2j.diytomcat.Bootstrap logJVM
INFO : Server number:		1.0.1
04 03, 2023 14:50:53 下午 cn.how2j.diytomcat.Bootstrap logJVM
INFO : OS Name	:		Windows 10
04 03, 2023 14:50:53 下午 cn.how2j.diytomcat.Bootstrap logJVM
INFO : OS Version:		10.0
04 03, 2023 14:50:53 下午 cn.how2j.diytomcat.Bootstrap logJVM
INFO : Architecture:		x86
04 03, 2023 14:50:53 下午 cn.how2j.diytomcat.Bootstrap logJVM
INFO : Java Home:		D:\soft\Java\jdk-8\jre
04 03, 2023 14:50:53 下午 cn.how2j.diytomcat.Bootstrap logJVM
INFO : JVM Version:		1.8.0_65-b17
04 03, 2023 14:50:53 下午 cn.how2j.diytomcat.Bootstrap logJVM
INFO : JVM Vendor:		Oracle Corporation
04 03, 2023 14:50:53 下午 cn.how2j.diytomcat.catalina.Context <init>
INFO : Deploying web application directory D:\project\diytomcat\webapps\a
04 03, 2023 14:50:53 下午 cn.how2j.diytomcat.catalina.Context <init>
INFO : Deployment of web application directory D:\project\diytomcat\webapps\a has finished in 0 ms
04 03, 2023 14:50:53 下午 cn.how2j.diytomcat.catalina.Context <init>
INFO : Deploying web application directory D:\project\diytomcat\webapps\ROOT
04 03, 2023 14:50:53 下午 cn.how2j.diytomcat.catalina.Context <init>
INFO : Deployment of web application directory D:\project\diytomcat\webapps\ROOT has finished in 0 ms
04 03, 2023 14:50:53 下午 cn.how2j.diytomcat.catalina.Context <init>
INFO : Deploying web application directory d:/project/diytomcat/b
04 03, 2023 14:50:53 下午 cn.how2j.diytomcat.catalina.Context <init>
INFO : Deployment of web application directory d:/project/diytomcat/b has finished in 0 ms
04 03, 2023 14:51:50 下午 cn.how2j.diytomcat.Bootstrap logJVM
INFO : Server version:		How2J DiyTomcat/1.0.1
04 03, 2023 14:51:50 下午 cn.how2j.diytomcat.Bootstrap logJVM
INFO : Server built:		2020-04-08 10:20:22
04 03, 2023 14:51:50 下午 cn.how2j.diytomcat.Bootstrap logJVM
INFO : Server number:		1.0.1
04 03, 2023 14:51:50 下午 cn.how2j.diytomcat.Bootstrap logJVM
INFO : OS Name	:		Windows 10
04 03, 2023 14:51:50 下午 cn.how2j.diytomcat.Bootstrap logJVM
INFO : OS Version:		10.0
04 03, 2023 14:51:50 下午 cn.how2j.diytomcat.Bootstrap logJVM
INFO : Architecture:		x86
04 03, 2023 14:51:50 下午 cn.how2j.diytomcat.Bootstrap logJVM
INFO : Java Home:		D:\soft\Java\jdk-8\jre
04 03, 2023 14:51:50 下午 cn.how2j.diytomcat.Bootstrap logJVM
INFO : JVM Version:		1.8.0_65-b17
04 03, 2023 14:51:50 下午 cn.how2j.diytomcat.Bootstrap logJVM
INFO : JVM Vendor:		Oracle Corporation
04 03, 2023 14:51:50 下午 cn.how2j.diytomcat.catalina.Context <init>
INFO : Deploying web application directory D:\project\diytomcat\webapps\a
04 03, 2023 14:51:50 下午 cn.how2j.diytomcat.catalina.Context <init>
INFO : Deployment of web application directory D:\project\diytomcat\webapps\a has finished in 0 ms
04 03, 2023 14:51:50 下午 cn.how2j.diytomcat.catalina.Context <init>
INFO : Deploying web application directory D:\project\diytomcat\webapps\ROOT
04 03, 2023 14:51:50 下午 cn.how2j.diytomcat.catalina.Context <init>
INFO : Deployment of web application directory D:\project\diytomcat\webapps\ROOT has finished in 0 ms
04 03, 2023 14:51:50 下午 cn.how2j.diytomcat.catalina.Context <init>
INFO : Deploying web application directory d:/project/diytomcat/b
04 03, 2023 14:51:50 下午 cn.how2j.diytomcat.catalina.Context <init>
INFO : Deployment of web application directory d:/project/diytomcat/b has finished in 0 ms
04 03, 2023 14:52:15 下午 cn.how2j.diytomcat.Bootstrap logJVM
INFO : Server version:		How2J DiyTomcat/1.0.1
04 03, 2023 14:52:15 下午 cn.how2j.diytomcat.Bootstrap logJVM
INFO : Server built:		2020-04-08 10:20:22
04 03, 2023 14:52:15 下午 cn.how2j.diytomcat.Bootstrap logJVM
INFO : Server number:		1.0.1
04 03, 2023 14:52:15 下午 cn.how2j.diytomcat.Bootstrap logJVM
INFO : OS Name	:		Windows 10
04 03, 2023 14:52:15 下午 cn.how2j.diytomcat.Bootstrap logJVM
INFO : OS Version:		10.0
04 03, 2023 14:52:15 下午 cn.how2j.diytomcat.Bootstrap logJVM
INFO : Architecture:		x86
04 03, 2023 14:52:15 下午 cn.how2j.diytomcat.Bootstrap logJVM
INFO : Java Home:		D:\soft\Java\jdk-8\jre
04 03, 2023 14:52:15 下午 cn.how2j.diytomcat.Bootstrap logJVM
INFO : JVM Version:		1.8.0_65-b17
04 03, 2023 14:52:15 下午 cn.how2j.diytomcat.Bootstrap logJVM
INFO : JVM Vendor:		Oracle Corporation
04 03, 2023 14:52:16 下午 cn.how2j.diytomcat.catalina.Context <init>
INFO : Deploying web application directory D:\project\diytomcat\webapps\a
04 03, 2023 14:52:16 下午 cn.how2j.diytomcat.catalina.Context <init>
INFO : Deployment of web application directory D:\project\diytomcat\webapps\a has finished in 1 ms
04 03, 2023 14:52:16 下午 cn.how2j.diytomcat.catalina.Context <init>
INFO : Deploying web application directory D:\project\diytomcat\webapps\ROOT
04 03, 2023 14:52:16 下午 cn.how2j.diytomcat.catalina.Context <init>
INFO : Deployment of web application directory D:\project\diytomcat\webapps\ROOT has finished in 0 ms
04 03, 2023 14:52:16 下午 cn.how2j.diytomcat.catalina.Context <init>
INFO : Deploying web application directory d:/project/diytomcat/b
04 03, 2023 14:52:16 下午 cn.how2j.diytomcat.catalina.Context <init>
INFO : Deployment of web application directory d:/project/diytomcat/b has finished in 0 ms
04 03, 2023 15:15:15 下午 cn.how2j.diytomcat.Bootstrap logJVM
INFO : Server version:		How2J DiyTomcat/1.0.1
04 03, 2023 15:15:15 下午 cn.how2j.diytomcat.Bootstrap logJVM
INFO : Server built:		2020-04-08 10:20:22
04 03, 2023 15:15:15 下午 cn.how2j.diytomcat.Bootstrap logJVM
INFO : Server number:		1.0.1
04 03, 2023 15:15:15 下午 cn.how2j.diytomcat.Bootstrap logJVM
INFO : OS Name	:		Windows 10
04 03, 2023 15:15:15 下午 cn.how2j.diytomcat.Bootstrap logJVM
INFO : OS Version:		10.0
04 03, 2023 15:15:15 下午 cn.how2j.diytomcat.Bootstrap logJVM
INFO : Architecture:		x86
04 03, 2023 15:15:15 下午 cn.how2j.diytomcat.Bootstrap logJVM
INFO : Java Home:		D:\soft\Java\jdk-8\jre
04 03, 2023 15:15:15 下午 cn.how2j.diytomcat.Bootstrap logJVM
INFO : JVM Version:		1.8.0_65-b17
04 03, 2023 15:15:15 下午 cn.how2j.diytomcat.Bootstrap logJVM
INFO : JVM Vendor:		Oracle Corporation
04 03, 2023 15:15:15 下午 cn.how2j.diytomcat.catalina.Context <init>
INFO : Deploying web application directory D:\project\diytomcat\webapps\a
04 03, 2023 15:15:15 下午 cn.how2j.diytomcat.catalina.Context <init>
INFO : Deployment of web application directory D:\project\diytomcat\webapps\a has finished in 0 ms
04 03, 2023 15:15:15 下午 cn.how2j.diytomcat.catalina.Context <init>
INFO : Deploying web application directory D:\project\diytomcat\webapps\ROOT
04 03, 2023 15:15:15 下午 cn.how2j.diytomcat.catalina.Context <init>
INFO : Deployment of web application directory D:\project\diytomcat\webapps\ROOT has finished in 0 ms
04 03, 2023 15:15:15 下午 cn.how2j.diytomcat.catalina.Context <init>
INFO : Deploying web application directory d:/project/diytomcat/b
04 03, 2023 15:15:15 下午 cn.how2j.diytomcat.catalina.Context <init>
INFO : Deployment of web application directory d:/project/diytomcat/b has finished in 0 ms
04 03, 2023 15:43:13 下午 cn.how2j.diytomcat.Bootstrap logJVM
INFO : Server version:		How2J DiyTomcat/1.0.1
04 03, 2023 15:43:13 下午 cn.how2j.diytomcat.Bootstrap logJVM
INFO : Server built:		2020-04-08 10:20:22
04 03, 2023 15:43:13 下午 cn.how2j.diytomcat.Bootstrap logJVM
INFO : Server number:		1.0.1
04 03, 2023 15:43:13 下午 cn.how2j.diytomcat.Bootstrap logJVM
INFO : OS Name	:		Windows 10
04 03, 2023 15:43:13 下午 cn.how2j.diytomcat.Bootstrap logJVM
INFO : OS Version:		10.0
04 03, 2023 15:43:13 下午 cn.how2j.diytomcat.Bootstrap logJVM
INFO : Architecture:		x86
04 03, 2023 15:43:13 下午 cn.how2j.diytomcat.Bootstrap logJVM
INFO : Java Home:		D:\soft\Java\jdk-8\jre
04 03, 2023 15:43:13 下午 cn.how2j.diytomcat.Bootstrap logJVM
INFO : JVM Version:		1.8.0_65-b17
04 03, 2023 15:43:13 下午 cn.how2j.diytomcat.Bootstrap logJVM
INFO : JVM Vendor:		Oracle Corporation
04 03, 2023 15:43:13 下午 cn.how2j.diytomcat.catalina.Context <init>
INFO : Deploying web application directory D:\project\diytomcat\webapps\a
04 03, 2023 15:43:13 下午 cn.how2j.diytomcat.catalina.Context <init>
INFO : Deployment of web application directory D:\project\diytomcat\webapps\a has finished in 2 ms
04 03, 2023 15:43:13 下午 cn.how2j.diytomcat.catalina.Context <init>
INFO : Deploying web application directory D:\project\diytomcat\webapps\ROOT
04 03, 2023 15:43:13 下午 cn.how2j.diytomcat.catalina.Context <init>
INFO : Deployment of web application directory D:\project\diytomcat\webapps\ROOT has finished in 0 ms
04 03, 2023 15:43:13 下午 cn.how2j.diytomcat.catalina.Context <init>
INFO : Deploying web application directory d:/project/diytomcat/b
04 03, 2023 15:43:13 下午 cn.how2j.diytomcat.catalina.Context <init>
INFO : Deployment of web application directory d:/project/diytomcat/b has finished in 0 ms
04 03, 2023 20:42:30 下午 cn.how2j.diytomcat.Bootstrap logJVM
INFO : Server version:		How2J DiyTomcat/1.0.1
04 03, 2023 20:42:30 下午 cn.how2j.diytomcat.Bootstrap logJVM
INFO : Server built:		2020-04-08 10:20:22
04 03, 2023 20:42:30 下午 cn.how2j.diytomcat.Bootstrap logJVM
INFO : Server number:		1.0.1
04 03, 2023 20:42:30 下午 cn.how2j.diytomcat.Bootstrap logJVM
INFO : OS Name	:		Windows 10
04 03, 2023 20:42:30 下午 cn.how2j.diytomcat.Bootstrap logJVM
INFO : OS Version:		10.0
04 03, 2023 20:42:30 下午 cn.how2j.diytomcat.Bootstrap logJVM
INFO : Architecture:		x86
04 03, 2023 20:42:30 下午 cn.how2j.diytomcat.Bootstrap logJVM
INFO : Java Home:		D:\soft\Java\jdk-8\jre
04 03, 2023 20:42:30 下午 cn.how2j.diytomcat.Bootstrap logJVM
INFO : JVM Version:		1.8.0_65-b17
04 03, 2023 20:42:30 下午 cn.how2j.diytomcat.Bootstrap logJVM
INFO : JVM Vendor:		Oracle Corporation
04 03, 2023 20:42:30 下午 cn.how2j.diytomcat.catalina.Context <init>
INFO : Deploying web application directory D:\project\diytomcat\webapps\a
04 03, 2023 20:42:30 下午 cn.how2j.diytomcat.catalina.Context <init>
INFO : Deployment of web application directory D:\project\diytomcat\webapps\a has finished in 0 ms
04 03, 2023 20:42:30 下午 cn.how2j.diytomcat.catalina.Context <init>
INFO : Deploying web application directory D:\project\diytomcat\webapps\ROOT
04 03, 2023 20:42:30 下午 cn.how2j.diytomcat.catalina.Context <init>
INFO : Deployment of web application directory D:\project\diytomcat\webapps\ROOT has finished in 0 ms
04 03, 2023 20:42:30 下午 cn.how2j.diytomcat.catalina.Context <init>
INFO : Deploying web application directory d:/project/diytomcat/b
04 03, 2023 20:42:30 下午 cn.how2j.diytomcat.catalina.Context <init>
INFO : Deployment of web application directory d:/project/diytomcat/b has finished in 0 ms
04 03, 2023 20:56:16 下午 cn.how2j.diytomcat.Bootstrap logJVM
INFO : Server version:		How2J DiyTomcat/1.0.1
04 03, 2023 20:56:16 下午 cn.how2j.diytomcat.Bootstrap logJVM
INFO : Server built:		2020-04-08 10:20:22
04 03, 2023 20:56:16 下午 cn.how2j.diytomcat.Bootstrap logJVM
INFO : Server number:		1.0.1
04 03, 2023 20:56:16 下午 cn.how2j.diytomcat.Bootstrap logJVM
INFO : OS Name	:		Windows 10
04 03, 2023 20:56:16 下午 cn.how2j.diytomcat.Bootstrap logJVM
INFO : OS Version:		10.0
04 03, 2023 20:56:16 下午 cn.how2j.diytomcat.Bootstrap logJVM
INFO : Architecture:		x86
04 03, 2023 20:56:16 下午 cn.how2j.diytomcat.Bootstrap logJVM
INFO : Java Home:		D:\soft\Java\jdk-8\jre
04 03, 2023 20:56:16 下午 cn.how2j.diytomcat.Bootstrap logJVM
INFO : JVM Version:		1.8.0_65-b17
04 03, 2023 20:56:16 下午 cn.how2j.diytomcat.Bootstrap logJVM
INFO : JVM Vendor:		Oracle Corporation
04 03, 2023 20:56:16 下午 cn.how2j.diytomcat.catalina.Context <init>
INFO : Deploying web application directory D:\project\diytomcat\webapps\a
04 03, 2023 20:56:16 下午 cn.how2j.diytomcat.catalina.Context <init>
INFO : Deployment of web application directory D:\project\diytomcat\webapps\a has finished in 0 ms
04 03, 2023 20:56:16 下午 cn.how2j.diytomcat.catalina.Context <init>
INFO : Deploying web application directory D:\project\diytomcat\webapps\ROOT
04 03, 2023 20:56:16 下午 cn.how2j.diytomcat.catalina.Context <init>
INFO : Deployment of web application directory D:\project\diytomcat\webapps\ROOT has finished in 0 ms
04 03, 2023 20:56:16 下午 cn.how2j.diytomcat.catalina.Context <init>
INFO : Deploying web application directory d:/project/diytomcat/b
04 03, 2023 20:56:16 下午 cn.how2j.diytomcat.catalina.Context <init>
INFO : Deployment of web application directory d:/project/diytomcat/b has finished in 0 ms
04 03, 2023 21:23:24 下午 cn.how2j.diytomcat.catalina.Context <init>
INFO : Deploying web application directory D:\project\diytomcat\webapps\a
04 03, 2023 21:23:24 下午 cn.how2j.diytomcat.catalina.Context <init>
INFO : Deployment of web application directory D:\project\diytomcat\webapps\a has finished in 83 ms
04 03, 2023 21:23:24 下午 cn.how2j.diytomcat.catalina.Context <init>
INFO : Deploying web application directory D:\project\diytomcat\webapps\ROOT
04 03, 2023 21:23:24 下午 cn.how2j.diytomcat.catalina.Context <init>
INFO : Deployment of web application directory D:\project\diytomcat\webapps\ROOT has finished in 0 ms
04 03, 2023 21:23:24 下午 cn.how2j.diytomcat.catalina.Context <init>
INFO : Deploying web application directory d:/project/diytomcat/b
04 03, 2023 21:23:24 下午 cn.how2j.diytomcat.catalina.Context <init>
INFO : Deployment of web application directory d:/project/diytomcat/b has finished in 0 ms
04 03, 2023 21:23:24 下午 cn.how2j.diytomcat.catalina.Server logJVM
INFO : Server version:		How2J DiyTomcat/1.0.1
04 03, 2023 21:23:24 下午 cn.how2j.diytomcat.catalina.Server logJVM
INFO : Server built:		2020-04-08 10:20:22
04 03, 2023 21:23:24 下午 cn.how2j.diytomcat.catalina.Server logJVM
INFO : Server number:		1.0.1
04 03, 2023 21:23:24 下午 cn.how2j.diytomcat.catalina.Server logJVM
INFO : OS Name	:		Windows 10
04 03, 2023 21:23:24 下午 cn.how2j.diytomcat.catalina.Server logJVM
INFO : OS Version:		10.0
04 03, 2023 21:23:24 下午 cn.how2j.diytomcat.catalina.Server logJVM
INFO : Architecture:		x86
04 03, 2023 21:23:24 下午 cn.how2j.diytomcat.catalina.Server logJVM
INFO : Java Home:		D:\soft\Java\jdk-8\jre
04 03, 2023 21:23:24 下午 cn.how2j.diytomcat.catalina.Server logJVM
INFO : JVM Version:		1.8.0_65-b17
04 03, 2023 21:23:24 下午 cn.how2j.diytomcat.catalina.Server logJVM
INFO : JVM Vendor:		Oracle Corporation
04 03, 2023 21:54:34 下午 cn.how2j.diytomcat.catalina.Context <init>
INFO : Deploying web application directory D:\project\diytomcat\webapps\a
04 03, 2023 21:54:34 下午 cn.how2j.diytomcat.catalina.Context <init>
INFO : Deployment of web application directory D:\project\diytomcat\webapps\a has finished in 86 ms
04 03, 2023 21:54:34 下午 cn.how2j.diytomcat.catalina.Context <init>
INFO : Deploying web application directory D:\project\diytomcat\webapps\ROOT
04 03, 2023 21:54:34 下午 cn.how2j.diytomcat.catalina.Context <init>
INFO : Deployment of web application directory D:\project\diytomcat\webapps\ROOT has finished in 1 ms
04 03, 2023 21:54:34 下午 cn.how2j.diytomcat.catalina.Context <init>
INFO : Deploying web application directory d:/project/diytomcat/b
04 03, 2023 21:54:34 下午 cn.how2j.diytomcat.catalina.Context <init>
INFO : Deployment of web application directory d:/project/diytomcat/b has finished in 0 ms
04 03, 2023 21:54:34 下午 cn.how2j.diytomcat.catalina.Server logJVM
INFO : Server version:		How2J DiyTomcat/1.0.1
04 03, 2023 21:54:34 下午 cn.how2j.diytomcat.catalina.Server logJVM
INFO : Server built:		2020-04-08 10:20:22
04 03, 2023 21:54:34 下午 cn.how2j.diytomcat.catalina.Server logJVM
INFO : Server number:		1.0.1
04 03, 2023 21:54:34 下午 cn.how2j.diytomcat.catalina.Server logJVM
INFO : OS Name	:		Windows 10
04 03, 2023 21:54:34 下午 cn.how2j.diytomcat.catalina.Server logJVM
INFO : OS Version:		10.0
04 03, 2023 21:54:34 下午 cn.how2j.diytomcat.catalina.Server logJVM
INFO : Architecture:		x86
04 03, 2023 21:54:34 下午 cn.how2j.diytomcat.catalina.Server logJVM
INFO : Java Home:		D:\soft\Java\jdk-8\jre
04 03, 2023 21:54:34 下午 cn.how2j.diytomcat.catalina.Server logJVM
INFO : JVM Version:		1.8.0_65-b17
04 03, 2023 21:54:34 下午 cn.how2j.diytomcat.catalina.Server logJVM
INFO : JVM Vendor:		Oracle Corporation
04 03, 2023 22:28:55 下午 cn.how2j.diytomcat.catalina.Context <init>
INFO : Deploying web application directory D:\project\diytomcat\webapps\a
04 03, 2023 22:28:55 下午 cn.how2j.diytomcat.catalina.Context <init>
INFO : Deployment of web application directory D:\project\diytomcat\webapps\a has finished in 89 ms
04 03, 2023 22:28:55 下午 cn.how2j.diytomcat.catalina.Context <init>
INFO : Deploying web application directory D:\project\diytomcat\webapps\ROOT
04 03, 2023 22:28:55 下午 cn.how2j.diytomcat.catalina.Context <init>
INFO : Deployment of web application directory D:\project\diytomcat\webapps\ROOT has finished in 0 ms
04 03, 2023 22:28:55 下午 cn.how2j.diytomcat.catalina.Context <init>
INFO : Deploying web application directory d:/project/diytomcat/b
04 03, 2023 22:28:55 下午 cn.how2j.diytomcat.catalina.Context <init>
INFO : Deployment of web application directory d:/project/diytomcat/b has finished in 0 ms
04 03, 2023 22:28:55 下午 cn.how2j.diytomcat.catalina.Server logJVM
INFO : Server version:		How2J DiyTomcat/1.0.1
04 03, 2023 22:28:55 下午 cn.how2j.diytomcat.catalina.Server logJVM
INFO : Server built:		2020-04-08 10:20:22
04 03, 2023 22:28:55 下午 cn.how2j.diytomcat.catalina.Server logJVM
INFO : Server number:		1.0.1
04 03, 2023 22:28:55 下午 cn.how2j.diytomcat.catalina.Server logJVM
INFO : OS Name	:		Windows 10
04 03, 2023 22:28:55 下午 cn.how2j.diytomcat.catalina.Server logJVM
INFO : OS Version:		10.0
04 03, 2023 22:28:55 下午 cn.how2j.diytomcat.catalina.Server logJVM
INFO : Architecture:		x86
04 03, 2023 22:28:55 下午 cn.how2j.diytomcat.catalina.Server logJVM
INFO : Java Home:		D:\soft\Java\jdk-8\jre
04 03, 2023 22:28:55 下午 cn.how2j.diytomcat.catalina.Server logJVM
INFO : JVM Version:		1.8.0_65-b17
04 03, 2023 22:28:55 下午 cn.how2j.diytomcat.catalina.Server logJVM
INFO : JVM Vendor:		Oracle Corporation
04 03, 2023 22:31:20 下午 cn.how2j.diytomcat.catalina.Context <init>
INFO : Deploying web application directory D:\project\diytomcat\webapps\a
04 03, 2023 22:31:20 下午 cn.how2j.diytomcat.catalina.Context <init>
INFO : Deployment of web application directory D:\project\diytomcat\webapps\a has finished in 92 ms
04 03, 2023 22:31:20 下午 cn.how2j.diytomcat.catalina.Context <init>
INFO : Deploying web application directory D:\project\diytomcat\webapps\ROOT
04 03, 2023 22:31:20 下午 cn.how2j.diytomcat.catalina.Context <init>
INFO : Deployment of web application directory D:\project\diytomcat\webapps\ROOT has finished in 0 ms
04 03, 2023 22:31:20 下午 cn.how2j.diytomcat.catalina.Context <init>
INFO : Deploying web application directory d:/project/diytomcat/b
04 03, 2023 22:31:20 下午 cn.how2j.diytomcat.catalina.Context <init>
INFO : Deployment of web application directory d:/project/diytomcat/b has finished in 1 ms
04 03, 2023 22:31:20 下午 cn.how2j.diytomcat.catalina.Server logJVM
INFO : Server version:		How2J DiyTomcat/1.0.1
04 03, 2023 22:31:20 下午 cn.how2j.diytomcat.catalina.Server logJVM
INFO : Server built:		2020-04-08 10:20:22
04 03, 2023 22:31:20 下午 cn.how2j.diytomcat.catalina.Server logJVM
INFO : Server number:		1.0.1
04 03, 2023 22:31:20 下午 cn.how2j.diytomcat.catalina.Server logJVM
INFO : OS Name	:		Windows 10
04 03, 2023 22:31:20 下午 cn.how2j.diytomcat.catalina.Server logJVM
INFO : OS Version:		10.0
04 03, 2023 22:31:20 下午 cn.how2j.diytomcat.catalina.Server logJVM
INFO : Architecture:		x86
04 03, 2023 22:31:20 下午 cn.how2j.diytomcat.catalina.Server logJVM
INFO : Java Home:		D:\soft\Java\jdk-8\jre
04 03, 2023 22:31:20 下午 cn.how2j.diytomcat.catalina.Server logJVM
INFO : JVM Version:		1.8.0_65-b17
04 03, 2023 22:31:20 下午 cn.how2j.diytomcat.catalina.Server logJVM
INFO : JVM Vendor:		Oracle Corporation
04 03, 2023 22:31:21 下午 cn.how2j.diytomcat.catalina.Server error
ERROR: this is a deliberately created exception
java.lang.RuntimeException: this is a deliberately created exception
	at cn.how2j.diytomcat.catalina.Server.lambda$init$0(Server.java:56)
	at java.util.concurrent.ThreadPoolExecutor.runWorker(ThreadPoolExecutor.java:1142)
	at java.util.concurrent.ThreadPoolExecutor$Worker.run(ThreadPoolExecutor.java:617)
	at java.lang.Thread.run(Thread.java:745)
04 03, 2023 22:38:20 下午 cn.how2j.diytomcat.catalina.Server error
ERROR: this is a deliberately created exception
java.lang.RuntimeException: this is a deliberately created exception
	at cn.how2j.diytomcat.catalina.Server.lambda$init$0(Server.java:56)
	at java.util.concurrent.ThreadPoolExecutor.runWorker(ThreadPoolExecutor.java:1142)
	at java.util.concurrent.ThreadPoolExecutor$Worker.run(ThreadPoolExecutor.java:617)
	at java.lang.Thread.run(Thread.java:745)
04 03, 2023 22:38:47 下午 cn.how2j.diytomcat.catalina.Server error
ERROR: this is a deliberately created exception
java.lang.RuntimeException: this is a deliberately created exception
	at cn.how2j.diytomcat.catalina.Server.lambda$init$0(Server.java:56)
	at java.util.concurrent.ThreadPoolExecutor.runWorker(ThreadPoolExecutor.java:1142)
	at java.util.concurrent.ThreadPoolExecutor$Worker.run(ThreadPoolExecutor.java:617)
	at java.lang.Thread.run(Thread.java:745)
04 03, 2023 22:45:27 下午 cn.how2j.diytomcat.catalina.Server error
ERROR: this is a deliberately created exception
java.lang.RuntimeException: this is a deliberately created exception
	at cn.how2j.diytomcat.catalina.Server.lambda$init$0(Server.java:56)
	at java.util.concurrent.ThreadPoolExecutor.runWorker(ThreadPoolExecutor.java:1142)
	at java.util.concurrent.ThreadPoolExecutor$Worker.run(ThreadPoolExecutor.java:617)
	at java.lang.Thread.run(Thread.java:745)
04 03, 2023 22:54:42 下午 cn.how2j.diytomcat.catalina.Server error
ERROR: this is a deliberately created exception
java.lang.RuntimeException: this is a deliberately created exception
	at cn.how2j.diytomcat.catalina.Server.lambda$init$0(Server.java:56)
	at java.util.concurrent.ThreadPoolExecutor.runWorker(ThreadPoolExecutor.java:1142)
	at java.util.concurrent.ThreadPoolExecutor$Worker.run(ThreadPoolExecutor.java:617)
	at java.lang.Thread.run(Thread.java:745)
