04 05, 2023 09:58:29 上午 cn.how2j.diytomcat.catalina.Context deploy
INFO : Deploying web application directory D:\project\diytomcat\webapps\a
04 05, 2023 09:58:29 上午 cn.how2j.diytomcat.catalina.Context deploy
INFO : Deployment of web application directory D:\project\diytomcat\webapps\a has finished in 110 ms
04 05, 2023 09:58:29 上午 cn.how2j.diytomcat.catalina.Context deploy
INFO : Deploying web application directory D:\project\diytomcat\webapps\j2ee
04 05, 2023 09:58:29 上午 cn.how2j.diytomcat.catalina.Context deploy
INFO : Deployment of web application directory D:\project\diytomcat\webapps\j2ee has finished in 5 ms
04 05, 2023 09:58:29 上午 cn.how2j.diytomcat.catalina.Context deploy
INFO : Deploying web application directory D:\project\diytomcat\webapps\ROOT
04 05, 2023 09:58:29 上午 cn.how2j.diytomcat.catalina.Context deploy
INFO : Deployment of web application directory D:\project\diytomcat\webapps\ROOT has finished in 1 ms
04 05, 2023 09:58:29 上午 cn.how2j.diytomcat.catalina.Context deploy
INFO : Deploying web application directory d:/project/diytomcat/b
04 05, 2023 09:58:29 上午 cn.how2j.diytomcat.catalina.Context deploy
INFO : Deployment of web application directory d:/project/diytomcat/b has finished in 0 ms
04 05, 2023 09:58:29 上午 cn.how2j.diytomcat.catalina.Server logJVM
INFO : Server version:		How2J DiyTomcat/1.0.1
04 05, 2023 09:58:29 上午 cn.how2j.diytomcat.catalina.Server logJVM
INFO : Server built:		2020-04-08 10:20:22
04 05, 2023 09:58:29 上午 cn.how2j.diytomcat.catalina.Server logJVM
INFO : Server number:		1.0.1
04 05, 2023 09:58:29 上午 cn.how2j.diytomcat.catalina.Server logJVM
INFO : OS Name	:		Windows 10
04 05, 2023 09:58:29 上午 cn.how2j.diytomcat.catalina.Server logJVM
INFO : OS Version:		10.0
04 05, 2023 09:58:29 上午 cn.how2j.diytomcat.catalina.Server logJVM
INFO : Architecture:		x86
04 05, 2023 09:58:29 上午 cn.how2j.diytomcat.catalina.Server logJVM
INFO : Java Home:		D:\soft\Java\jdk-8\jre
04 05, 2023 09:58:29 上午 cn.how2j.diytomcat.catalina.Server logJVM
INFO : JVM Version:		1.8.0_65-b17
04 05, 2023 09:58:29 上午 cn.how2j.diytomcat.catalina.Server logJVM
INFO : JVM Vendor:		Oracle Corporation
04 05, 2023 09:58:29 上午 cn.how2j.diytomcat.catalina.Connector init
INFO : Initializing ProtocolHandler [http-bio-18080]
04 05, 2023 09:58:29 上午 cn.how2j.diytomcat.catalina.Connector init
INFO : Initializing ProtocolHandler [http-bio-18081]
04 05, 2023 09:58:29 上午 cn.how2j.diytomcat.catalina.Connector init
INFO : Initializing ProtocolHandler [http-bio-18082]
04 05, 2023 09:58:29 上午 cn.how2j.diytomcat.catalina.Service init
INFO : Initialization processed in 1 ms
04 05, 2023 09:58:29 上午 cn.how2j.diytomcat.catalina.Connector start
INFO : Starting ProtocolHandler [http-bio-18080]
04 05, 2023 09:58:29 上午 cn.how2j.diytomcat.catalina.Connector start
INFO : Starting ProtocolHandler [http-bio-18081]
04 05, 2023 09:58:29 上午 cn.how2j.diytomcat.catalina.Connector start
INFO : Starting ProtocolHandler [http-bio-18082]
04 05, 2023 09:58:29 上午 cn.how2j.diytomcat.catalina.Server start
INFO : Server startup in 5 ms
04 05, 2023 10:10:20 上午 cn.how2j.diytomcat.catalina.HttpProcessor error
ERROR: this is a deliberately created exception
java.lang.RuntimeException: this is a deliberately created exception
	at cn.how2j.diytomcat.catalina.HttpProcessor.execute(HttpProcessor.java:36)
	at cn.how2j.diytomcat.catalina.Connector.lambda$run$0(Connector.java:40)
	at java.util.concurrent.ThreadPoolExecutor.runWorker(ThreadPoolExecutor.java:1142)
	at java.util.concurrent.ThreadPoolExecutor$Worker.run(ThreadPoolExecutor.java:617)
	at java.lang.Thread.run(Thread.java:745)
04 05, 2023 10:48:15 上午 cn.how2j.diytomcat.catalina.Context deploy
INFO : Deploying web application directory D:\project\diytomcat\webapps\a
04 05, 2023 10:48:15 上午 cn.how2j.diytomcat.catalina.Context deploy
INFO : Deployment of web application directory D:\project\diytomcat\webapps\a has finished in 107 ms
04 05, 2023 10:48:15 上午 cn.how2j.diytomcat.catalina.Context deploy
INFO : Deploying web application directory D:\project\diytomcat\webapps\j2ee
04 05, 2023 10:48:15 上午 cn.how2j.diytomcat.catalina.Context deploy
INFO : Deployment of web application directory D:\project\diytomcat\webapps\j2ee has finished in 4 ms
04 05, 2023 10:48:15 上午 cn.how2j.diytomcat.catalina.Context deploy
INFO : Deploying web application directory D:\project\diytomcat\webapps\ROOT
04 05, 2023 10:48:15 上午 cn.how2j.diytomcat.catalina.Context deploy
INFO : Deployment of web application directory D:\project\diytomcat\webapps\ROOT has finished in 0 ms
04 05, 2023 10:48:15 上午 cn.how2j.diytomcat.catalina.Context deploy
INFO : Deploying web application directory d:/project/diytomcat/b
04 05, 2023 10:48:15 上午 cn.how2j.diytomcat.catalina.Context deploy
INFO : Deployment of web application directory d:/project/diytomcat/b has finished in 0 ms
04 05, 2023 10:48:15 上午 cn.how2j.diytomcat.catalina.Server logJVM
INFO : Server version:		How2J DiyTomcat/1.0.1
04 05, 2023 10:48:15 上午 cn.how2j.diytomcat.catalina.Server logJVM
INFO : Server built:		2020-04-08 10:20:22
04 05, 2023 10:48:15 上午 cn.how2j.diytomcat.catalina.Server logJVM
INFO : Server number:		1.0.1
04 05, 2023 10:48:15 上午 cn.how2j.diytomcat.catalina.Server logJVM
INFO : OS Name	:		Windows 10
04 05, 2023 10:48:15 上午 cn.how2j.diytomcat.catalina.Server logJVM
INFO : OS Version:		10.0
04 05, 2023 10:48:15 上午 cn.how2j.diytomcat.catalina.Server logJVM
INFO : Architecture:		x86
04 05, 2023 10:48:15 上午 cn.how2j.diytomcat.catalina.Server logJVM
INFO : Java Home:		D:\soft\Java\jdk-8\jre
04 05, 2023 10:48:15 上午 cn.how2j.diytomcat.catalina.Server logJVM
INFO : JVM Version:		1.8.0_65-b17
04 05, 2023 10:48:15 上午 cn.how2j.diytomcat.catalina.Server logJVM
INFO : JVM Vendor:		Oracle Corporation
04 05, 2023 10:48:15 上午 cn.how2j.diytomcat.catalina.Connector init
INFO : Initializing ProtocolHandler [http-bio-18080]
04 05, 2023 10:48:15 上午 cn.how2j.diytomcat.catalina.Connector init
INFO : Initializing ProtocolHandler [http-bio-18081]
04 05, 2023 10:48:15 上午 cn.how2j.diytomcat.catalina.Connector init
INFO : Initializing ProtocolHandler [http-bio-18082]
04 05, 2023 10:48:15 上午 cn.how2j.diytomcat.catalina.Service init
INFO : Initialization processed in 1 ms
04 05, 2023 10:48:15 上午 cn.how2j.diytomcat.catalina.Connector start
INFO : Starting ProtocolHandler [http-bio-18080]
04 05, 2023 10:48:15 上午 cn.how2j.diytomcat.catalina.Connector start
INFO : Starting ProtocolHandler [http-bio-18081]
04 05, 2023 10:48:15 上午 cn.how2j.diytomcat.catalina.Connector start
INFO : Starting ProtocolHandler [http-bio-18082]
04 05, 2023 10:48:15 上午 cn.how2j.diytomcat.catalina.Server start
INFO : Server startup in 6 ms
04 05, 2023 10:58:01 上午 cn.how2j.diytomcat.catalina.Context deploy
INFO : Deploying web application directory D:\project\diytomcat\webapps\a
04 05, 2023 10:58:01 上午 cn.how2j.diytomcat.catalina.Context deploy
INFO : Deployment of web application directory D:\project\diytomcat\webapps\a has finished in 84 ms
04 05, 2023 10:58:01 上午 cn.how2j.diytomcat.catalina.Context deploy
INFO : Deploying web application directory D:\project\diytomcat\webapps\j2ee
04 05, 2023 10:58:01 上午 cn.how2j.diytomcat.catalina.Context deploy
INFO : Deployment of web application directory D:\project\diytomcat\webapps\j2ee has finished in 3 ms
04 05, 2023 10:58:01 上午 cn.how2j.diytomcat.catalina.Context deploy
INFO : Deploying web application directory D:\project\diytomcat\webapps\ROOT
04 05, 2023 10:58:01 上午 cn.how2j.diytomcat.catalina.Context deploy
INFO : Deployment of web application directory D:\project\diytomcat\webapps\ROOT has finished in 1 ms
04 05, 2023 10:58:01 上午 cn.how2j.diytomcat.catalina.Context deploy
INFO : Deploying web application directory d:/project/diytomcat/b
04 05, 2023 10:58:01 上午 cn.how2j.diytomcat.catalina.Context deploy
INFO : Deployment of web application directory d:/project/diytomcat/b has finished in 0 ms
04 05, 2023 10:58:01 上午 cn.how2j.diytomcat.catalina.Server logJVM
INFO : Server version:		How2J DiyTomcat/1.0.1
04 05, 2023 10:58:01 上午 cn.how2j.diytomcat.catalina.Server logJVM
INFO : Server built:		2020-04-08 10:20:22
04 05, 2023 10:58:01 上午 cn.how2j.diytomcat.catalina.Server logJVM
INFO : Server number:		1.0.1
04 05, 2023 10:58:01 上午 cn.how2j.diytomcat.catalina.Server logJVM
INFO : OS Name	:		Windows 10
04 05, 2023 10:58:01 上午 cn.how2j.diytomcat.catalina.Server logJVM
INFO : OS Version:		10.0
04 05, 2023 10:58:01 上午 cn.how2j.diytomcat.catalina.Server logJVM
INFO : Architecture:		x86
04 05, 2023 10:58:01 上午 cn.how2j.diytomcat.catalina.Server logJVM
INFO : Java Home:		D:\soft\Java\jdk-8\jre
04 05, 2023 10:58:01 上午 cn.how2j.diytomcat.catalina.Server logJVM
INFO : JVM Version:		1.8.0_65-b17
04 05, 2023 10:58:01 上午 cn.how2j.diytomcat.catalina.Server logJVM
INFO : JVM Vendor:		Oracle Corporation
04 05, 2023 10:58:01 上午 cn.how2j.diytomcat.catalina.Connector init
INFO : Initializing ProtocolHandler [http-bio-18080]
04 05, 2023 10:58:01 上午 cn.how2j.diytomcat.catalina.Connector init
INFO : Initializing ProtocolHandler [http-bio-18081]
04 05, 2023 10:58:01 上午 cn.how2j.diytomcat.catalina.Connector init
INFO : Initializing ProtocolHandler [http-bio-18082]
04 05, 2023 10:58:01 上午 cn.how2j.diytomcat.catalina.Service init
INFO : Initialization processed in 1 ms
04 05, 2023 10:58:01 上午 cn.how2j.diytomcat.catalina.Connector start
INFO : Starting ProtocolHandler [http-bio-18080]
04 05, 2023 10:58:01 上午 cn.how2j.diytomcat.catalina.Connector start
INFO : Starting ProtocolHandler [http-bio-18081]
04 05, 2023 10:58:01 上午 cn.how2j.diytomcat.catalina.Connector start
INFO : Starting ProtocolHandler [http-bio-18082]
04 05, 2023 10:58:01 上午 cn.how2j.diytomcat.catalina.Server start
INFO : Server startup in 5 ms
04 05, 2023 11:09:29 上午 cn.how2j.diytomcat.catalina.Context deploy
INFO : Deploying web application directory D:\project\diytomcat\webapps\a
04 05, 2023 11:09:29 上午 cn.how2j.diytomcat.catalina.Context deploy
INFO : Deployment of web application directory D:\project\diytomcat\webapps\a has finished in 79 ms
04 05, 2023 11:09:29 上午 cn.how2j.diytomcat.catalina.Context deploy
INFO : Deploying web application directory D:\project\diytomcat\webapps\j2ee
04 05, 2023 11:09:29 上午 cn.how2j.diytomcat.catalina.Context deploy
INFO : Deployment of web application directory D:\project\diytomcat\webapps\j2ee has finished in 4 ms
04 05, 2023 11:09:29 上午 cn.how2j.diytomcat.catalina.Context deploy
INFO : Deploying web application directory D:\project\diytomcat\webapps\ROOT
04 05, 2023 11:09:29 上午 cn.how2j.diytomcat.catalina.Context deploy
INFO : Deployment of web application directory D:\project\diytomcat\webapps\ROOT has finished in 0 ms
04 05, 2023 11:09:29 上午 cn.how2j.diytomcat.catalina.Context deploy
INFO : Deploying web application directory d:/project/diytomcat/b
04 05, 2023 11:09:29 上午 cn.how2j.diytomcat.catalina.Context deploy
INFO : Deployment of web application directory d:/project/diytomcat/b has finished in 1 ms
04 05, 2023 11:09:29 上午 cn.how2j.diytomcat.catalina.Server logJVM
INFO : Server version:		How2J DiyTomcat/1.0.1
04 05, 2023 11:09:29 上午 cn.how2j.diytomcat.catalina.Server logJVM
INFO : Server built:		2020-04-08 10:20:22
04 05, 2023 11:09:29 上午 cn.how2j.diytomcat.catalina.Server logJVM
INFO : Server number:		1.0.1
04 05, 2023 11:09:29 上午 cn.how2j.diytomcat.catalina.Server logJVM
INFO : OS Name	:		Windows 10
04 05, 2023 11:09:29 上午 cn.how2j.diytomcat.catalina.Server logJVM
INFO : OS Version:		10.0
04 05, 2023 11:09:29 上午 cn.how2j.diytomcat.catalina.Server logJVM
INFO : Architecture:		x86
04 05, 2023 11:09:29 上午 cn.how2j.diytomcat.catalina.Server logJVM
INFO : Java Home:		D:\soft\Java\jdk-8\jre
04 05, 2023 11:09:29 上午 cn.how2j.diytomcat.catalina.Server logJVM
INFO : JVM Version:		1.8.0_65-b17
04 05, 2023 11:09:29 上午 cn.how2j.diytomcat.catalina.Server logJVM
INFO : JVM Vendor:		Oracle Corporation
04 05, 2023 11:09:29 上午 cn.how2j.diytomcat.catalina.Connector init
INFO : Initializing ProtocolHandler [http-bio-18080]
04 05, 2023 11:09:29 上午 cn.how2j.diytomcat.catalina.Connector init
INFO : Initializing ProtocolHandler [http-bio-18081]
04 05, 2023 11:09:29 上午 cn.how2j.diytomcat.catalina.Connector init
INFO : Initializing ProtocolHandler [http-bio-18082]
04 05, 2023 11:09:29 上午 cn.how2j.diytomcat.catalina.Service init
INFO : Initialization processed in 1 ms
04 05, 2023 11:09:29 上午 cn.how2j.diytomcat.catalina.Connector start
INFO : Starting ProtocolHandler [http-bio-18080]
04 05, 2023 11:09:29 上午 cn.how2j.diytomcat.catalina.Connector start
INFO : Starting ProtocolHandler [http-bio-18081]
04 05, 2023 11:09:29 上午 cn.how2j.diytomcat.catalina.Connector start
INFO : Starting ProtocolHandler [http-bio-18082]
04 05, 2023 11:09:29 上午 cn.how2j.diytomcat.catalina.Server start
INFO : Server startup in 4 ms
04 05, 2023 11:09:39 上午 cn.how2j.diytomcat.catalina.HttpProcessor error
ERROR: this is a deliberately created exception
java.lang.RuntimeException: this is a deliberately created exception
	at cn.how2j.diytomcat.servlets.DefaultServlet.service(DefaultServlet.java:40)
	at cn.how2j.diytomcat.catalina.HttpProcessor.execute(HttpProcessor.java:36)
	at cn.how2j.diytomcat.catalina.Connector.lambda$run$0(Connector.java:40)
	at java.util.concurrent.ThreadPoolExecutor.runWorker(ThreadPoolExecutor.java:1142)
	at java.util.concurrent.ThreadPoolExecutor$Worker.run(ThreadPoolExecutor.java:617)
	at java.lang.Thread.run(Thread.java:745)
04 05, 2023 12:19:44 下午 cn.how2j.diytomcat.catalina.Context deploy
INFO : Deploying web application directory D:\project\diytomcat\webapps\a
04 05, 2023 12:19:44 下午 cn.how2j.diytomcat.catalina.Context deploy
INFO : Deployment of web application directory D:\project\diytomcat\webapps\a has finished in 84 ms
04 05, 2023 12:19:44 下午 cn.how2j.diytomcat.catalina.Context deploy
INFO : Deploying web application directory D:\project\diytomcat\webapps\j2ee
04 05, 2023 12:19:44 下午 cn.how2j.diytomcat.catalina.Context deploy
INFO : Deployment of web application directory D:\project\diytomcat\webapps\j2ee has finished in 3 ms
04 05, 2023 12:19:44 下午 cn.how2j.diytomcat.catalina.Context deploy
INFO : Deploying web application directory D:\project\diytomcat\webapps\ROOT
04 05, 2023 12:19:44 下午 cn.how2j.diytomcat.catalina.Context deploy
INFO : Deployment of web application directory D:\project\diytomcat\webapps\ROOT has finished in 1 ms
04 05, 2023 12:19:44 下午 cn.how2j.diytomcat.catalina.Context deploy
INFO : Deploying web application directory d:/project/diytomcat/b
04 05, 2023 12:19:44 下午 cn.how2j.diytomcat.catalina.Context deploy
INFO : Deployment of web application directory d:/project/diytomcat/b has finished in 1 ms
04 05, 2023 12:19:44 下午 cn.how2j.diytomcat.catalina.Server logJVM
INFO : Server version:		How2J DiyTomcat/1.0.1
04 05, 2023 12:19:44 下午 cn.how2j.diytomcat.catalina.Server logJVM
INFO : Server built:		2020-04-08 10:20:22
04 05, 2023 12:19:44 下午 cn.how2j.diytomcat.catalina.Server logJVM
INFO : Server number:		1.0.1
04 05, 2023 12:19:44 下午 cn.how2j.diytomcat.catalina.Server logJVM
INFO : OS Name	:		Windows 10
04 05, 2023 12:19:44 下午 cn.how2j.diytomcat.catalina.Server logJVM
INFO : OS Version:		10.0
04 05, 2023 12:19:44 下午 cn.how2j.diytomcat.catalina.Server logJVM
INFO : Architecture:		x86
04 05, 2023 12:19:44 下午 cn.how2j.diytomcat.catalina.Server logJVM
INFO : Java Home:		D:\soft\Java\jdk-8\jre
04 05, 2023 12:19:44 下午 cn.how2j.diytomcat.catalina.Server logJVM
INFO : JVM Version:		1.8.0_65-b17
04 05, 2023 12:19:44 下午 cn.how2j.diytomcat.catalina.Server logJVM
INFO : JVM Vendor:		Oracle Corporation
04 05, 2023 12:19:44 下午 cn.how2j.diytomcat.catalina.Connector init
INFO : Initializing ProtocolHandler [http-bio-18080]
04 05, 2023 12:19:44 下午 cn.how2j.diytomcat.catalina.Connector init
INFO : Initializing ProtocolHandler [http-bio-18081]
04 05, 2023 12:19:44 下午 cn.how2j.diytomcat.catalina.Connector init
INFO : Initializing ProtocolHandler [http-bio-18082]
04 05, 2023 12:19:44 下午 cn.how2j.diytomcat.catalina.Service init
INFO : Initialization processed in 1 ms
04 05, 2023 12:19:44 下午 cn.how2j.diytomcat.catalina.Connector start
INFO : Starting ProtocolHandler [http-bio-18080]
04 05, 2023 12:19:44 下午 cn.how2j.diytomcat.catalina.Connector start
INFO : Starting ProtocolHandler [http-bio-18081]
04 05, 2023 12:19:44 下午 cn.how2j.diytomcat.catalina.Connector start
INFO : Starting ProtocolHandler [http-bio-18082]
04 05, 2023 12:19:44 下午 cn.how2j.diytomcat.catalina.Server start
INFO : Server startup in 4 ms
04 05, 2023 12:19:50 下午 cn.how2j.diytomcat.catalina.HttpProcessor error
ERROR: this is a deliberately created exception
java.lang.RuntimeException: this is a deliberately created exception
	at cn.how2j.diytomcat.servlets.DefaultServlet.service(DefaultServlet.java:40)
	at cn.how2j.diytomcat.catalina.HttpProcessor.execute(HttpProcessor.java:36)
	at cn.how2j.diytomcat.catalina.Connector.lambda$run$0(Connector.java:40)
	at java.util.concurrent.ThreadPoolExecutor.runWorker(ThreadPoolExecutor.java:1142)
	at java.util.concurrent.ThreadPoolExecutor$Worker.run(ThreadPoolExecutor.java:617)
	at java.lang.Thread.run(Thread.java:745)
04 05, 2023 12:24:06 下午 cn.how2j.diytomcat.catalina.HttpProcessor error
ERROR: this is a deliberately created exception
java.lang.RuntimeException: this is a deliberately created exception
	at cn.how2j.diytomcat.servlets.DefaultServlet.service(DefaultServlet.java:40)
	at cn.how2j.diytomcat.catalina.HttpProcessor.execute(HttpProcessor.java:36)
	at cn.how2j.diytomcat.catalina.Connector.lambda$run$0(Connector.java:40)
	at java.util.concurrent.ThreadPoolExecutor.runWorker(ThreadPoolExecutor.java:1142)
	at java.util.concurrent.ThreadPoolExecutor$Worker.run(ThreadPoolExecutor.java:617)
	at java.lang.Thread.run(Thread.java:745)
04 05, 2023 12:24:12 下午 cn.how2j.diytomcat.catalina.Context deploy
INFO : Deploying web application directory D:\project\diytomcat\webapps\a
04 05, 2023 12:24:12 下午 cn.how2j.diytomcat.catalina.Context deploy
INFO : Deployment of web application directory D:\project\diytomcat\webapps\a has finished in 87 ms
04 05, 2023 12:24:12 下午 cn.how2j.diytomcat.catalina.Context deploy
INFO : Deploying web application directory D:\project\diytomcat\webapps\j2ee
04 05, 2023 12:24:12 下午 cn.how2j.diytomcat.catalina.Context deploy
INFO : Deployment of web application directory D:\project\diytomcat\webapps\j2ee has finished in 5 ms
04 05, 2023 12:24:12 下午 cn.how2j.diytomcat.catalina.Context deploy
INFO : Deploying web application directory D:\project\diytomcat\webapps\ROOT
04 05, 2023 12:24:12 下午 cn.how2j.diytomcat.catalina.Context deploy
INFO : Deployment of web application directory D:\project\diytomcat\webapps\ROOT has finished in 0 ms
04 05, 2023 12:24:12 下午 cn.how2j.diytomcat.catalina.Context deploy
INFO : Deploying web application directory d:/project/diytomcat/b
04 05, 2023 12:24:12 下午 cn.how2j.diytomcat.catalina.Context deploy
INFO : Deployment of web application directory d:/project/diytomcat/b has finished in 0 ms
04 05, 2023 12:24:12 下午 cn.how2j.diytomcat.catalina.Server logJVM
INFO : Server version:		How2J DiyTomcat/1.0.1
04 05, 2023 12:24:12 下午 cn.how2j.diytomcat.catalina.Server logJVM
INFO : Server built:		2020-04-08 10:20:22
04 05, 2023 12:24:12 下午 cn.how2j.diytomcat.catalina.Server logJVM
INFO : Server number:		1.0.1
04 05, 2023 12:24:12 下午 cn.how2j.diytomcat.catalina.Server logJVM
INFO : OS Name	:		Windows 10
04 05, 2023 12:24:12 下午 cn.how2j.diytomcat.catalina.Server logJVM
INFO : OS Version:		10.0
04 05, 2023 12:24:12 下午 cn.how2j.diytomcat.catalina.Server logJVM
INFO : Architecture:		x86
04 05, 2023 12:24:12 下午 cn.how2j.diytomcat.catalina.Server logJVM
INFO : Java Home:		D:\soft\Java\jdk-8\jre
04 05, 2023 12:24:12 下午 cn.how2j.diytomcat.catalina.Server logJVM
INFO : JVM Version:		1.8.0_65-b17
04 05, 2023 12:24:12 下午 cn.how2j.diytomcat.catalina.Server logJVM
INFO : JVM Vendor:		Oracle Corporation
04 05, 2023 12:24:12 下午 cn.how2j.diytomcat.catalina.Connector init
INFO : Initializing ProtocolHandler [http-bio-18080]
04 05, 2023 12:24:12 下午 cn.how2j.diytomcat.catalina.Connector init
INFO : Initializing ProtocolHandler [http-bio-18081]
04 05, 2023 12:24:12 下午 cn.how2j.diytomcat.catalina.Connector init
INFO : Initializing ProtocolHandler [http-bio-18082]
04 05, 2023 12:24:12 下午 cn.how2j.diytomcat.catalina.Service init
INFO : Initialization processed in 1 ms
04 05, 2023 12:24:12 下午 cn.how2j.diytomcat.catalina.Connector start
INFO : Starting ProtocolHandler [http-bio-18080]
04 05, 2023 12:24:12 下午 cn.how2j.diytomcat.catalina.Connector start
INFO : Starting ProtocolHandler [http-bio-18081]
04 05, 2023 12:24:12 下午 cn.how2j.diytomcat.catalina.Connector start
INFO : Starting ProtocolHandler [http-bio-18082]
04 05, 2023 12:24:12 下午 cn.how2j.diytomcat.catalina.Server start
INFO : Server startup in 4 ms
