04 04, 2023 07:55:48 上午 cn.how2j.diytomcat.catalina.Server error
ERROR: this is a deliberately created exception
java.lang.RuntimeException: this is a deliberately created exception
	at cn.how2j.diytomcat.catalina.Server.lambda$init$0(Server.java:56)
	at java.util.concurrent.ThreadPoolExecutor.runWorker(ThreadPoolExecutor.java:1142)
	at java.util.concurrent.ThreadPoolExecutor$Worker.run(ThreadPoolExecutor.java:617)
	at java.lang.Thread.run(Thread.java:745)
04 04, 2023 07:55:49 上午 cn.how2j.diytomcat.catalina.Server error
ERROR: this is a deliberately created exception
java.lang.RuntimeException: this is a deliberately created exception
	at cn.how2j.diytomcat.catalina.Server.lambda$init$0(Server.java:56)
	at java.util.concurrent.ThreadPoolExecutor.runWorker(ThreadPoolExecutor.java:1142)
	at java.util.concurrent.ThreadPoolExecutor$Worker.run(ThreadPoolExecutor.java:617)
	at java.lang.Thread.run(Thread.java:745)
04 04, 2023 07:57:38 上午 cn.how2j.diytomcat.catalina.Server error
ERROR: this is a deliberately created exception
java.lang.RuntimeException: this is a deliberately created exception
	at cn.how2j.diytomcat.catalina.Server.lambda$init$0(Server.java:56)
	at java.util.concurrent.ThreadPoolExecutor.runWorker(ThreadPoolExecutor.java:1142)
	at java.util.concurrent.ThreadPoolExecutor$Worker.run(ThreadPoolExecutor.java:617)
	at java.lang.Thread.run(Thread.java:745)
04 04, 2023 08:13:24 上午 cn.how2j.diytomcat.catalina.Context <init>
INFO : Deploying web application directory D:\project\diytomcat\webapps\a
04 04, 2023 08:13:24 上午 cn.how2j.diytomcat.catalina.Context <init>
INFO : Deployment of web application directory D:\project\diytomcat\webapps\a has finished in 97 ms
04 04, 2023 08:13:24 上午 cn.how2j.diytomcat.catalina.Context <init>
INFO : Deploying web application directory D:\project\diytomcat\webapps\ROOT
04 04, 2023 08:13:24 上午 cn.how2j.diytomcat.catalina.Context <init>
INFO : Deployment of web application directory D:\project\diytomcat\webapps\ROOT has finished in 0 ms
04 04, 2023 08:13:24 上午 cn.how2j.diytomcat.catalina.Context <init>
INFO : Deploying web application directory d:/project/diytomcat/b
04 04, 2023 08:13:24 上午 cn.how2j.diytomcat.catalina.Context <init>
INFO : Deployment of web application directory d:/project/diytomcat/b has finished in 0 ms
04 04, 2023 08:13:24 上午 cn.how2j.diytomcat.catalina.Server logJVM
INFO : Server version:		How2J DiyTomcat/1.0.1
04 04, 2023 08:13:24 上午 cn.how2j.diytomcat.catalina.Server logJVM
INFO : Server built:		2020-04-08 10:20:22
04 04, 2023 08:13:24 上午 cn.how2j.diytomcat.catalina.Server logJVM
INFO : Server number:		1.0.1
04 04, 2023 08:13:24 上午 cn.how2j.diytomcat.catalina.Server logJVM
INFO : OS Name	:		Windows 10
04 04, 2023 08:13:24 上午 cn.how2j.diytomcat.catalina.Server logJVM
INFO : OS Version:		10.0
04 04, 2023 08:13:24 上午 cn.how2j.diytomcat.catalina.Server logJVM
INFO : Architecture:		x86
04 04, 2023 08:13:24 上午 cn.how2j.diytomcat.catalina.Server logJVM
INFO : Java Home:		D:\soft\Java\jdk-8\jre
04 04, 2023 08:13:24 上午 cn.how2j.diytomcat.catalina.Server logJVM
INFO : JVM Version:		1.8.0_65-b17
04 04, 2023 08:13:24 上午 cn.how2j.diytomcat.catalina.Server logJVM
INFO : JVM Vendor:		Oracle Corporation
04 04, 2023 08:13:36 上午 cn.how2j.diytomcat.catalina.Server error
ERROR: this is a deliberately created exception
java.lang.RuntimeException: this is a deliberately created exception
	at cn.how2j.diytomcat.catalina.Server.lambda$init$0(Server.java:56)
	at java.util.concurrent.ThreadPoolExecutor.runWorker(ThreadPoolExecutor.java:1142)
	at java.util.concurrent.ThreadPoolExecutor$Worker.run(ThreadPoolExecutor.java:617)
	at java.lang.Thread.run(Thread.java:745)
04 04, 2023 08:13:37 上午 cn.how2j.diytomcat.catalina.Server error
ERROR: this is a deliberately created exception
java.lang.RuntimeException: this is a deliberately created exception
	at cn.how2j.diytomcat.catalina.Server.lambda$init$0(Server.java:56)
	at java.util.concurrent.ThreadPoolExecutor.runWorker(ThreadPoolExecutor.java:1142)
	at java.util.concurrent.ThreadPoolExecutor$Worker.run(ThreadPoolExecutor.java:617)
	at java.lang.Thread.run(Thread.java:745)
04 04, 2023 08:13:37 上午 cn.how2j.diytomcat.catalina.Server error
ERROR: this is a deliberately created exception
java.lang.RuntimeException: this is a deliberately created exception
	at cn.how2j.diytomcat.catalina.Server.lambda$init$0(Server.java:56)
	at java.util.concurrent.ThreadPoolExecutor.runWorker(ThreadPoolExecutor.java:1142)
	at java.util.concurrent.ThreadPoolExecutor$Worker.run(ThreadPoolExecutor.java:617)
	at java.lang.Thread.run(Thread.java:745)
04 04, 2023 08:25:40 上午 cn.how2j.diytomcat.catalina.Context <init>
INFO : Deploying web application directory D:\project\diytomcat\webapps\a
04 04, 2023 08:25:40 上午 cn.how2j.diytomcat.catalina.Context <init>
INFO : Deployment of web application directory D:\project\diytomcat\webapps\a has finished in 77 ms
04 04, 2023 08:25:40 上午 cn.how2j.diytomcat.catalina.Context <init>
INFO : Deploying web application directory D:\project\diytomcat\webapps\ROOT
04 04, 2023 08:25:40 上午 cn.how2j.diytomcat.catalina.Context <init>
INFO : Deployment of web application directory D:\project\diytomcat\webapps\ROOT has finished in 0 ms
04 04, 2023 08:25:40 上午 cn.how2j.diytomcat.catalina.Context <init>
INFO : Deploying web application directory d:/project/diytomcat/b
04 04, 2023 08:25:40 上午 cn.how2j.diytomcat.catalina.Context <init>
INFO : Deployment of web application directory d:/project/diytomcat/b has finished in 0 ms
04 04, 2023 08:25:40 上午 cn.how2j.diytomcat.catalina.Server logJVM
INFO : Server version:		How2J DiyTomcat/1.0.1
04 04, 2023 08:25:40 上午 cn.how2j.diytomcat.catalina.Server logJVM
INFO : Server built:		2020-04-08 10:20:22
04 04, 2023 08:25:40 上午 cn.how2j.diytomcat.catalina.Server logJVM
INFO : Server number:		1.0.1
04 04, 2023 08:25:40 上午 cn.how2j.diytomcat.catalina.Server logJVM
INFO : OS Name	:		Windows 10
04 04, 2023 08:25:40 上午 cn.how2j.diytomcat.catalina.Server logJVM
INFO : OS Version:		10.0
04 04, 2023 08:25:40 上午 cn.how2j.diytomcat.catalina.Server logJVM
INFO : Architecture:		x86
04 04, 2023 08:25:40 上午 cn.how2j.diytomcat.catalina.Server logJVM
INFO : Java Home:		D:\soft\Java\jdk-8\jre
04 04, 2023 08:25:40 上午 cn.how2j.diytomcat.catalina.Server logJVM
INFO : JVM Version:		1.8.0_65-b17
04 04, 2023 08:25:40 上午 cn.how2j.diytomcat.catalina.Server logJVM
INFO : JVM Vendor:		Oracle Corporation
04 04, 2023 08:25:44 上午 cn.how2j.diytomcat.catalina.Server error
ERROR: this is a deliberately created exception
java.lang.RuntimeException: this is a deliberately created exception
	at cn.how2j.diytomcat.catalina.Server.lambda$init$0(Server.java:57)
	at java.util.concurrent.ThreadPoolExecutor.runWorker(ThreadPoolExecutor.java:1142)
	at java.util.concurrent.ThreadPoolExecutor$Worker.run(ThreadPoolExecutor.java:617)
	at java.lang.Thread.run(Thread.java:745)
04 04, 2023 09:03:27 上午 cn.how2j.diytomcat.catalina.Context <init>
INFO : Deploying web application directory D:\project\diytomcat\webapps\a
04 04, 2023 09:03:27 上午 cn.how2j.diytomcat.catalina.Context <init>
INFO : Deployment of web application directory D:\project\diytomcat\webapps\a has finished in 95 ms
04 04, 2023 09:03:27 上午 cn.how2j.diytomcat.catalina.Context <init>
INFO : Deploying web application directory D:\project\diytomcat\webapps\ROOT
04 04, 2023 09:03:27 上午 cn.how2j.diytomcat.catalina.Context <init>
INFO : Deployment of web application directory D:\project\diytomcat\webapps\ROOT has finished in 0 ms
04 04, 2023 09:03:27 上午 cn.how2j.diytomcat.catalina.Context <init>
INFO : Deploying web application directory d:/project/diytomcat/b
04 04, 2023 09:03:27 上午 cn.how2j.diytomcat.catalina.Context <init>
INFO : Deployment of web application directory d:/project/diytomcat/b has finished in 0 ms
04 04, 2023 09:03:27 上午 cn.how2j.diytomcat.catalina.Server logJVM
INFO : Server version:		How2J DiyTomcat/1.0.1
04 04, 2023 09:03:27 上午 cn.how2j.diytomcat.catalina.Server logJVM
INFO : Server built:		2020-04-08 10:20:22
04 04, 2023 09:03:27 上午 cn.how2j.diytomcat.catalina.Server logJVM
INFO : Server number:		1.0.1
04 04, 2023 09:03:27 上午 cn.how2j.diytomcat.catalina.Server logJVM
INFO : OS Name	:		Windows 10
04 04, 2023 09:03:27 上午 cn.how2j.diytomcat.catalina.Server logJVM
INFO : OS Version:		10.0
04 04, 2023 09:03:27 上午 cn.how2j.diytomcat.catalina.Server logJVM
INFO : Architecture:		x86
04 04, 2023 09:03:27 上午 cn.how2j.diytomcat.catalina.Server logJVM
INFO : Java Home:		D:\soft\Java\jdk-8\jre
04 04, 2023 09:03:27 上午 cn.how2j.diytomcat.catalina.Server logJVM
INFO : JVM Version:		1.8.0_65-b17
04 04, 2023 09:03:27 上午 cn.how2j.diytomcat.catalina.Server logJVM
INFO : JVM Vendor:		Oracle Corporation
04 04, 2023 09:47:55 上午 cn.how2j.diytomcat.catalina.Context <init>
INFO : Deploying web application directory D:\project\diytomcat\webapps\a
04 04, 2023 09:47:55 上午 cn.how2j.diytomcat.catalina.Context <init>
INFO : Deployment of web application directory D:\project\diytomcat\webapps\a has finished in 89 ms
04 04, 2023 09:47:55 上午 cn.how2j.diytomcat.catalina.Context <init>
INFO : Deploying web application directory D:\project\diytomcat\webapps\ROOT
04 04, 2023 09:47:55 上午 cn.how2j.diytomcat.catalina.Context <init>
INFO : Deployment of web application directory D:\project\diytomcat\webapps\ROOT has finished in 0 ms
04 04, 2023 09:47:55 上午 cn.how2j.diytomcat.catalina.Context <init>
INFO : Deploying web application directory d:/project/diytomcat/b
04 04, 2023 09:47:55 上午 cn.how2j.diytomcat.catalina.Context <init>
INFO : Deployment of web application directory d:/project/diytomcat/b has finished in 0 ms
04 04, 2023 09:47:55 上午 cn.how2j.diytomcat.catalina.Server logJVM
INFO : Server version:		How2J DiyTomcat/1.0.1
04 04, 2023 09:47:55 上午 cn.how2j.diytomcat.catalina.Server logJVM
INFO : Server built:		2020-04-08 10:20:22
04 04, 2023 09:47:55 上午 cn.how2j.diytomcat.catalina.Server logJVM
INFO : Server number:		1.0.1
04 04, 2023 09:47:55 上午 cn.how2j.diytomcat.catalina.Server logJVM
INFO : OS Name	:		Windows 10
04 04, 2023 09:47:55 上午 cn.how2j.diytomcat.catalina.Server logJVM
INFO : OS Version:		10.0
04 04, 2023 09:47:55 上午 cn.how2j.diytomcat.catalina.Server logJVM
INFO : Architecture:		x86
04 04, 2023 09:47:55 上午 cn.how2j.diytomcat.catalina.Server logJVM
INFO : Java Home:		D:\soft\Java\jdk-8\jre
04 04, 2023 09:47:55 上午 cn.how2j.diytomcat.catalina.Server logJVM
INFO : JVM Version:		1.8.0_65-b17
04 04, 2023 09:47:55 上午 cn.how2j.diytomcat.catalina.Server logJVM
INFO : JVM Vendor:		Oracle Corporation
04 04, 2023 10:27:04 上午 cn.how2j.diytomcat.catalina.Context <init>
INFO : Deploying web application directory D:\project\diytomcat\webapps\a
04 04, 2023 10:27:04 上午 cn.how2j.diytomcat.catalina.Context <init>
INFO : Deployment of web application directory D:\project\diytomcat\webapps\a has finished in 75 ms
04 04, 2023 10:27:04 上午 cn.how2j.diytomcat.catalina.Context <init>
INFO : Deploying web application directory D:\project\diytomcat\webapps\ROOT
04 04, 2023 10:27:04 上午 cn.how2j.diytomcat.catalina.Context <init>
INFO : Deployment of web application directory D:\project\diytomcat\webapps\ROOT has finished in 1 ms
04 04, 2023 10:27:04 上午 cn.how2j.diytomcat.catalina.Context <init>
INFO : Deploying web application directory d:/project/diytomcat/b
04 04, 2023 10:27:04 上午 cn.how2j.diytomcat.catalina.Context <init>
INFO : Deployment of web application directory d:/project/diytomcat/b has finished in 0 ms
04 04, 2023 10:27:04 上午 cn.how2j.diytomcat.catalina.Server logJVM
INFO : Server version:		How2J DiyTomcat/1.0.1
04 04, 2023 10:27:04 上午 cn.how2j.diytomcat.catalina.Server logJVM
INFO : Server built:		2020-04-08 10:20:22
04 04, 2023 10:27:04 上午 cn.how2j.diytomcat.catalina.Server logJVM
INFO : Server number:		1.0.1
04 04, 2023 10:27:04 上午 cn.how2j.diytomcat.catalina.Server logJVM
INFO : OS Name	:		Windows 10
04 04, 2023 10:27:04 上午 cn.how2j.diytomcat.catalina.Server logJVM
INFO : OS Version:		10.0
04 04, 2023 10:27:04 上午 cn.how2j.diytomcat.catalina.Server logJVM
INFO : Architecture:		x86
04 04, 2023 10:27:04 上午 cn.how2j.diytomcat.catalina.Server logJVM
INFO : Java Home:		D:\soft\Java\jdk-8\jre
04 04, 2023 10:27:04 上午 cn.how2j.diytomcat.catalina.Server logJVM
INFO : JVM Version:		1.8.0_65-b17
04 04, 2023 10:27:04 上午 cn.how2j.diytomcat.catalina.Server logJVM
INFO : JVM Vendor:		Oracle Corporation
04 04, 2023 11:10:04 上午 cn.how2j.diytomcat.catalina.Context <init>
INFO : Deploying web application directory D:\project\diytomcat\webapps\a
04 04, 2023 11:10:04 上午 cn.how2j.diytomcat.catalina.Context <init>
INFO : Deployment of web application directory D:\project\diytomcat\webapps\a has finished in 88 ms
04 04, 2023 11:10:04 上午 cn.how2j.diytomcat.catalina.Context <init>
INFO : Deploying web application directory D:\project\diytomcat\webapps\ROOT
04 04, 2023 11:10:04 上午 cn.how2j.diytomcat.catalina.Context <init>
INFO : Deployment of web application directory D:\project\diytomcat\webapps\ROOT has finished in 0 ms
04 04, 2023 11:10:04 上午 cn.how2j.diytomcat.catalina.Context <init>
INFO : Deploying web application directory d:/project/diytomcat/b
04 04, 2023 11:10:04 上午 cn.how2j.diytomcat.catalina.Context <init>
INFO : Deployment of web application directory d:/project/diytomcat/b has finished in 1 ms
04 04, 2023 11:10:04 上午 cn.how2j.diytomcat.catalina.Server logJVM
INFO : Server version:		How2J DiyTomcat/1.0.1
04 04, 2023 11:10:04 上午 cn.how2j.diytomcat.catalina.Server logJVM
INFO : Server built:		2020-04-08 10:20:22
04 04, 2023 11:10:04 上午 cn.how2j.diytomcat.catalina.Server logJVM
INFO : Server number:		1.0.1
04 04, 2023 11:10:04 上午 cn.how2j.diytomcat.catalina.Server logJVM
INFO : OS Name	:		Windows 10
04 04, 2023 11:10:04 上午 cn.how2j.diytomcat.catalina.Server logJVM
INFO : OS Version:		10.0
04 04, 2023 11:10:04 上午 cn.how2j.diytomcat.catalina.Server logJVM
INFO : Architecture:		x86
04 04, 2023 11:10:04 上午 cn.how2j.diytomcat.catalina.Server logJVM
INFO : Java Home:		D:\soft\Java\jdk-8\jre
04 04, 2023 11:10:04 上午 cn.how2j.diytomcat.catalina.Server logJVM
INFO : JVM Version:		1.8.0_65-b17
04 04, 2023 11:10:04 上午 cn.how2j.diytomcat.catalina.Server logJVM
INFO : JVM Vendor:		Oracle Corporation
04 04, 2023 11:13:40 上午 cn.how2j.diytomcat.catalina.Context <init>
INFO : Deploying web application directory D:\project\diytomcat\webapps\a
04 04, 2023 11:13:40 上午 cn.how2j.diytomcat.catalina.Context <init>
INFO : Deployment of web application directory D:\project\diytomcat\webapps\a has finished in 78 ms
04 04, 2023 11:13:40 上午 cn.how2j.diytomcat.catalina.Context <init>
INFO : Deploying web application directory D:\project\diytomcat\webapps\ROOT
04 04, 2023 11:13:40 上午 cn.how2j.diytomcat.catalina.Context <init>
INFO : Deployment of web application directory D:\project\diytomcat\webapps\ROOT has finished in 0 ms
04 04, 2023 11:13:40 上午 cn.how2j.diytomcat.catalina.Context <init>
INFO : Deploying web application directory d:/project/diytomcat/b
04 04, 2023 11:13:40 上午 cn.how2j.diytomcat.catalina.Context <init>
INFO : Deployment of web application directory d:/project/diytomcat/b has finished in 0 ms
04 04, 2023 11:13:40 上午 cn.how2j.diytomcat.catalina.Server logJVM
INFO : Server version:		How2J DiyTomcat/1.0.1
04 04, 2023 11:13:40 上午 cn.how2j.diytomcat.catalina.Server logJVM
INFO : Server built:		2020-04-08 10:20:22
04 04, 2023 11:13:40 上午 cn.how2j.diytomcat.catalina.Server logJVM
INFO : Server number:		1.0.1
04 04, 2023 11:13:40 上午 cn.how2j.diytomcat.catalina.Server logJVM
INFO : OS Name	:		Windows 10
04 04, 2023 11:13:40 上午 cn.how2j.diytomcat.catalina.Server logJVM
INFO : OS Version:		10.0
04 04, 2023 11:13:40 上午 cn.how2j.diytomcat.catalina.Server logJVM
INFO : Architecture:		x86
04 04, 2023 11:13:40 上午 cn.how2j.diytomcat.catalina.Server logJVM
INFO : Java Home:		D:\soft\Java\jdk-8\jre
04 04, 2023 11:13:40 上午 cn.how2j.diytomcat.catalina.Server logJVM
INFO : JVM Version:		1.8.0_65-b17
04 04, 2023 11:13:40 上午 cn.how2j.diytomcat.catalina.Server logJVM
INFO : JVM Vendor:		Oracle Corporation
04 04, 2023 13:44:07 下午 cn.how2j.diytomcat.catalina.Context <init>
INFO : Deploying web application directory D:\project\diytomcat\webapps\a
04 04, 2023 13:44:07 下午 cn.how2j.diytomcat.catalina.Context <init>
INFO : Deployment of web application directory D:\project\diytomcat\webapps\a has finished in 84 ms
04 04, 2023 13:44:07 下午 cn.how2j.diytomcat.catalina.Context <init>
INFO : Deploying web application directory D:\project\diytomcat\webapps\ROOT
04 04, 2023 13:44:07 下午 cn.how2j.diytomcat.catalina.Context <init>
INFO : Deployment of web application directory D:\project\diytomcat\webapps\ROOT has finished in 0 ms
04 04, 2023 13:44:07 下午 cn.how2j.diytomcat.catalina.Context <init>
INFO : Deploying web application directory d:/project/diytomcat/b
04 04, 2023 13:44:07 下午 cn.how2j.diytomcat.catalina.Context <init>
INFO : Deployment of web application directory d:/project/diytomcat/b has finished in 1 ms
04 04, 2023 13:44:08 下午 cn.how2j.diytomcat.catalina.Server logJVM
INFO : Server version:		How2J DiyTomcat/1.0.1
04 04, 2023 13:44:08 下午 cn.how2j.diytomcat.catalina.Server logJVM
INFO : Server built:		2020-04-08 10:20:22
04 04, 2023 13:44:08 下午 cn.how2j.diytomcat.catalina.Server logJVM
INFO : Server number:		1.0.1
04 04, 2023 13:44:08 下午 cn.how2j.diytomcat.catalina.Server logJVM
INFO : OS Name	:		Windows 10
04 04, 2023 13:44:08 下午 cn.how2j.diytomcat.catalina.Server logJVM
INFO : OS Version:		10.0
04 04, 2023 13:44:08 下午 cn.how2j.diytomcat.catalina.Server logJVM
INFO : Architecture:		x86
04 04, 2023 13:44:08 下午 cn.how2j.diytomcat.catalina.Server logJVM
INFO : Java Home:		D:\soft\Java\jdk-8\jre
04 04, 2023 13:44:08 下午 cn.how2j.diytomcat.catalina.Server logJVM
INFO : JVM Version:		1.8.0_65-b17
04 04, 2023 13:44:08 下午 cn.how2j.diytomcat.catalina.Server logJVM
INFO : JVM Vendor:		Oracle Corporation
04 04, 2023 13:44:08 下午 cn.how2j.diytomcat.catalina.Connector init
INFO : Initializing ProtocolHandler [http-bio-18080]
04 04, 2023 13:44:08 下午 cn.how2j.diytomcat.catalina.Connector init
INFO : Initializing ProtocolHandler [http-bio-18081]
04 04, 2023 13:44:08 下午 cn.how2j.diytomcat.catalina.Connector init
INFO : Initializing ProtocolHandler [http-bio-18082]
04 04, 2023 13:44:08 下午 cn.how2j.diytomcat.catalina.Service init
INFO : Initialization processed in 1 ms
04 04, 2023 13:44:08 下午 cn.how2j.diytomcat.catalina.Connector start
INFO : Starting ProtocolHandler [http-bio-18080]
04 04, 2023 13:44:08 下午 cn.how2j.diytomcat.catalina.Connector start
INFO : Starting ProtocolHandler [http-bio-18081]
04 04, 2023 13:44:08 下午 cn.how2j.diytomcat.catalina.Connector start
INFO : Starting ProtocolHandler [http-bio-18082]
04 04, 2023 13:44:08 下午 cn.how2j.diytomcat.catalina.Server start
INFO : Server startup in 4 ms
04 04, 2023 13:45:46 下午 cn.how2j.diytomcat.catalina.Connector error
ERROR: this is a deliberately created exception
java.lang.RuntimeException: this is a deliberately created exception
	at cn.how2j.diytomcat.catalina.Connector.lambda$run$0(Connector.java:57)
	at java.util.concurrent.ThreadPoolExecutor.runWorker(ThreadPoolExecutor.java:1142)
	at java.util.concurrent.ThreadPoolExecutor$Worker.run(ThreadPoolExecutor.java:617)
	at java.lang.Thread.run(Thread.java:745)
04 04, 2023 13:46:04 下午 cn.how2j.diytomcat.catalina.Connector error
ERROR: this is a deliberately created exception
java.lang.RuntimeException: this is a deliberately created exception
	at cn.how2j.diytomcat.catalina.Connector.lambda$run$0(Connector.java:57)
	at java.util.concurrent.ThreadPoolExecutor.runWorker(ThreadPoolExecutor.java:1142)
	at java.util.concurrent.ThreadPoolExecutor$Worker.run(ThreadPoolExecutor.java:617)
	at java.lang.Thread.run(Thread.java:745)
04 04, 2023 13:46:13 下午 cn.how2j.diytomcat.catalina.Connector error
ERROR: this is a deliberately created exception
java.lang.RuntimeException: this is a deliberately created exception
	at cn.how2j.diytomcat.catalina.Connector.lambda$run$0(Connector.java:57)
	at java.util.concurrent.ThreadPoolExecutor.runWorker(ThreadPoolExecutor.java:1142)
	at java.util.concurrent.ThreadPoolExecutor$Worker.run(ThreadPoolExecutor.java:617)
	at java.lang.Thread.run(Thread.java:745)
04 04, 2023 13:46:44 下午 cn.how2j.diytomcat.catalina.Connector error
ERROR: this is a deliberately created exception
java.lang.RuntimeException: this is a deliberately created exception
	at cn.how2j.diytomcat.catalina.Connector.lambda$run$0(Connector.java:57)
	at java.util.concurrent.ThreadPoolExecutor.runWorker(ThreadPoolExecutor.java:1142)
	at java.util.concurrent.ThreadPoolExecutor$Worker.run(ThreadPoolExecutor.java:617)
	at java.lang.Thread.run(Thread.java:745)
04 04, 2023 13:46:52 下午 cn.how2j.diytomcat.catalina.Connector error
ERROR: this is a deliberately created exception
java.lang.RuntimeException: this is a deliberately created exception
	at cn.how2j.diytomcat.catalina.Connector.lambda$run$0(Connector.java:57)
	at java.util.concurrent.ThreadPoolExecutor.runWorker(ThreadPoolExecutor.java:1142)
	at java.util.concurrent.ThreadPoolExecutor$Worker.run(ThreadPoolExecutor.java:617)
	at java.lang.Thread.run(Thread.java:745)
04 04, 2023 15:15:42 下午 cn.how2j.diytomcat.catalina.Context <init>
INFO : Deploying web application directory D:\project\diytomcat\webapps\a
04 04, 2023 15:15:42 下午 cn.how2j.diytomcat.catalina.Context <init>
INFO : Deployment of web application directory D:\project\diytomcat\webapps\a has finished in 111 ms
04 04, 2023 15:15:42 下午 cn.how2j.diytomcat.catalina.Context <init>
INFO : Deploying web application directory D:\project\diytomcat\webapps\ROOT
04 04, 2023 15:15:42 下午 cn.how2j.diytomcat.catalina.Context <init>
INFO : Deployment of web application directory D:\project\diytomcat\webapps\ROOT has finished in 1 ms
04 04, 2023 15:15:42 下午 cn.how2j.diytomcat.catalina.Context <init>
INFO : Deploying web application directory d:/project/diytomcat/b
04 04, 2023 15:15:42 下午 cn.how2j.diytomcat.catalina.Context <init>
INFO : Deployment of web application directory d:/project/diytomcat/b has finished in 0 ms
04 04, 2023 15:15:42 下午 cn.how2j.diytomcat.catalina.Server logJVM
INFO : Server version:		How2J DiyTomcat/1.0.1
04 04, 2023 15:15:42 下午 cn.how2j.diytomcat.catalina.Server logJVM
INFO : Server built:		2020-04-08 10:20:22
04 04, 2023 15:15:42 下午 cn.how2j.diytomcat.catalina.Server logJVM
INFO : Server number:		1.0.1
04 04, 2023 15:15:42 下午 cn.how2j.diytomcat.catalina.Server logJVM
INFO : OS Name	:		Windows 10
04 04, 2023 15:15:42 下午 cn.how2j.diytomcat.catalina.Server logJVM
INFO : OS Version:		10.0
04 04, 2023 15:15:42 下午 cn.how2j.diytomcat.catalina.Server logJVM
INFO : Architecture:		x86
04 04, 2023 15:15:42 下午 cn.how2j.diytomcat.catalina.Server logJVM
INFO : Java Home:		D:\soft\Java\jdk-8\jre
04 04, 2023 15:15:42 下午 cn.how2j.diytomcat.catalina.Server logJVM
INFO : JVM Version:		1.8.0_65-b17
04 04, 2023 15:15:42 下午 cn.how2j.diytomcat.catalina.Server logJVM
INFO : JVM Vendor:		Oracle Corporation
04 04, 2023 15:15:42 下午 cn.how2j.diytomcat.catalina.Connector init
INFO : Initializing ProtocolHandler [http-bio-18080]
04 04, 2023 15:15:42 下午 cn.how2j.diytomcat.catalina.Connector init
INFO : Initializing ProtocolHandler [http-bio-18081]
04 04, 2023 15:15:42 下午 cn.how2j.diytomcat.catalina.Connector init
INFO : Initializing ProtocolHandler [http-bio-18082]
04 04, 2023 15:15:42 下午 cn.how2j.diytomcat.catalina.Service init
INFO : Initialization processed in 2 ms
04 04, 2023 15:15:42 下午 cn.how2j.diytomcat.catalina.Connector start
INFO : Starting ProtocolHandler [http-bio-18080]
04 04, 2023 15:15:42 下午 cn.how2j.diytomcat.catalina.Connector start
INFO : Starting ProtocolHandler [http-bio-18081]
04 04, 2023 15:15:42 下午 cn.how2j.diytomcat.catalina.Connector start
INFO : Starting ProtocolHandler [http-bio-18082]
04 04, 2023 15:15:42 下午 cn.how2j.diytomcat.catalina.Server start
INFO : Server startup in 5 ms
04 04, 2023 16:04:32 下午 cn.how2j.diytomcat.catalina.Context <init>
INFO : Deploying web application directory D:\project\diytomcat\webapps\a
04 04, 2023 16:04:32 下午 cn.how2j.diytomcat.catalina.Context <init>
INFO : Deployment of web application directory D:\project\diytomcat\webapps\a has finished in 87 ms
04 04, 2023 16:04:32 下午 cn.how2j.diytomcat.catalina.Context <init>
INFO : Deploying web application directory D:\project\diytomcat\webapps\ROOT
04 04, 2023 16:04:32 下午 cn.how2j.diytomcat.catalina.Context <init>
INFO : Deployment of web application directory D:\project\diytomcat\webapps\ROOT has finished in 1 ms
04 04, 2023 16:04:32 下午 cn.how2j.diytomcat.catalina.Context <init>
INFO : Deploying web application directory d:/project/diytomcat/b
04 04, 2023 16:04:32 下午 cn.how2j.diytomcat.catalina.Context <init>
INFO : Deployment of web application directory d:/project/diytomcat/b has finished in 0 ms
04 04, 2023 16:04:32 下午 cn.how2j.diytomcat.catalina.Server logJVM
INFO : Server version:		How2J DiyTomcat/1.0.1
04 04, 2023 16:04:32 下午 cn.how2j.diytomcat.catalina.Server logJVM
INFO : Server built:		2020-04-08 10:20:22
04 04, 2023 16:04:32 下午 cn.how2j.diytomcat.catalina.Server logJVM
INFO : Server number:		1.0.1
04 04, 2023 16:04:32 下午 cn.how2j.diytomcat.catalina.Server logJVM
INFO : OS Name	:		Windows 10
04 04, 2023 16:04:32 下午 cn.how2j.diytomcat.catalina.Server logJVM
INFO : OS Version:		10.0
04 04, 2023 16:04:32 下午 cn.how2j.diytomcat.catalina.Server logJVM
INFO : Architecture:		x86
04 04, 2023 16:04:32 下午 cn.how2j.diytomcat.catalina.Server logJVM
INFO : Java Home:		D:\soft\Java\jdk-8\jre
04 04, 2023 16:04:32 下午 cn.how2j.diytomcat.catalina.Server logJVM
INFO : JVM Version:		1.8.0_65-b17
04 04, 2023 16:04:32 下午 cn.how2j.diytomcat.catalina.Server logJVM
INFO : JVM Vendor:		Oracle Corporation
04 04, 2023 16:04:32 下午 cn.how2j.diytomcat.catalina.Connector init
INFO : Initializing ProtocolHandler [http-bio-18080]
04 04, 2023 16:04:32 下午 cn.how2j.diytomcat.catalina.Connector init
INFO : Initializing ProtocolHandler [http-bio-18081]
04 04, 2023 16:04:32 下午 cn.how2j.diytomcat.catalina.Connector init
INFO : Initializing ProtocolHandler [http-bio-18082]
04 04, 2023 16:04:32 下午 cn.how2j.diytomcat.catalina.Service init
INFO : Initialization processed in 2 ms
04 04, 2023 16:04:32 下午 cn.how2j.diytomcat.catalina.Connector start
INFO : Starting ProtocolHandler [http-bio-18080]
04 04, 2023 16:04:32 下午 cn.how2j.diytomcat.catalina.Connector start
INFO : Starting ProtocolHandler [http-bio-18081]
04 04, 2023 16:04:32 下午 cn.how2j.diytomcat.catalina.Connector start
INFO : Starting ProtocolHandler [http-bio-18082]
04 04, 2023 16:04:32 下午 cn.how2j.diytomcat.catalina.Server start
INFO : Server startup in 5 ms
04 04, 2023 17:00:12 下午 cn.how2j.diytomcat.catalina.Context <init>
INFO : Deploying web application directory D:\project\diytomcat\webapps\a
04 04, 2023 17:00:12 下午 cn.how2j.diytomcat.catalina.Context <init>
INFO : Deployment of web application directory D:\project\diytomcat\webapps\a has finished in 98 ms
04 04, 2023 17:00:12 下午 cn.how2j.diytomcat.catalina.Context <init>
INFO : Deploying web application directory D:\project\diytomcat\webapps\ROOT
04 04, 2023 17:00:12 下午 cn.how2j.diytomcat.catalina.Context <init>
INFO : Deployment of web application directory D:\project\diytomcat\webapps\ROOT has finished in 1 ms
04 04, 2023 17:00:12 下午 cn.how2j.diytomcat.catalina.Context <init>
INFO : Deploying web application directory d:/project/diytomcat/b
04 04, 2023 17:00:12 下午 cn.how2j.diytomcat.catalina.Context <init>
INFO : Deployment of web application directory d:/project/diytomcat/b has finished in 0 ms
04 04, 2023 17:00:12 下午 cn.how2j.diytomcat.catalina.Server logJVM
INFO : Server version:		How2J DiyTomcat/1.0.1
04 04, 2023 17:00:12 下午 cn.how2j.diytomcat.catalina.Server logJVM
INFO : Server built:		2020-04-08 10:20:22
04 04, 2023 17:00:12 下午 cn.how2j.diytomcat.catalina.Server logJVM
INFO : Server number:		1.0.1
04 04, 2023 17:00:12 下午 cn.how2j.diytomcat.catalina.Server logJVM
INFO : OS Name	:		Windows 10
04 04, 2023 17:00:12 下午 cn.how2j.diytomcat.catalina.Server logJVM
INFO : OS Version:		10.0
04 04, 2023 17:00:12 下午 cn.how2j.diytomcat.catalina.Server logJVM
INFO : Architecture:		x86
04 04, 2023 17:00:12 下午 cn.how2j.diytomcat.catalina.Server logJVM
INFO : Java Home:		D:\soft\Java\jdk-8\jre
04 04, 2023 17:00:12 下午 cn.how2j.diytomcat.catalina.Server logJVM
INFO : JVM Version:		1.8.0_65-b17
04 04, 2023 17:00:12 下午 cn.how2j.diytomcat.catalina.Server logJVM
INFO : JVM Vendor:		Oracle Corporation
04 04, 2023 17:00:12 下午 cn.how2j.diytomcat.catalina.Connector init
INFO : Initializing ProtocolHandler [http-bio-18080]
04 04, 2023 17:00:12 下午 cn.how2j.diytomcat.catalina.Connector init
INFO : Initializing ProtocolHandler [http-bio-18081]
04 04, 2023 17:00:12 下午 cn.how2j.diytomcat.catalina.Connector init
INFO : Initializing ProtocolHandler [http-bio-18082]
04 04, 2023 17:00:12 下午 cn.how2j.diytomcat.catalina.Service init
INFO : Initialization processed in 1 ms
04 04, 2023 17:00:12 下午 cn.how2j.diytomcat.catalina.Connector start
INFO : Starting ProtocolHandler [http-bio-18080]
04 04, 2023 17:00:12 下午 cn.how2j.diytomcat.catalina.Connector start
INFO : Starting ProtocolHandler [http-bio-18081]
04 04, 2023 17:00:12 下午 cn.how2j.diytomcat.catalina.Connector start
INFO : Starting ProtocolHandler [http-bio-18082]
04 04, 2023 17:00:12 下午 cn.how2j.diytomcat.catalina.Server start
INFO : Server startup in 4 ms
04 04, 2023 19:35:05 下午 cn.how2j.diytomcat.catalina.Context <init>
INFO : Deploying web application directory D:\project\diytomcat\webapps\a
04 04, 2023 19:35:05 下午 cn.how2j.diytomcat.catalina.Context <init>
INFO : Deployment of web application directory D:\project\diytomcat\webapps\a has finished in 62 ms
04 04, 2023 19:35:05 下午 cn.how2j.diytomcat.catalina.Context <init>
INFO : Deploying web application directory D:\project\diytomcat\webapps\ROOT
04 04, 2023 19:35:05 下午 cn.how2j.diytomcat.catalina.Context <init>
INFO : Deployment of web application directory D:\project\diytomcat\webapps\ROOT has finished in 1 ms
04 04, 2023 19:35:05 下午 cn.how2j.diytomcat.catalina.Context <init>
INFO : Deploying web application directory d:/project/diytomcat/b
04 04, 2023 19:35:05 下午 cn.how2j.diytomcat.catalina.Context <init>
INFO : Deployment of web application directory d:/project/diytomcat/b has finished in 1 ms
04 04, 2023 19:35:05 下午 cn.how2j.diytomcat.catalina.Server logJVM
INFO : Server version:		How2J DiyTomcat/1.0.1
04 04, 2023 19:35:05 下午 cn.how2j.diytomcat.catalina.Server logJVM
INFO : Server built:		2020-04-08 10:20:22
04 04, 2023 19:35:05 下午 cn.how2j.diytomcat.catalina.Server logJVM
INFO : Server number:		1.0.1
04 04, 2023 19:35:05 下午 cn.how2j.diytomcat.catalina.Server logJVM
INFO : OS Name	:		Windows 10
04 04, 2023 19:35:05 下午 cn.how2j.diytomcat.catalina.Server logJVM
INFO : OS Version:		10.0
04 04, 2023 19:35:05 下午 cn.how2j.diytomcat.catalina.Server logJVM
INFO : Architecture:		x86
04 04, 2023 19:35:05 下午 cn.how2j.diytomcat.catalina.Server logJVM
INFO : Java Home:		D:\soft\Java\jdk-8\jre
04 04, 2023 19:35:05 下午 cn.how2j.diytomcat.catalina.Server logJVM
INFO : JVM Version:		1.8.0_65-b17
04 04, 2023 19:35:05 下午 cn.how2j.diytomcat.catalina.Server logJVM
INFO : JVM Vendor:		Oracle Corporation
04 04, 2023 19:35:05 下午 cn.how2j.diytomcat.catalina.Connector init
INFO : Initializing ProtocolHandler [http-bio-18080]
04 04, 2023 19:35:05 下午 cn.how2j.diytomcat.catalina.Connector init
INFO : Initializing ProtocolHandler [http-bio-18081]
04 04, 2023 19:35:05 下午 cn.how2j.diytomcat.catalina.Connector init
INFO : Initializing ProtocolHandler [http-bio-18082]
04 04, 2023 19:35:05 下午 cn.how2j.diytomcat.catalina.Service init
INFO : Initialization processed in 1 ms
04 04, 2023 19:35:05 下午 cn.how2j.diytomcat.catalina.Connector start
INFO : Starting ProtocolHandler [http-bio-18080]
04 04, 2023 19:35:05 下午 cn.how2j.diytomcat.catalina.Connector start
INFO : Starting ProtocolHandler [http-bio-18081]
04 04, 2023 19:35:05 下午 cn.how2j.diytomcat.catalina.Connector start
INFO : Starting ProtocolHandler [http-bio-18082]
04 04, 2023 19:35:05 下午 cn.how2j.diytomcat.catalina.Server start
INFO : Server startup in 3 ms
04 04, 2023 22:09:16 下午 cn.how2j.diytomcat.catalina.Context deploy
INFO : Deploying web application directory D:\project\diytomcat\webapps\a
04 04, 2023 22:09:16 下午 cn.how2j.diytomcat.catalina.Context deploy
INFO : Deployment of web application directory D:\project\diytomcat\webapps\a has finished in 104 ms
04 04, 2023 22:09:16 下午 cn.how2j.diytomcat.catalina.Context deploy
INFO : Deploying web application directory D:\project\diytomcat\webapps\j2ee
04 04, 2023 22:09:16 下午 cn.how2j.diytomcat.catalina.Context deploy
INFO : Deployment of web application directory D:\project\diytomcat\webapps\j2ee has finished in 4 ms
04 04, 2023 22:09:16 下午 cn.how2j.diytomcat.catalina.Context deploy
INFO : Deploying web application directory D:\project\diytomcat\webapps\ROOT
04 04, 2023 22:09:16 下午 cn.how2j.diytomcat.catalina.Context deploy
INFO : Deployment of web application directory D:\project\diytomcat\webapps\ROOT has finished in 0 ms
04 04, 2023 22:09:16 下午 cn.how2j.diytomcat.catalina.Context deploy
INFO : Deploying web application directory d:/project/diytomcat/b
04 04, 2023 22:09:16 下午 cn.how2j.diytomcat.catalina.Context deploy
INFO : Deployment of web application directory d:/project/diytomcat/b has finished in 0 ms
04 04, 2023 22:09:16 下午 cn.how2j.diytomcat.catalina.Server logJVM
INFO : Server version:		How2J DiyTomcat/1.0.1
04 04, 2023 22:09:16 下午 cn.how2j.diytomcat.catalina.Server logJVM
INFO : Server built:		2020-04-08 10:20:22
04 04, 2023 22:09:16 下午 cn.how2j.diytomcat.catalina.Server logJVM
INFO : Server number:		1.0.1
04 04, 2023 22:09:16 下午 cn.how2j.diytomcat.catalina.Server logJVM
INFO : OS Name	:		Windows 10
04 04, 2023 22:09:16 下午 cn.how2j.diytomcat.catalina.Server logJVM
INFO : OS Version:		10.0
04 04, 2023 22:09:16 下午 cn.how2j.diytomcat.catalina.Server logJVM
INFO : Architecture:		x86
04 04, 2023 22:09:16 下午 cn.how2j.diytomcat.catalina.Server logJVM
INFO : Java Home:		D:\soft\Java\jdk-8\jre
04 04, 2023 22:09:16 下午 cn.how2j.diytomcat.catalina.Server logJVM
INFO : JVM Version:		1.8.0_65-b17
04 04, 2023 22:09:16 下午 cn.how2j.diytomcat.catalina.Server logJVM
INFO : JVM Vendor:		Oracle Corporation
04 04, 2023 22:09:16 下午 cn.how2j.diytomcat.catalina.Connector init
INFO : Initializing ProtocolHandler [http-bio-18080]
04 04, 2023 22:09:16 下午 cn.how2j.diytomcat.catalina.Connector init
INFO : Initializing ProtocolHandler [http-bio-18081]
04 04, 2023 22:09:16 下午 cn.how2j.diytomcat.catalina.Connector init
INFO : Initializing ProtocolHandler [http-bio-18082]
04 04, 2023 22:09:16 下午 cn.how2j.diytomcat.catalina.Service init
INFO : Initialization processed in 0 ms
04 04, 2023 22:09:16 下午 cn.how2j.diytomcat.catalina.Connector start
INFO : Starting ProtocolHandler [http-bio-18080]
04 04, 2023 22:09:16 下午 cn.how2j.diytomcat.catalina.Connector start
INFO : Starting ProtocolHandler [http-bio-18081]
04 04, 2023 22:09:16 下午 cn.how2j.diytomcat.catalina.Connector start
INFO : Starting ProtocolHandler [http-bio-18082]
04 04, 2023 22:09:16 下午 cn.how2j.diytomcat.catalina.Server start
INFO : Server startup in 4 ms
04 04, 2023 22:10:20 下午 cn.how2j.diytomcat.catalina.Context deploy
INFO : Deploying web application directory D:\project\diytomcat\webapps\a
04 04, 2023 22:10:20 下午 cn.how2j.diytomcat.catalina.Context deploy
INFO : Deployment of web application directory D:\project\diytomcat\webapps\a has finished in 97 ms
04 04, 2023 22:10:20 下午 cn.how2j.diytomcat.catalina.Context deploy
INFO : Deploying web application directory D:\project\diytomcat\webapps\j2ee
04 04, 2023 22:10:20 下午 cn.how2j.diytomcat.catalina.Context deploy
INFO : Deployment of web application directory D:\project\diytomcat\webapps\j2ee has finished in 3 ms
04 04, 2023 22:10:20 下午 cn.how2j.diytomcat.catalina.Context deploy
INFO : Deploying web application directory D:\project\diytomcat\webapps\ROOT
04 04, 2023 22:10:20 下午 cn.how2j.diytomcat.catalina.Context deploy
INFO : Deployment of web application directory D:\project\diytomcat\webapps\ROOT has finished in 1 ms
04 04, 2023 22:10:20 下午 cn.how2j.diytomcat.catalina.Context deploy
INFO : Deploying web application directory d:/project/diytomcat/b
04 04, 2023 22:10:20 下午 cn.how2j.diytomcat.catalina.Context deploy
INFO : Deployment of web application directory d:/project/diytomcat/b has finished in 1 ms
04 04, 2023 22:10:20 下午 cn.how2j.diytomcat.catalina.Server logJVM
INFO : Server version:		How2J DiyTomcat/1.0.1
04 04, 2023 22:10:20 下午 cn.how2j.diytomcat.catalina.Server logJVM
INFO : Server built:		2020-04-08 10:20:22
04 04, 2023 22:10:20 下午 cn.how2j.diytomcat.catalina.Server logJVM
INFO : Server number:		1.0.1
04 04, 2023 22:10:20 下午 cn.how2j.diytomcat.catalina.Server logJVM
INFO : OS Name	:		Windows 10
04 04, 2023 22:10:20 下午 cn.how2j.diytomcat.catalina.Server logJVM
INFO : OS Version:		10.0
04 04, 2023 22:10:20 下午 cn.how2j.diytomcat.catalina.Server logJVM
INFO : Architecture:		x86
04 04, 2023 22:10:20 下午 cn.how2j.diytomcat.catalina.Server logJVM
INFO : Java Home:		D:\soft\Java\jdk-8\jre
04 04, 2023 22:10:20 下午 cn.how2j.diytomcat.catalina.Server logJVM
INFO : JVM Version:		1.8.0_65-b17
04 04, 2023 22:10:20 下午 cn.how2j.diytomcat.catalina.Server logJVM
INFO : JVM Vendor:		Oracle Corporation
04 04, 2023 22:10:20 下午 cn.how2j.diytomcat.catalina.Connector init
INFO : Initializing ProtocolHandler [http-bio-18080]
04 04, 2023 22:10:20 下午 cn.how2j.diytomcat.catalina.Connector init
INFO : Initializing ProtocolHandler [http-bio-18081]
04 04, 2023 22:10:20 下午 cn.how2j.diytomcat.catalina.Connector init
INFO : Initializing ProtocolHandler [http-bio-18082]
04 04, 2023 22:10:20 下午 cn.how2j.diytomcat.catalina.Service init
INFO : Initialization processed in 0 ms
04 04, 2023 22:10:20 下午 cn.how2j.diytomcat.catalina.Connector start
INFO : Starting ProtocolHandler [http-bio-18080]
04 04, 2023 22:10:20 下午 cn.how2j.diytomcat.catalina.Connector start
INFO : Starting ProtocolHandler [http-bio-18081]
04 04, 2023 22:10:20 下午 cn.how2j.diytomcat.catalina.Connector start
INFO : Starting ProtocolHandler [http-bio-18082]
04 04, 2023 22:10:20 下午 cn.how2j.diytomcat.catalina.Server start
INFO : Server startup in 4 ms
04 04, 2023 22:15:08 下午 cn.how2j.diytomcat.catalina.Context deploy
INFO : Deploying web application directory D:\project\diytomcat\webapps\a
04 04, 2023 22:15:08 下午 cn.how2j.diytomcat.catalina.Context deploy
INFO : Deployment of web application directory D:\project\diytomcat\webapps\a has finished in 77 ms
04 04, 2023 22:15:08 下午 cn.how2j.diytomcat.catalina.Context deploy
INFO : Deploying web application directory D:\project\diytomcat\webapps\j2ee
04 04, 2023 22:15:08 下午 cn.how2j.diytomcat.catalina.Context deploy
INFO : Deployment of web application directory D:\project\diytomcat\webapps\j2ee has finished in 2 ms
04 04, 2023 22:15:08 下午 cn.how2j.diytomcat.catalina.Context deploy
INFO : Deploying web application directory D:\project\diytomcat\webapps\ROOT
04 04, 2023 22:15:08 下午 cn.how2j.diytomcat.catalina.Context deploy
INFO : Deployment of web application directory D:\project\diytomcat\webapps\ROOT has finished in 0 ms
04 04, 2023 22:15:08 下午 cn.how2j.diytomcat.catalina.Context deploy
INFO : Deploying web application directory d:/project/diytomcat/b
04 04, 2023 22:15:08 下午 cn.how2j.diytomcat.catalina.Context deploy
INFO : Deployment of web application directory d:/project/diytomcat/b has finished in 0 ms
04 04, 2023 22:15:08 下午 cn.how2j.diytomcat.catalina.Server logJVM
INFO : Server version:		How2J DiyTomcat/1.0.1
04 04, 2023 22:15:08 下午 cn.how2j.diytomcat.catalina.Server logJVM
INFO : Server built:		2020-04-08 10:20:22
04 04, 2023 22:15:08 下午 cn.how2j.diytomcat.catalina.Server logJVM
INFO : Server number:		1.0.1
04 04, 2023 22:15:08 下午 cn.how2j.diytomcat.catalina.Server logJVM
INFO : OS Name	:		Windows 10
04 04, 2023 22:15:08 下午 cn.how2j.diytomcat.catalina.Server logJVM
INFO : OS Version:		10.0
04 04, 2023 22:15:08 下午 cn.how2j.diytomcat.catalina.Server logJVM
INFO : Architecture:		x86
04 04, 2023 22:15:08 下午 cn.how2j.diytomcat.catalina.Server logJVM
INFO : Java Home:		D:\soft\Java\jdk-8\jre
04 04, 2023 22:15:08 下午 cn.how2j.diytomcat.catalina.Server logJVM
INFO : JVM Version:		1.8.0_65-b17
04 04, 2023 22:15:08 下午 cn.how2j.diytomcat.catalina.Server logJVM
INFO : JVM Vendor:		Oracle Corporation
04 04, 2023 22:15:08 下午 cn.how2j.diytomcat.catalina.Connector init
INFO : Initializing ProtocolHandler [http-bio-18080]
04 04, 2023 22:15:08 下午 cn.how2j.diytomcat.catalina.Connector init
INFO : Initializing ProtocolHandler [http-bio-18081]
04 04, 2023 22:15:08 下午 cn.how2j.diytomcat.catalina.Connector init
INFO : Initializing ProtocolHandler [http-bio-18082]
04 04, 2023 22:15:08 下午 cn.how2j.diytomcat.catalina.Service init
INFO : Initialization processed in 1 ms
04 04, 2023 22:15:08 下午 cn.how2j.diytomcat.catalina.Connector start
INFO : Starting ProtocolHandler [http-bio-18080]
04 04, 2023 22:15:08 下午 cn.how2j.diytomcat.catalina.Connector start
INFO : Starting ProtocolHandler [http-bio-18081]
04 04, 2023 22:15:08 下午 cn.how2j.diytomcat.catalina.Connector start
INFO : Starting ProtocolHandler [http-bio-18082]
04 04, 2023 22:15:08 下午 cn.how2j.diytomcat.catalina.Server start
INFO : Server startup in 6 ms
04 04, 2023 22:15:31 下午 cn.how2j.diytomcat.catalina.Context deploy
INFO : Deploying web application directory D:\project\diytomcat\webapps\a
04 04, 2023 22:15:31 下午 cn.how2j.diytomcat.catalina.Context deploy
INFO : Deployment of web application directory D:\project\diytomcat\webapps\a has finished in 102 ms
04 04, 2023 22:15:31 下午 cn.how2j.diytomcat.catalina.Context deploy
INFO : Deploying web application directory D:\project\diytomcat\webapps\j2ee
04 04, 2023 22:15:31 下午 cn.how2j.diytomcat.catalina.Context deploy
INFO : Deployment of web application directory D:\project\diytomcat\webapps\j2ee has finished in 4 ms
04 04, 2023 22:15:31 下午 cn.how2j.diytomcat.catalina.Context deploy
INFO : Deploying web application directory D:\project\diytomcat\webapps\ROOT
04 04, 2023 22:15:31 下午 cn.how2j.diytomcat.catalina.Context deploy
INFO : Deployment of web application directory D:\project\diytomcat\webapps\ROOT has finished in 0 ms
04 04, 2023 22:15:31 下午 cn.how2j.diytomcat.catalina.Context deploy
INFO : Deploying web application directory d:/project/diytomcat/b
04 04, 2023 22:15:31 下午 cn.how2j.diytomcat.catalina.Context deploy
INFO : Deployment of web application directory d:/project/diytomcat/b has finished in 0 ms
04 04, 2023 22:15:31 下午 cn.how2j.diytomcat.catalina.Server logJVM
INFO : Server version:		How2J DiyTomcat/1.0.1
04 04, 2023 22:15:31 下午 cn.how2j.diytomcat.catalina.Server logJVM
INFO : Server built:		2020-04-08 10:20:22
04 04, 2023 22:15:31 下午 cn.how2j.diytomcat.catalina.Server logJVM
INFO : Server number:		1.0.1
04 04, 2023 22:15:31 下午 cn.how2j.diytomcat.catalina.Server logJVM
INFO : OS Name	:		Windows 10
04 04, 2023 22:15:31 下午 cn.how2j.diytomcat.catalina.Server logJVM
INFO : OS Version:		10.0
04 04, 2023 22:15:31 下午 cn.how2j.diytomcat.catalina.Server logJVM
INFO : Architecture:		x86
04 04, 2023 22:15:31 下午 cn.how2j.diytomcat.catalina.Server logJVM
INFO : Java Home:		D:\soft\Java\jdk-8\jre
04 04, 2023 22:15:31 下午 cn.how2j.diytomcat.catalina.Server logJVM
INFO : JVM Version:		1.8.0_65-b17
04 04, 2023 22:15:31 下午 cn.how2j.diytomcat.catalina.Server logJVM
INFO : JVM Vendor:		Oracle Corporation
04 04, 2023 22:15:31 下午 cn.how2j.diytomcat.catalina.Connector init
INFO : Initializing ProtocolHandler [http-bio-18080]
04 04, 2023 22:15:31 下午 cn.how2j.diytomcat.catalina.Connector init
INFO : Initializing ProtocolHandler [http-bio-18081]
04 04, 2023 22:15:31 下午 cn.how2j.diytomcat.catalina.Connector init
INFO : Initializing ProtocolHandler [http-bio-18082]
04 04, 2023 22:15:31 下午 cn.how2j.diytomcat.catalina.Service init
INFO : Initialization processed in 0 ms
04 04, 2023 22:15:31 下午 cn.how2j.diytomcat.catalina.Connector start
INFO : Starting ProtocolHandler [http-bio-18080]
04 04, 2023 22:15:31 下午 cn.how2j.diytomcat.catalina.Connector start
INFO : Starting ProtocolHandler [http-bio-18081]
04 04, 2023 22:15:31 下午 cn.how2j.diytomcat.catalina.Connector start
INFO : Starting ProtocolHandler [http-bio-18082]
04 04, 2023 22:15:31 下午 cn.how2j.diytomcat.catalina.Server start
INFO : Server startup in 5 ms
04 04, 2023 22:16:27 下午 cn.how2j.diytomcat.catalina.Context deploy
INFO : Deploying web application directory D:\project\diytomcat\webapps\a
04 04, 2023 22:16:27 下午 cn.how2j.diytomcat.catalina.Context deploy
INFO : Deployment of web application directory D:\project\diytomcat\webapps\a has finished in 122 ms
04 04, 2023 22:16:27 下午 cn.how2j.diytomcat.catalina.Context deploy
INFO : Deploying web application directory D:\project\diytomcat\webapps\j2ee
04 04, 2023 22:16:27 下午 cn.how2j.diytomcat.catalina.Context deploy
INFO : Deployment of web application directory D:\project\diytomcat\webapps\j2ee has finished in 7 ms
04 04, 2023 22:16:27 下午 cn.how2j.diytomcat.catalina.Context deploy
INFO : Deploying web application directory D:\project\diytomcat\webapps\ROOT
04 04, 2023 22:16:27 下午 cn.how2j.diytomcat.catalina.Context deploy
INFO : Deployment of web application directory D:\project\diytomcat\webapps\ROOT has finished in 0 ms
04 04, 2023 22:16:27 下午 cn.how2j.diytomcat.catalina.Context deploy
INFO : Deploying web application directory d:/project/diytomcat/b
04 04, 2023 22:16:27 下午 cn.how2j.diytomcat.catalina.Context deploy
INFO : Deployment of web application directory d:/project/diytomcat/b has finished in 1 ms
04 04, 2023 22:16:27 下午 cn.how2j.diytomcat.catalina.Server logJVM
INFO : Server version:		How2J DiyTomcat/1.0.1
04 04, 2023 22:16:27 下午 cn.how2j.diytomcat.catalina.Server logJVM
INFO : Server built:		2020-04-08 10:20:22
04 04, 2023 22:16:27 下午 cn.how2j.diytomcat.catalina.Server logJVM
INFO : Server number:		1.0.1
04 04, 2023 22:16:27 下午 cn.how2j.diytomcat.catalina.Server logJVM
INFO : OS Name	:		Windows 10
04 04, 2023 22:16:27 下午 cn.how2j.diytomcat.catalina.Server logJVM
INFO : OS Version:		10.0
04 04, 2023 22:16:27 下午 cn.how2j.diytomcat.catalina.Server logJVM
INFO : Architecture:		x86
04 04, 2023 22:16:27 下午 cn.how2j.diytomcat.catalina.Server logJVM
INFO : Java Home:		D:\soft\Java\jdk-8\jre
04 04, 2023 22:16:27 下午 cn.how2j.diytomcat.catalina.Server logJVM
INFO : JVM Version:		1.8.0_65-b17
04 04, 2023 22:16:27 下午 cn.how2j.diytomcat.catalina.Server logJVM
INFO : JVM Vendor:		Oracle Corporation
04 04, 2023 22:16:27 下午 cn.how2j.diytomcat.catalina.Connector init
INFO : Initializing ProtocolHandler [http-bio-18080]
04 04, 2023 22:16:27 下午 cn.how2j.diytomcat.catalina.Connector init
INFO : Initializing ProtocolHandler [http-bio-18081]
04 04, 2023 22:16:27 下午 cn.how2j.diytomcat.catalina.Connector init
INFO : Initializing ProtocolHandler [http-bio-18082]
04 04, 2023 22:16:27 下午 cn.how2j.diytomcat.catalina.Service init
INFO : Initialization processed in 0 ms
04 04, 2023 22:16:27 下午 cn.how2j.diytomcat.catalina.Connector start
INFO : Starting ProtocolHandler [http-bio-18080]
04 04, 2023 22:16:27 下午 cn.how2j.diytomcat.catalina.Connector start
INFO : Starting ProtocolHandler [http-bio-18081]
04 04, 2023 22:16:27 下午 cn.how2j.diytomcat.catalina.Connector start
INFO : Starting ProtocolHandler [http-bio-18082]
04 04, 2023 22:16:27 下午 cn.how2j.diytomcat.catalina.Server start
INFO : Server startup in 6 ms
04 04, 2023 22:16:37 下午 cn.how2j.diytomcat.catalina.Context deploy
INFO : Deploying web application directory D:\project\diytomcat\webapps\a
04 04, 2023 22:16:37 下午 cn.how2j.diytomcat.catalina.Context deploy
INFO : Deployment of web application directory D:\project\diytomcat\webapps\a has finished in 102 ms
04 04, 2023 22:16:37 下午 cn.how2j.diytomcat.catalina.Context deploy
INFO : Deploying web application directory D:\project\diytomcat\webapps\j2ee
04 04, 2023 22:16:37 下午 cn.how2j.diytomcat.catalina.Context deploy
INFO : Deployment of web application directory D:\project\diytomcat\webapps\j2ee has finished in 4 ms
04 04, 2023 22:16:37 下午 cn.how2j.diytomcat.catalina.Context deploy
INFO : Deploying web application directory D:\project\diytomcat\webapps\ROOT
04 04, 2023 22:16:37 下午 cn.how2j.diytomcat.catalina.Context deploy
INFO : Deployment of web application directory D:\project\diytomcat\webapps\ROOT has finished in 0 ms
04 04, 2023 22:16:37 下午 cn.how2j.diytomcat.catalina.Context deploy
INFO : Deploying web application directory d:/project/diytomcat/b
04 04, 2023 22:16:37 下午 cn.how2j.diytomcat.catalina.Context deploy
INFO : Deployment of web application directory d:/project/diytomcat/b has finished in 1 ms
04 04, 2023 22:16:37 下午 cn.how2j.diytomcat.catalina.Server logJVM
INFO : Server version:		How2J DiyTomcat/1.0.1
04 04, 2023 22:16:37 下午 cn.how2j.diytomcat.catalina.Server logJVM
INFO : Server built:		2020-04-08 10:20:22
04 04, 2023 22:16:37 下午 cn.how2j.diytomcat.catalina.Server logJVM
INFO : Server number:		1.0.1
04 04, 2023 22:16:37 下午 cn.how2j.diytomcat.catalina.Server logJVM
INFO : OS Name	:		Windows 10
04 04, 2023 22:16:37 下午 cn.how2j.diytomcat.catalina.Server logJVM
INFO : OS Version:		10.0
04 04, 2023 22:16:37 下午 cn.how2j.diytomcat.catalina.Server logJVM
INFO : Architecture:		x86
04 04, 2023 22:16:37 下午 cn.how2j.diytomcat.catalina.Server logJVM
INFO : Java Home:		D:\soft\Java\jdk-8\jre
04 04, 2023 22:16:37 下午 cn.how2j.diytomcat.catalina.Server logJVM
INFO : JVM Version:		1.8.0_65-b17
04 04, 2023 22:16:37 下午 cn.how2j.diytomcat.catalina.Server logJVM
INFO : JVM Vendor:		Oracle Corporation
04 04, 2023 22:16:37 下午 cn.how2j.diytomcat.catalina.Connector init
INFO : Initializing ProtocolHandler [http-bio-18080]
04 04, 2023 22:16:37 下午 cn.how2j.diytomcat.catalina.Connector init
INFO : Initializing ProtocolHandler [http-bio-18081]
04 04, 2023 22:16:37 下午 cn.how2j.diytomcat.catalina.Connector init
INFO : Initializing ProtocolHandler [http-bio-18082]
04 04, 2023 22:16:37 下午 cn.how2j.diytomcat.catalina.Service init
INFO : Initialization processed in 1 ms
04 04, 2023 22:16:37 下午 cn.how2j.diytomcat.catalina.Connector start
INFO : Starting ProtocolHandler [http-bio-18080]
04 04, 2023 22:16:37 下午 cn.how2j.diytomcat.catalina.Connector start
INFO : Starting ProtocolHandler [http-bio-18081]
04 04, 2023 22:16:37 下午 cn.how2j.diytomcat.catalina.Connector start
INFO : Starting ProtocolHandler [http-bio-18082]
04 04, 2023 22:16:37 下午 cn.how2j.diytomcat.catalina.Server start
INFO : Server startup in 5 ms
